#
# A fatal error has been detected by the Java Runtime Environment:
#
#  SIGSEGV (0xb) at pc=0x00007f9a26b17e6e, pid=12779, tid=12793
#
# JRE version: OpenJDK Runtime Environment (11.0.7+10) (build 11.0.7+10-post-Ubuntu-2ubuntu218.04)
# Java VM: OpenJDK 64-Bit Server VM (11.0.7+10-post-Ubuntu-2ubuntu218.04, mixed mode, sharing, tiered, compressed oops, g1 gc, linux-amd64)
# Problematic frame:
# V  [libjvm.so+0xcc8e6e]
#
# Core dump will be written. Default location: Core dumps may be processed with "/usr/share/apport/apport %p %s %c %d %P %E" (or dumping to /home/xx63ll4/PathToInfinity/2.Semester/core.12779)
#
# If you would like to submit a bug report, please visit:
#   https://bugs.launchpad.net/ubuntu/+source/openjdk-lts
#

---------------  S U M M A R Y ------------

Command Line: -agentlib:jdwp=transport=dt_socket,suspend=y,address=localhost:35783 -ea -javaagent:/home/xx63ll4/.eclipse/360744286_linux_gtk_x86_64/configuration/org.eclipse.osgi/222/0/.cp/lib/javaagent-shaded.jar -Dfile.encoding=UTF-8 org.eclipse.jdt.internal.junit.runner.RemoteTestRunner -version 3 -port 46527 -testLoaderClass org.eclipse.jdt.internal.junit5.runner.JUnit5TestLoader -loaderpluginname org.eclipse.jdt.junit5.runtime -classNames Prog2.Exercises.Exercise1.FifoLifoUnitTest

Host: Intel(R) Core(TM) i7-4600U CPU @ 2.10GHz, 4 cores, 11G, Ubuntu 18.04.4 LTS
Time: Wed Jul 22 20:39:15 2020 CEST elapsed time: 534 seconds (0d 0h 8m 54s)

---------------  T H R E A D  ---------------

Current thread (0x00007f9a201c7800):  VMThread "VM Thread" [stack: 0x00007f99fc1de000,0x00007f99fc2de000] [id=12793]

Stack: [0x00007f99fc1de000,0x00007f99fc2de000],  sp=0x00007f99fc2dbf80,  free space=1015k
Native frames: (J=compiled Java code, A=aot compiled Java code, j=interpreted, Vv=VM code, C=native code)
V  [libjvm.so+0xcc8e6e]
V  [libjvm.so+0x7ba2c2]
V  [libjvm.so+0x7bbf03]
V  [libjvm.so+0x7bd62c]
V  [libjvm.so+0x7c018d]
V  [libjvm.so+0x7c0539]
V  [libjvm.so+0xbbdb8a]
V  [libjvm.so+0xbbe10b]
V  [libjvm.so+0xb4aae6]
V  [libjvm.so+0x9dfa0c]
V  [libjvm.so+0xdfa8d8]
V  [libjvm.so+0xe00a96]
V  [libjvm.so+0xe00fa0]
V  [libjvm.so+0xe01423]
V  [libjvm.so+0xd85acf]
V  [libjvm.so+0xbd59de]


siginfo: si_signo: 11 (SIGSEGV), si_code: 1 (SEGV_MAPERR), si_addr: 0x0000000000000006

Register to memory mapping:

RAX=0x0000000000000001 is an unknown value
RBX=0x0 is NULL
RCX=0x000000000000ca08 is an unknown value
RDX=0x0 is NULL
RSP=0x00007f99fc2dbf80 points into unknown readable memory: 20 c7 2d fc 99 7f 00 00
RBP=0x00007f99fc2dbfa0 points into unknown readable memory: 40 c4 2d fc 99 7f 00 00
RSI=0x0 is NULL
RDI=0x00007f99fc2dbfd0 points into unknown readable memory: 50 7c 13 27 9a 7f 00 00
R8 =0x00000000000000e4 is an unknown value
R9 =0x00007f99e8045174 points into unknown readable memory: 00 00 00 47
R10=0x00007f99e8044de0 points into unknown readable memory: 00 00 00 47 ff ff ff 8f
R11=0x00000000cfffff00 is an unknown value
R12=0x00007f99fc2dbfc0 points into unknown readable memory: e1 00 00 46 00 00 00 00
R13=0x00007f99fc2dbfd0 points into unknown readable memory: 50 7c 13 27 9a 7f 00 00
R14=0x0 is NULL
R15=0x00000000000000e4 is an unknown value


Registers:
RAX=0x0000000000000001, RBX=0x0000000000000000, RCX=0x000000000000ca08, RDX=0x0000000000000000
RSP=0x00007f99fc2dbf80, RBP=0x00007f99fc2dbfa0, RSI=0x0000000000000000, RDI=0x00007f99fc2dbfd0
R8 =0x00000000000000e4, R9 =0x00007f99e8045174, R10=0x00007f99e8044de0, R11=0x00000000cfffff00
R12=0x00007f99fc2dbfc0, R13=0x00007f99fc2dbfd0, R14=0x0000000000000000, R15=0x00000000000000e4
RIP=0x00007f9a26b17e6e, EFLAGS=0x0000000000010206, CSGSFS=0x002b000000000033, ERR=0x0000000000000004
  TRAPNO=0x000000000000000e

Top of Stack: (sp=0x00007f99fc2dbf80)
0x00007f99fc2dbf80:   00007f99fc2dc720 00007f99fc2dbfc0
0x00007f99fc2dbf90:   00007f99fc2dbfd0 0000000000000000
0x00007f99fc2dbfa0:   00007f99fc2dc440 00007f9a266092c2
0x00007f99fc2dbfb0:   0000000000000000 0000000000000001 

Instructions: (pc=0x00007f9a26b17e6e)
0x00007f9a26b17d6e:   f6 54 6d 00 48 8d 3d 67 7c 22 00 be cb 00 00 00
0x00007f9a26b17d7e:   48 8b 00 c6 00 58 e8 d7 87 98 ff e8 92 3d f0 ff
0x00007f9a26b17d8e:   eb 98 48 8b 03 48 89 df ff 50 18 83 43 14 02 eb
0x00007f9a26b17d9e:   89 90 48 8b 03 48 89 df ff 50 10 83 43 14 01 e9
0x00007f9a26b17dae:   76 ff ff ff 66 0f 1f 44 00 00 48 8b 03 48 89 df
0x00007f9a26b17dbe:   ff 50 38 83 43 14 02 e9 5e ff ff ff 66 0f 1f 44
0x00007f9a26b17dce:   00 00 48 8b 03 48 89 df ff 50 30 83 43 14 01 e9
0x00007f9a26b17dde:   46 ff ff ff 66 0f 1f 44 00 00 48 8b 03 48 89 df
0x00007f9a26b17dee:   ff 50 28 83 43 14 01 e9 2e ff ff ff 66 0f 1f 44
0x00007f9a26b17dfe:   00 00 48 8b 03 48 89 df ff 50 08 83 43 14 01 e9
0x00007f9a26b17e0e:   16 ff ff ff 66 0f 1f 44 00 00 48 8b 03 48 89 df
0x00007f9a26b17e1e:   ff 50 20 83 43 14 01 e9 fe fe ff ff 66 0f 1f 44
0x00007f9a26b17e2e:   00 00 48 8b 03 48 89 df ff 10 83 43 14 01 e9 e7
0x00007f9a26b17e3e:   fe ff ff b9 01 00 00 00 b8 01 00 00 00 e9 74 fe
0x00007f9a26b17e4e:   ff ff 55 b8 01 00 00 00 48 89 e5 41 56 41 55 41
0x00007f9a26b17e5e:   54 53 49 89 fd 48 8b 5f 08 c7 47 10 00 00 00 00
0x00007f9a26b17e6e:   80 7b 06 28 74 3c 48 8d 05 ed 53 6d 00 48 8d 15
0x00007f9a26b17e7e:   fd 7a 22 00 48 8d 3d 57 7b 22 00 b9 28 00 00 00
0x00007f9a26b17e8e:   be 35 00 00 00 48 8b 00 c6 00 58 31 c0 e8 50 84
0x00007f9a26b17e9e:   98 ff e8 7b 3c f0 ff 41 8b 45 10 49 8b 5d 08 83
0x00007f9a26b17eae:   c0 01 4c 8d 73 06 41 89 45 10 41 bc 01 00 00 00
0x00007f9a26b17ebe:   48 63 d0 41 0f b6 0c 16 80 f9 29 74 69 83 e9 42
0x00007f9a26b17ece:   80 f9 19 77 2d 4c 89 e2 48 d3 e2 f7 c2 97 01 12
0x00007f9a26b17ede:   01 0f 85 03 01 00 00 f7 c2 00 00 00 02 0f 85 07
0x00007f9a26b17eee:   01 00 00 80 e6 04 0f 85 46 01 00 00 66 0f 1f 44
0x00007f9a26b17efe:   00 00 48 8d 05 61 53 6d 00 48 8d 3d d2 7a 22 00
0x00007f9a26b17f0e:   be fe 00 00 00 48 8b 00 c6 00 58 e8 42 86 98 ff
0x00007f9a26b17f1e:   e8 fd 3b f0 ff 41 8b 45 10 48 63 d0 41 0f b6 0c
0x00007f9a26b17f2e:   16 80 f9 29 75 97 49 8b 4d 08 80 7c 11 06 29 74
0x00007f9a26b17f3e:   35 48 8d 05 22 53 6d 00 48 8d 15 32 7a 22 00 48
0x00007f9a26b17f4e:   8d 3d 8c 7a 22 00 b9 29 00 00 00 be 35 00 00 00
0x00007f9a26b17f5e:   48 8b 00 c6 00 58 31 c0 e8 85 83 98 ff e8 b0 3b 


Stack slot to memory mapping:
stack at sp + 0 slots: 0x00007f99fc2dc720 points into unknown readable memory: 00 b6 13 27 9a 7f 00 00
stack at sp + 1 slots: 0x00007f99fc2dbfc0 points into unknown readable memory: e1 00 00 46 00 00 00 00
stack at sp + 2 slots: 0x00007f99fc2dbfd0 points into unknown readable memory: 50 7c 13 27 9a 7f 00 00
stack at sp + 3 slots: 0x0 is NULL
stack at sp + 4 slots: 0x00007f99fc2dc440 points into unknown readable memory: c0 c4 2d fc 99 7f 00 00
stack at sp + 5 slots: 0x00007f9a266092c2: <offset 0x00000000007ba2c2> in /usr/lib/jvm/java-11-openjdk-amd64/lib/server/libjvm.so at 0x00007f9a25e4f000
stack at sp + 6 slots: 0x0 is NULL
stack at sp + 7 slots: 0x0000000000000001 is an unknown value

VM_Operation (0x00007f99f54c2950): GetOrSetLocal, mode: safepoint, requested by thread 0x00007f9a20239000


---------------  P R O C E S S  ---------------

Threads class SMR info:
_java_thread_list=0x00007f99ac04b520, length=13, elements={
0x00007f9a20018800, 0x00007f9a201ca800, 0x00007f9a201d4800, 0x00007f9a201db000,
0x00007f9a201dd800, 0x00007f9a201df800, 0x00007f9a201e1800, 0x00007f9a201f7800,
0x00007f9a20239000, 0x00007f9a2023d000, 0x00007f99c8001800, 0x00007f9a20377000,
0x00007f9a20442000
}

Java Threads: ( => current thread )
  0x00007f9a20018800 JavaThread "main" [_thread_blocked, id=12785, stack(0x00007f9a27fc5000,0x00007f9a280c6000)]
  0x00007f9a201ca800 JavaThread "Reference Handler" daemon [_thread_blocked, id=12794, stack(0x00007f99fc0db000,0x00007f99fc1dc000)]
  0x00007f9a201d4800 JavaThread "Finalizer" daemon [_thread_blocked, id=12795, stack(0x00007f99f5eff000,0x00007f99f6000000)]
  0x00007f9a201db000 JavaThread "Signal Dispatcher" daemon [_thread_blocked, id=12796, stack(0x00007f99f5ace000,0x00007f99f5bcf000)]
  0x00007f9a201dd800 JavaThread "C2 CompilerThread0" daemon [_thread_blocked, id=12797, stack(0x00007f99f59cd000,0x00007f99f5ace000)]
  0x00007f9a201df800 JavaThread "C1 CompilerThread0" daemon [_thread_blocked, id=12798, stack(0x00007f99f58cc000,0x00007f99f59cd000)]
  0x00007f9a201e1800 JavaThread "Sweeper thread" daemon [_thread_blocked, id=12799, stack(0x00007f99f57cb000,0x00007f99f58cc000)]
  0x00007f9a201f7800 JavaThread "Common-Cleaner" daemon [_thread_blocked, id=12800, stack(0x00007f99f56ca000,0x00007f99f57cb000)]
  0x00007f9a20239000 JavaThread "JDWP Transport Listener: dt_socket" daemon [_thread_blocked, id=12802, stack(0x00007f99f53c3000,0x00007f99f54c4000)] _threads_hazard_ptr=0x00007f99ac04b520
  0x00007f9a2023d000 JavaThread "JDWP Event Helper Thread" daemon [_thread_blocked, id=12804, stack(0x00007f99f52c2000,0x00007f99f53c3000)]
  0x00007f99c8001800 JavaThread "JDWP Command Reader" daemon [_thread_in_native, id=12806, stack(0x00007f99f51c1000,0x00007f99f52c2000)]
  0x00007f9a20377000 JavaThread "Service Thread" daemon [_thread_blocked, id=12809, stack(0x00007f99f4c98000,0x00007f99f4d99000)]
  0x00007f9a20442000 JavaThread "ReaderThread" [_thread_in_native, id=12812, stack(0x00007f99f4791000,0x00007f99f4892000)]

Other Threads:
=>0x00007f9a201c7800 VMThread "VM Thread" [stack: 0x00007f99fc1de000,0x00007f99fc2de000] [id=12793]
  0x00007f9a2037c000 WatcherThread [stack: 0x00007f99f4b98000,0x00007f99f4c98000] [id=12810]
  0x00007f9a20031800 GCTaskThread "GC Thread#0" [stack: 0x00007f9a08431000,0x00007f9a08531000] [id=12787]
  0x00007f99e8001000 GCTaskThread "GC Thread#1" [stack: 0x00007f99f4691000,0x00007f99f4791000] [id=12813]
  0x00007f99e8002800 GCTaskThread "GC Thread#2" [stack: 0x00007f99f458f000,0x00007f99f468f000] [id=12814]
  0x00007f99e8004800 GCTaskThread "GC Thread#3" [stack: 0x00007f99f448d000,0x00007f99f458d000] [id=12815]
  0x00007f9a20077800 ConcurrentGCThread "G1 Main Marker" [stack: 0x00007f99fd26b000,0x00007f99fd36b000] [id=12788]
  0x00007f9a20079800 ConcurrentGCThread "G1 Conc#0" [stack: 0x00007f99fd169000,0x00007f99fd269000] [id=12789]
  0x00007f9a20128800 ConcurrentGCThread "G1 Refine#0" [stack: 0x00007f99fcc63000,0x00007f99fcd63000] [id=12790]
  0x00007f9a2012a800 ConcurrentGCThread "G1 Young RemSet Sampling" [stack: 0x00007f99fcb61000,0x00007f99fcc61000] [id=12791]

Threads with active compile tasks:

VM state:at safepoint (normal execution)

VM Mutex/Monitor currently owned by a thread:  ([mutex/lock_event])
[0x00007f9a20014640] Threads_lock - owner thread: 0x00007f9a201c7800

Heap address: 0x0000000749200000, size: 2926 MB, Compressed Oops mode: Zero based, Oop shift amount: 3
Narrow klass base: 0x0000000800000000, Narrow klass shift: 3
Compressed class space size: 1073741824 Address: 0x0000000840000000

Heap:
 garbage-first heap   total 190464K, used 27038K [0x0000000749200000, 0x0000000800000000)
  region size 1024K, 27 young (27648K), 2 survivors (2048K)
 Metaspace       used 6872K, capacity 7658K, committed 7936K, reserved 1056768K
  class space    used 785K, capacity 957K, committed 1024K, reserved 1048576K
Heap Regions: E=young(eden), S=young(survivor), O=old, HS=humongous(starts), HC=humongous(continues), CS=collection set, F=free, A=archive, TAMS=top-at-mark-start (previous, next)
|   0|0x0000000749200000, 0x0000000749200000, 0x0000000749300000|  0%| F|  |TAMS 0x0000000749200000, 0x0000000749200000| Untracked 
|   1|0x0000000749300000, 0x0000000749300000, 0x0000000749400000|  0%| F|  |TAMS 0x0000000749300000, 0x0000000749300000| Untracked 
|   2|0x0000000749400000, 0x0000000749400000, 0x0000000749500000|  0%| F|  |TAMS 0x0000000749400000, 0x0000000749400000| Untracked 
|   3|0x0000000749500000, 0x0000000749500000, 0x0000000749600000|  0%| F|  |TAMS 0x0000000749500000, 0x0000000749500000| Untracked 
|   4|0x0000000749600000, 0x0000000749600000, 0x0000000749700000|  0%| F|  |TAMS 0x0000000749600000, 0x0000000749600000| Untracked 
|   5|0x0000000749700000, 0x0000000749700000, 0x0000000749800000|  0%| F|  |TAMS 0x0000000749700000, 0x0000000749700000| Untracked 
|   6|0x0000000749800000, 0x0000000749800000, 0x0000000749900000|  0%| F|  |TAMS 0x0000000749800000, 0x0000000749800000| Untracked 
|   7|0x0000000749900000, 0x0000000749900000, 0x0000000749a00000|  0%| F|  |TAMS 0x0000000749900000, 0x0000000749900000| Untracked 
|   8|0x0000000749a00000, 0x0000000749a00000, 0x0000000749b00000|  0%| F|  |TAMS 0x0000000749a00000, 0x0000000749a00000| Untracked 
|   9|0x0000000749b00000, 0x0000000749b00000, 0x0000000749c00000|  0%| F|  |TAMS 0x0000000749b00000, 0x0000000749b00000| Untracked 
|  10|0x0000000749c00000, 0x0000000749c00000, 0x0000000749d00000|  0%| F|  |TAMS 0x0000000749c00000, 0x0000000749c00000| Untracked 
|  11|0x0000000749d00000, 0x0000000749d00000, 0x0000000749e00000|  0%| F|  |TAMS 0x0000000749d00000, 0x0000000749d00000| Untracked 
|  12|0x0000000749e00000, 0x0000000749e00000, 0x0000000749f00000|  0%| F|  |TAMS 0x0000000749e00000, 0x0000000749e00000| Untracked 
|  13|0x0000000749f00000, 0x0000000749f00000, 0x000000074a000000|  0%| F|  |TAMS 0x0000000749f00000, 0x0000000749f00000| Untracked 
|  14|0x000000074a000000, 0x000000074a000000, 0x000000074a100000|  0%| F|  |TAMS 0x000000074a000000, 0x000000074a000000| Untracked 
|  15|0x000000074a100000, 0x000000074a100000, 0x000000074a200000|  0%| F|  |TAMS 0x000000074a100000, 0x000000074a100000| Untracked 
|  16|0x000000074a200000, 0x000000074a200000, 0x000000074a300000|  0%| F|  |TAMS 0x000000074a200000, 0x000000074a200000| Untracked 
|  17|0x000000074a300000, 0x000000074a300000, 0x000000074a400000|  0%| F|  |TAMS 0x000000074a300000, 0x000000074a300000| Untracked 
|  18|0x000000074a400000, 0x000000074a400000, 0x000000074a500000|  0%| F|  |TAMS 0x000000074a400000, 0x000000074a400000| Untracked 
|  19|0x000000074a500000, 0x000000074a500000, 0x000000074a600000|  0%| F|  |TAMS 0x000000074a500000, 0x000000074a500000| Untracked 
|  20|0x000000074a600000, 0x000000074a600000, 0x000000074a700000|  0%| F|  |TAMS 0x000000074a600000, 0x000000074a600000| Untracked 
|  21|0x000000074a700000, 0x000000074a700000, 0x000000074a800000|  0%| F|  |TAMS 0x000000074a700000, 0x000000074a700000| Untracked 
|  22|0x000000074a800000, 0x000000074a800000, 0x000000074a900000|  0%| F|  |TAMS 0x000000074a800000, 0x000000074a800000| Untracked 
|  23|0x000000074a900000, 0x000000074a900000, 0x000000074aa00000|  0%| F|  |TAMS 0x000000074a900000, 0x000000074a900000| Untracked 
|  24|0x000000074aa00000, 0x000000074aa00000, 0x000000074ab00000|  0%| F|  |TAMS 0x000000074aa00000, 0x000000074aa00000| Untracked 
|  25|0x000000074ab00000, 0x000000074ab00000, 0x000000074ac00000|  0%| F|  |TAMS 0x000000074ab00000, 0x000000074ab00000| Untracked 
|  26|0x000000074ac00000, 0x000000074ac00000, 0x000000074ad00000|  0%| F|  |TAMS 0x000000074ac00000, 0x000000074ac00000| Untracked 
|  27|0x000000074ad00000, 0x000000074ad00000, 0x000000074ae00000|  0%| F|  |TAMS 0x000000074ad00000, 0x000000074ad00000| Untracked 
|  28|0x000000074ae00000, 0x000000074ae00000, 0x000000074af00000|  0%| F|  |TAMS 0x000000074ae00000, 0x000000074ae00000| Untracked 
|  29|0x000000074af00000, 0x000000074af00000, 0x000000074b000000|  0%| F|  |TAMS 0x000000074af00000, 0x000000074af00000| Untracked 
|  30|0x000000074b000000, 0x000000074b000000, 0x000000074b100000|  0%| F|  |TAMS 0x000000074b000000, 0x000000074b000000| Untracked 
|  31|0x000000074b100000, 0x000000074b100000, 0x000000074b200000|  0%| F|  |TAMS 0x000000074b100000, 0x000000074b100000| Untracked 
|  32|0x000000074b200000, 0x000000074b200000, 0x000000074b300000|  0%| F|  |TAMS 0x000000074b200000, 0x000000074b200000| Untracked 
|  33|0x000000074b300000, 0x000000074b300000, 0x000000074b400000|  0%| F|  |TAMS 0x000000074b300000, 0x000000074b300000| Untracked 
|  34|0x000000074b400000, 0x000000074b400000, 0x000000074b500000|  0%| F|  |TAMS 0x000000074b400000, 0x000000074b400000| Untracked 
|  35|0x000000074b500000, 0x000000074b500000, 0x000000074b600000|  0%| F|  |TAMS 0x000000074b500000, 0x000000074b500000| Untracked 
|  36|0x000000074b600000, 0x000000074b600000, 0x000000074b700000|  0%| F|  |TAMS 0x000000074b600000, 0x000000074b600000| Untracked 
|  37|0x000000074b700000, 0x000000074b700000, 0x000000074b800000|  0%| F|  |TAMS 0x000000074b700000, 0x000000074b700000| Untracked 
|  38|0x000000074b800000, 0x000000074b800000, 0x000000074b900000|  0%| F|  |TAMS 0x000000074b800000, 0x000000074b800000| Untracked 
|  39|0x000000074b900000, 0x000000074b900000, 0x000000074ba00000|  0%| F|  |TAMS 0x000000074b900000, 0x000000074b900000| Untracked 
|  40|0x000000074ba00000, 0x000000074ba00000, 0x000000074bb00000|  0%| F|  |TAMS 0x000000074ba00000, 0x000000074ba00000| Untracked 
|  41|0x000000074bb00000, 0x000000074bb00000, 0x000000074bc00000|  0%| F|  |TAMS 0x000000074bb00000, 0x000000074bb00000| Untracked 
|  42|0x000000074bc00000, 0x000000074bc00000, 0x000000074bd00000|  0%| F|  |TAMS 0x000000074bc00000, 0x000000074bc00000| Untracked 
|  43|0x000000074bd00000, 0x000000074bd00000, 0x000000074be00000|  0%| F|  |TAMS 0x000000074bd00000, 0x000000074bd00000| Untracked 
|  44|0x000000074be00000, 0x000000074be00000, 0x000000074bf00000|  0%| F|  |TAMS 0x000000074be00000, 0x000000074be00000| Untracked 
|  45|0x000000074bf00000, 0x000000074bf00000, 0x000000074c000000|  0%| F|  |TAMS 0x000000074bf00000, 0x000000074bf00000| Untracked 
|  46|0x000000074c000000, 0x000000074c000000, 0x000000074c100000|  0%| F|  |TAMS 0x000000074c000000, 0x000000074c000000| Untracked 
|  47|0x000000074c100000, 0x000000074c100000, 0x000000074c200000|  0%| F|  |TAMS 0x000000074c100000, 0x000000074c100000| Untracked 
|  48|0x000000074c200000, 0x000000074c200000, 0x000000074c300000|  0%| F|  |TAMS 0x000000074c200000, 0x000000074c200000| Untracked 
|  49|0x000000074c300000, 0x000000074c300000, 0x000000074c400000|  0%| F|  |TAMS 0x000000074c300000, 0x000000074c300000| Untracked 
|  50|0x000000074c400000, 0x000000074c400000, 0x000000074c500000|  0%| F|  |TAMS 0x000000074c400000, 0x000000074c400000| Untracked 
|  51|0x000000074c500000, 0x000000074c500000, 0x000000074c600000|  0%| F|  |TAMS 0x000000074c500000, 0x000000074c500000| Untracked 
|  52|0x000000074c600000, 0x000000074c600000, 0x000000074c700000|  0%| F|  |TAMS 0x000000074c600000, 0x000000074c600000| Untracked 
|  53|0x000000074c700000, 0x000000074c700000, 0x000000074c800000|  0%| F|  |TAMS 0x000000074c700000, 0x000000074c700000| Untracked 
|  54|0x000000074c800000, 0x000000074c800000, 0x000000074c900000|  0%| F|  |TAMS 0x000000074c800000, 0x000000074c800000| Untracked 
|  55|0x000000074c900000, 0x000000074c900000, 0x000000074ca00000|  0%| F|  |TAMS 0x000000074c900000, 0x000000074c900000| Untracked 
|  56|0x000000074ca00000, 0x000000074ca00000, 0x000000074cb00000|  0%| F|  |TAMS 0x000000074ca00000, 0x000000074ca00000| Untracked 
|  57|0x000000074cb00000, 0x000000074cb00000, 0x000000074cc00000|  0%| F|  |TAMS 0x000000074cb00000, 0x000000074cb00000| Untracked 
|  58|0x000000074cc00000, 0x000000074cc00000, 0x000000074cd00000|  0%| F|  |TAMS 0x000000074cc00000, 0x000000074cc00000| Untracked 
|  59|0x000000074cd00000, 0x000000074cd00000, 0x000000074ce00000|  0%| F|  |TAMS 0x000000074cd00000, 0x000000074cd00000| Untracked 
|  60|0x000000074ce00000, 0x000000074ce00000, 0x000000074cf00000|  0%| F|  |TAMS 0x000000074ce00000, 0x000000074ce00000| Untracked 
|  61|0x000000074cf00000, 0x000000074cf00000, 0x000000074d000000|  0%| F|  |TAMS 0x000000074cf00000, 0x000000074cf00000| Untracked 
|  62|0x000000074d000000, 0x000000074d000000, 0x000000074d100000|  0%| F|  |TAMS 0x000000074d000000, 0x000000074d000000| Untracked 
|  63|0x000000074d100000, 0x000000074d100000, 0x000000074d200000|  0%| F|  |TAMS 0x000000074d100000, 0x000000074d100000| Untracked 
|  64|0x000000074d200000, 0x000000074d200000, 0x000000074d300000|  0%| F|  |TAMS 0x000000074d200000, 0x000000074d200000| Untracked 
|  65|0x000000074d300000, 0x000000074d300000, 0x000000074d400000|  0%| F|  |TAMS 0x000000074d300000, 0x000000074d300000| Untracked 
|  66|0x000000074d400000, 0x000000074d400000, 0x000000074d500000|  0%| F|  |TAMS 0x000000074d400000, 0x000000074d400000| Untracked 
|  67|0x000000074d500000, 0x000000074d500000, 0x000000074d600000|  0%| F|  |TAMS 0x000000074d500000, 0x000000074d500000| Untracked 
|  68|0x000000074d600000, 0x000000074d600000, 0x000000074d700000|  0%| F|  |TAMS 0x000000074d600000, 0x000000074d600000| Untracked 
|  69|0x000000074d700000, 0x000000074d700000, 0x000000074d800000|  0%| F|  |TAMS 0x000000074d700000, 0x000000074d700000| Untracked 
|  70|0x000000074d800000, 0x000000074d800000, 0x000000074d900000|  0%| F|  |TAMS 0x000000074d800000, 0x000000074d800000| Untracked 
|  71|0x000000074d900000, 0x000000074d900000, 0x000000074da00000|  0%| F|  |TAMS 0x000000074d900000, 0x000000074d900000| Untracked 
|  72|0x000000074da00000, 0x000000074da00000, 0x000000074db00000|  0%| F|  |TAMS 0x000000074da00000, 0x000000074da00000| Untracked 
|  73|0x000000074db00000, 0x000000074db00000, 0x000000074dc00000|  0%| F|  |TAMS 0x000000074db00000, 0x000000074db00000| Untracked 
|  74|0x000000074dc00000, 0x000000074dc00000, 0x000000074dd00000|  0%| F|  |TAMS 0x000000074dc00000, 0x000000074dc00000| Untracked 
|  75|0x000000074dd00000, 0x000000074dd00000, 0x000000074de00000|  0%| F|  |TAMS 0x000000074dd00000, 0x000000074dd00000| Untracked 
|  76|0x000000074de00000, 0x000000074de00000, 0x000000074df00000|  0%| F|  |TAMS 0x000000074de00000, 0x000000074de00000| Untracked 
|  77|0x000000074df00000, 0x000000074df00000, 0x000000074e000000|  0%| F|  |TAMS 0x000000074df00000, 0x000000074df00000| Untracked 
|  78|0x000000074e000000, 0x000000074e000000, 0x000000074e100000|  0%| F|  |TAMS 0x000000074e000000, 0x000000074e000000| Untracked 
|  79|0x000000074e100000, 0x000000074e100000, 0x000000074e200000|  0%| F|  |TAMS 0x000000074e100000, 0x000000074e100000| Untracked 
|  80|0x000000074e200000, 0x000000074e200000, 0x000000074e300000|  0%| F|  |TAMS 0x000000074e200000, 0x000000074e200000| Untracked 
|  81|0x000000074e300000, 0x000000074e300000, 0x000000074e400000|  0%| F|  |TAMS 0x000000074e300000, 0x000000074e300000| Untracked 
|  82|0x000000074e400000, 0x000000074e400000, 0x000000074e500000|  0%| F|  |TAMS 0x000000074e400000, 0x000000074e400000| Untracked 
|  83|0x000000074e500000, 0x000000074e500000, 0x000000074e600000|  0%| F|  |TAMS 0x000000074e500000, 0x000000074e500000| Untracked 
|  84|0x000000074e600000, 0x000000074e600000, 0x000000074e700000|  0%| F|  |TAMS 0x000000074e600000, 0x000000074e600000| Untracked 
|  85|0x000000074e700000, 0x000000074e700000, 0x000000074e800000|  0%| F|  |TAMS 0x000000074e700000, 0x000000074e700000| Untracked 
|  86|0x000000074e800000, 0x000000074e800000, 0x000000074e900000|  0%| F|  |TAMS 0x000000074e800000, 0x000000074e800000| Untracked 
|  87|0x000000074e900000, 0x000000074e900000, 0x000000074ea00000|  0%| F|  |TAMS 0x000000074e900000, 0x000000074e900000| Untracked 
|  88|0x000000074ea00000, 0x000000074ea00000, 0x000000074eb00000|  0%| F|  |TAMS 0x000000074ea00000, 0x000000074ea00000| Untracked 
|  89|0x000000074eb00000, 0x000000074eb00000, 0x000000074ec00000|  0%| F|  |TAMS 0x000000074eb00000, 0x000000074eb00000| Untracked 
|  90|0x000000074ec00000, 0x000000074ec00000, 0x000000074ed00000|  0%| F|  |TAMS 0x000000074ec00000, 0x000000074ec00000| Untracked 
|  91|0x000000074ed00000, 0x000000074ed00000, 0x000000074ee00000|  0%| F|  |TAMS 0x000000074ed00000, 0x000000074ed00000| Untracked 
|  92|0x000000074ee00000, 0x000000074ee00000, 0x000000074ef00000|  0%| F|  |TAMS 0x000000074ee00000, 0x000000074ee00000| Untracked 
|  93|0x000000074ef00000, 0x000000074ef00000, 0x000000074f000000|  0%| F|  |TAMS 0x000000074ef00000, 0x000000074ef00000| Untracked 
|  94|0x000000074f000000, 0x000000074f000000, 0x000000074f100000|  0%| F|  |TAMS 0x000000074f000000, 0x000000074f000000| Untracked 
|  95|0x000000074f100000, 0x000000074f100000, 0x000000074f200000|  0%| F|  |TAMS 0x000000074f100000, 0x000000074f100000| Untracked 
|  96|0x000000074f200000, 0x000000074f200000, 0x000000074f300000|  0%| F|  |TAMS 0x000000074f200000, 0x000000074f200000| Untracked 
|  97|0x000000074f300000, 0x000000074f300000, 0x000000074f400000|  0%| F|  |TAMS 0x000000074f300000, 0x000000074f300000| Untracked 
|  98|0x000000074f400000, 0x000000074f400000, 0x000000074f500000|  0%| F|  |TAMS 0x000000074f400000, 0x000000074f400000| Untracked 
|  99|0x000000074f500000, 0x000000074f500000, 0x000000074f600000|  0%| F|  |TAMS 0x000000074f500000, 0x000000074f500000| Untracked 
| 100|0x000000074f600000, 0x000000074f600000, 0x000000074f700000|  0%| F|  |TAMS 0x000000074f600000, 0x000000074f600000| Untracked 
| 101|0x000000074f700000, 0x000000074f700000, 0x000000074f800000|  0%| F|  |TAMS 0x000000074f700000, 0x000000074f700000| Untracked 
| 102|0x000000074f800000, 0x000000074f800000, 0x000000074f900000|  0%| F|  |TAMS 0x000000074f800000, 0x000000074f800000| Untracked 
| 103|0x000000074f900000, 0x000000074f900000, 0x000000074fa00000|  0%| F|  |TAMS 0x000000074f900000, 0x000000074f900000| Untracked 
| 104|0x000000074fa00000, 0x000000074fa00000, 0x000000074fb00000|  0%| F|  |TAMS 0x000000074fa00000, 0x000000074fa00000| Untracked 
| 105|0x000000074fb00000, 0x000000074fb00000, 0x000000074fc00000|  0%| F|  |TAMS 0x000000074fb00000, 0x000000074fb00000| Untracked 
| 106|0x000000074fc00000, 0x000000074fc00000, 0x000000074fd00000|  0%| F|  |TAMS 0x000000074fc00000, 0x000000074fc00000| Untracked 
| 107|0x000000074fd00000, 0x000000074fd00000, 0x000000074fe00000|  0%| F|  |TAMS 0x000000074fd00000, 0x000000074fd00000| Untracked 
| 108|0x000000074fe00000, 0x000000074fe00000, 0x000000074ff00000|  0%| F|  |TAMS 0x000000074fe00000, 0x000000074fe00000| Untracked 
| 109|0x000000074ff00000, 0x000000074ff00000, 0x0000000750000000|  0%| F|  |TAMS 0x000000074ff00000, 0x000000074ff00000| Untracked 
| 110|0x0000000750000000, 0x0000000750000000, 0x0000000750100000|  0%| F|  |TAMS 0x0000000750000000, 0x0000000750000000| Untracked 
| 111|0x0000000750100000, 0x0000000750100000, 0x0000000750200000|  0%| F|  |TAMS 0x0000000750100000, 0x0000000750100000| Untracked 
| 112|0x0000000750200000, 0x0000000750200000, 0x0000000750300000|  0%| F|  |TAMS 0x0000000750200000, 0x0000000750200000| Untracked 
| 113|0x0000000750300000, 0x0000000750300000, 0x0000000750400000|  0%| F|  |TAMS 0x0000000750300000, 0x0000000750300000| Untracked 
| 114|0x0000000750400000, 0x0000000750400000, 0x0000000750500000|  0%| F|  |TAMS 0x0000000750400000, 0x0000000750400000| Untracked 
| 115|0x0000000750500000, 0x0000000750500000, 0x0000000750600000|  0%| F|  |TAMS 0x0000000750500000, 0x0000000750500000| Untracked 
| 116|0x0000000750600000, 0x0000000750600000, 0x0000000750700000|  0%| F|  |TAMS 0x0000000750600000, 0x0000000750600000| Untracked 
| 117|0x0000000750700000, 0x0000000750700000, 0x0000000750800000|  0%| F|  |TAMS 0x0000000750700000, 0x0000000750700000| Untracked 
| 118|0x0000000750800000, 0x0000000750800000, 0x0000000750900000|  0%| F|  |TAMS 0x0000000750800000, 0x0000000750800000| Untracked 
| 119|0x0000000750900000, 0x0000000750900000, 0x0000000750a00000|  0%| F|  |TAMS 0x0000000750900000, 0x0000000750900000| Untracked 
| 120|0x0000000750a00000, 0x0000000750a00000, 0x0000000750b00000|  0%| F|  |TAMS 0x0000000750a00000, 0x0000000750a00000| Untracked 
| 121|0x0000000750b00000, 0x0000000750b00000, 0x0000000750c00000|  0%| F|  |TAMS 0x0000000750b00000, 0x0000000750b00000| Untracked 
| 122|0x0000000750c00000, 0x0000000750c00000, 0x0000000750d00000|  0%| F|  |TAMS 0x0000000750c00000, 0x0000000750c00000| Untracked 
| 123|0x0000000750d00000, 0x0000000750d00000, 0x0000000750e00000|  0%| F|  |TAMS 0x0000000750d00000, 0x0000000750d00000| Untracked 
| 124|0x0000000750e00000, 0x0000000750e00000, 0x0000000750f00000|  0%| F|  |TAMS 0x0000000750e00000, 0x0000000750e00000| Untracked 
| 125|0x0000000750f00000, 0x0000000750f00000, 0x0000000751000000|  0%| F|  |TAMS 0x0000000750f00000, 0x0000000750f00000| Untracked 
| 126|0x0000000751000000, 0x0000000751000000, 0x0000000751100000|  0%| F|  |TAMS 0x0000000751000000, 0x0000000751000000| Untracked 
| 127|0x0000000751100000, 0x0000000751100000, 0x0000000751200000|  0%| F|  |TAMS 0x0000000751100000, 0x0000000751100000| Untracked 
| 128|0x0000000751200000, 0x0000000751200000, 0x0000000751300000|  0%| F|  |TAMS 0x0000000751200000, 0x0000000751200000| Untracked 
| 129|0x0000000751300000, 0x0000000751300000, 0x0000000751400000|  0%| F|  |TAMS 0x0000000751300000, 0x0000000751300000| Untracked 
| 130|0x0000000751400000, 0x0000000751400000, 0x0000000751500000|  0%| F|  |TAMS 0x0000000751400000, 0x0000000751400000| Untracked 
| 131|0x0000000751500000, 0x0000000751500000, 0x0000000751600000|  0%| F|  |TAMS 0x0000000751500000, 0x0000000751500000| Untracked 
| 132|0x0000000751600000, 0x0000000751600000, 0x0000000751700000|  0%| F|  |TAMS 0x0000000751600000, 0x0000000751600000| Untracked 
| 133|0x0000000751700000, 0x0000000751700000, 0x0000000751800000|  0%| F|  |TAMS 0x0000000751700000, 0x0000000751700000| Untracked 
| 134|0x0000000751800000, 0x0000000751800000, 0x0000000751900000|  0%| F|  |TAMS 0x0000000751800000, 0x0000000751800000| Untracked 
| 135|0x0000000751900000, 0x0000000751900000, 0x0000000751a00000|  0%| F|  |TAMS 0x0000000751900000, 0x0000000751900000| Untracked 
| 136|0x0000000751a00000, 0x0000000751a00000, 0x0000000751b00000|  0%| F|  |TAMS 0x0000000751a00000, 0x0000000751a00000| Untracked 
| 137|0x0000000751b00000, 0x0000000751b00000, 0x0000000751c00000|  0%| F|  |TAMS 0x0000000751b00000, 0x0000000751b00000| Untracked 
| 138|0x0000000751c00000, 0x0000000751c00000, 0x0000000751d00000|  0%| F|  |TAMS 0x0000000751c00000, 0x0000000751c00000| Untracked 
| 139|0x0000000751d00000, 0x0000000751d00000, 0x0000000751e00000|  0%| F|  |TAMS 0x0000000751d00000, 0x0000000751d00000| Untracked 
| 140|0x0000000751e00000, 0x0000000751e00000, 0x0000000751f00000|  0%| F|  |TAMS 0x0000000751e00000, 0x0000000751e00000| Untracked 
| 141|0x0000000751f00000, 0x0000000751f00000, 0x0000000752000000|  0%| F|  |TAMS 0x0000000751f00000, 0x0000000751f00000| Untracked 
| 142|0x0000000752000000, 0x0000000752000000, 0x0000000752100000|  0%| F|  |TAMS 0x0000000752000000, 0x0000000752000000| Untracked 
| 143|0x0000000752100000, 0x0000000752100000, 0x0000000752200000|  0%| F|  |TAMS 0x0000000752100000, 0x0000000752100000| Untracked 
| 144|0x0000000752200000, 0x0000000752200000, 0x0000000752300000|  0%| F|  |TAMS 0x0000000752200000, 0x0000000752200000| Untracked 
| 145|0x0000000752300000, 0x0000000752300000, 0x0000000752400000|  0%| F|  |TAMS 0x0000000752300000, 0x0000000752300000| Untracked 
| 146|0x0000000752400000, 0x0000000752400000, 0x0000000752500000|  0%| F|  |TAMS 0x0000000752400000, 0x0000000752400000| Untracked 
| 147|0x0000000752500000, 0x0000000752500000, 0x0000000752600000|  0%| F|  |TAMS 0x0000000752500000, 0x0000000752500000| Untracked 
| 148|0x0000000752600000, 0x0000000752600000, 0x0000000752700000|  0%| F|  |TAMS 0x0000000752600000, 0x0000000752600000| Untracked 
| 149|0x0000000752700000, 0x0000000752700000, 0x0000000752800000|  0%| F|  |TAMS 0x0000000752700000, 0x0000000752700000| Untracked 
| 150|0x0000000752800000, 0x0000000752800000, 0x0000000752900000|  0%| F|  |TAMS 0x0000000752800000, 0x0000000752800000| Untracked 
| 151|0x0000000752900000, 0x0000000752900000, 0x0000000752a00000|  0%| F|  |TAMS 0x0000000752900000, 0x0000000752900000| Untracked 
| 152|0x0000000752a00000, 0x0000000752a00000, 0x0000000752b00000|  0%| F|  |TAMS 0x0000000752a00000, 0x0000000752a00000| Untracked 
| 153|0x0000000752b00000, 0x0000000752b00000, 0x0000000752c00000|  0%| F|  |TAMS 0x0000000752b00000, 0x0000000752b00000| Untracked 
| 154|0x0000000752c00000, 0x0000000752c00000, 0x0000000752d00000|  0%| F|  |TAMS 0x0000000752c00000, 0x0000000752c00000| Untracked 
| 155|0x0000000752d00000, 0x0000000752d00000, 0x0000000752e00000|  0%| F|  |TAMS 0x0000000752d00000, 0x0000000752d00000| Untracked 
| 156|0x0000000752e00000, 0x0000000752e00000, 0x0000000752f00000|  0%| F|  |TAMS 0x0000000752e00000, 0x0000000752e00000| Untracked 
| 157|0x0000000752f00000, 0x0000000752f80800, 0x0000000753000000| 50%| E|  |TAMS 0x0000000752f00000, 0x0000000752f00000| Complete 
| 158|0x0000000753000000, 0x0000000753100000, 0x0000000753100000|100%| E|CS|TAMS 0x0000000753000000, 0x0000000753000000| Complete 
| 159|0x0000000753100000, 0x0000000753200000, 0x0000000753200000|100%| E|CS|TAMS 0x0000000753100000, 0x0000000753100000| Complete 
| 160|0x0000000753200000, 0x0000000753300000, 0x0000000753300000|100%| E|CS|TAMS 0x0000000753200000, 0x0000000753200000| Complete 
| 161|0x0000000753300000, 0x0000000753400000, 0x0000000753400000|100%| E|CS|TAMS 0x0000000753300000, 0x0000000753300000| Complete 
| 162|0x0000000753400000, 0x0000000753500000, 0x0000000753500000|100%| E|CS|TAMS 0x0000000753400000, 0x0000000753400000| Complete 
| 163|0x0000000753500000, 0x0000000753600000, 0x0000000753600000|100%| E|CS|TAMS 0x0000000753500000, 0x0000000753500000| Complete 
| 164|0x0000000753600000, 0x0000000753700000, 0x0000000753700000|100%| E|CS|TAMS 0x0000000753600000, 0x0000000753600000| Complete 
| 165|0x0000000753700000, 0x0000000753800000, 0x0000000753800000|100%| E|CS|TAMS 0x0000000753700000, 0x0000000753700000| Complete 
| 166|0x0000000753800000, 0x0000000753900000, 0x0000000753900000|100%| E|CS|TAMS 0x0000000753800000, 0x0000000753800000| Complete 
| 167|0x0000000753900000, 0x0000000753a00000, 0x0000000753a00000|100%| E|CS|TAMS 0x0000000753900000, 0x0000000753900000| Complete 
| 168|0x0000000753a00000, 0x0000000753ab6958, 0x0000000753b00000| 71%| S|CS|TAMS 0x0000000753a00000, 0x0000000753a00000| Complete 
| 169|0x0000000753b00000, 0x0000000753c00000, 0x0000000753c00000|100%| S|CS|TAMS 0x0000000753b00000, 0x0000000753b00000| Complete 
| 170|0x0000000753c00000, 0x0000000753d00000, 0x0000000753d00000|100%| E|CS|TAMS 0x0000000753c00000, 0x0000000753c00000| Complete 
| 171|0x0000000753d00000, 0x0000000753e00000, 0x0000000753e00000|100%| E|CS|TAMS 0x0000000753d00000, 0x0000000753d00000| Complete 
| 172|0x0000000753e00000, 0x0000000753f00000, 0x0000000753f00000|100%| E|CS|TAMS 0x0000000753e00000, 0x0000000753e00000| Complete 
| 173|0x0000000753f00000, 0x0000000754000000, 0x0000000754000000|100%| E|CS|TAMS 0x0000000753f00000, 0x0000000753f00000| Complete 
| 174|0x0000000754000000, 0x0000000754100000, 0x0000000754100000|100%| E|CS|TAMS 0x0000000754000000, 0x0000000754000000| Complete 
| 175|0x0000000754100000, 0x0000000754200000, 0x0000000754200000|100%| E|CS|TAMS 0x0000000754100000, 0x0000000754100000| Complete 
| 176|0x0000000754200000, 0x0000000754300000, 0x0000000754300000|100%| E|CS|TAMS 0x0000000754200000, 0x0000000754200000| Complete 
| 177|0x0000000754300000, 0x0000000754400000, 0x0000000754400000|100%| E|CS|TAMS 0x0000000754300000, 0x0000000754300000| Complete 
| 178|0x0000000754400000, 0x0000000754500000, 0x0000000754500000|100%| E|CS|TAMS 0x0000000754400000, 0x0000000754400000| Complete 
| 179|0x0000000754500000, 0x0000000754600000, 0x0000000754600000|100%| E|CS|TAMS 0x0000000754500000, 0x0000000754500000| Complete 
| 180|0x0000000754600000, 0x0000000754700000, 0x0000000754700000|100%| E|CS|TAMS 0x0000000754600000, 0x0000000754600000| Complete 
| 181|0x0000000754700000, 0x0000000754800000, 0x0000000754800000|100%| E|CS|TAMS 0x0000000754700000, 0x0000000754700000| Complete 
| 182|0x0000000754800000, 0x0000000754900000, 0x0000000754900000|100%| E|CS|TAMS 0x0000000754800000, 0x0000000754800000| Complete 
| 183|0x0000000754900000, 0x0000000754a00000, 0x0000000754a00000|100%| E|CS|TAMS 0x0000000754900000, 0x0000000754900000| Complete 
|1900|0x00000007bfe00000, 0x00000007bfe47000, 0x00000007bff00000| 27%|OA|  |TAMS 0x00000007bfe00000, 0x00000007bfe00000| Untracked 
|1901|0x00000007bff00000, 0x00000007bff6a000, 0x00000007c0000000| 41%|CA|  |TAMS 0x00000007bff00000, 0x00000007bff00000| Untracked 

Card table byte_map: [0x00007f9a03492000,0x00007f9a03a49000] _byte_map_base: 0x00007f99ffa49000

Marking Bits (Prev, Next): (CMBitMap*) 0x00007f9a2006b5f8, (CMBitMap*) 0x00007f9a2006b630
 Prev Bits: [0x00007f9a00123000, 0x00007f9a02edb000)
 Next Bits: [0x00007f99fd36b000, 0x00007f9a00123000)

Polling page: 0x00007f9a280dd000

Metaspace:

Usage:
  Non-class:      6,54 MB capacity,     5,94 MB ( 91%) used,   572,20 KB (  9%) free+waste,    42,12 KB ( <1%) overhead. 
      Class:    957,00 KB capacity,   785,41 KB ( 82%) used,   149,78 KB ( 16%) free+waste,    21,81 KB (  2%) overhead. 
       Both:      7,48 MB capacity,     6,71 MB ( 90%) used,   721,98 KB (  9%) free+waste,    63,94 KB ( <1%) overhead. 

Virtual space:
  Non-class space:        8,00 MB reserved,       6,75 MB ( 84%) committed 
      Class space:        1,00 GB reserved,       1,00 MB ( <1%) committed 
             Both:        1,01 GB reserved,       7,75 MB ( <1%) committed 

Chunk freelists:
   Non-Class:  23,00 KB
       Class:  0 bytes
        Both:  23,00 KB

MaxMetaspaceSize: unlimited
CompressedClassSpaceSize: 1,00 GB

CodeHeap 'non-profiled nmethods': size=120032Kb used=613Kb max_used=613Kb free=119418Kb
 bounds [0x00007f9a101cf000, 0x00007f9a1043f000, 0x00007f9a17707000]
CodeHeap 'profiled nmethods': size=120032Kb used=3169Kb max_used=3169Kb free=116862Kb
 bounds [0x00007f9a08c97000, 0x00007f9a08fb7000, 0x00007f9a101cf000]
CodeHeap 'non-nmethods': size=5696Kb used=1154Kb max_used=1232Kb free=4542Kb
 bounds [0x00007f9a08707000, 0x00007f9a08977000, 0x00007f9a08c97000]
 total_blobs=2057 nmethods=1339 adapters=316
 compilation: enabled
              stopped_count=0, restarted_count=0
 full_count=0

Compilation events (20 events):
Event: 1,253 Thread 0x00007f9a201df800 1336       3       java.lang.invoke.MethodHandles$Lookup::getDirectMethodForConstant (71 bytes)
Event: 1,254 Thread 0x00007f9a201df800 nmethod 1336 0x00007f9a08faca90 code [0x00007f9a08facda0, 0x00007f9a08fadd88]
Event: 1,268 Thread 0x00007f9a201dd800 nmethod 1330 0x00007f9a10248390 code [0x00007f9a10248580, 0x00007f9a10249378]
Event: 1,268 Thread 0x00007f9a201dd800 1329       4       org.eclipse.jdt.launching.internal.org.objectweb.asm.SymbolTable::addConstantUtf8 (98 bytes)
Event: 1,283 Thread 0x00007f9a201dd800 nmethod 1329 0x00007f9a10249a90 code [0x00007f9a10249ca0, 0x00007f9a1024a650]
Event: 1,283 Thread 0x00007f9a201dd800 1334       4       jdk.internal.org.objectweb.asm.ClassWriter::newUTF8 (70 bytes)
Event: 1,309 Thread 0x00007f9a201dd800 nmethod 1334 0x00007f9a1024ac10 code [0x00007f9a1024ae40, 0x00007f9a1024c2f0]
Event: 1,309 Thread 0x00007f9a201dd800 1141       4       java.lang.invoke.MemberName::getReferenceKind (12 bytes)
Event: 1,309 Thread 0x00007f9a201dd800 nmethod 1141 0x00007f9a1024cc90 code [0x00007f9a1024ce20, 0x00007f9a1024ce98]
Event: 2,136 Thread 0x00007f99cc124800 nmethod 897 0x00007f9a1024cf10 code [0x00007f9a1024d660, 0x00007f9a1025e090]
Event: 259,957 Thread 0x00007f9a201dd800 1337       4       org.eclipse.jdt.launching.internal.org.objectweb.asm.MethodWriter::visitLabel (328 bytes)
Event: 259,969 Thread 0x00007f9a201dd800 nmethod 1337 0x00007f9a10266990 code [0x00007f9a10266b40, 0x00007f9a10267218]
Event: 259,969 Thread 0x00007f9a201dd800 1338       4       org.eclipse.jdt.launching.internal.org.objectweb.asm.Label::resolve (219 bytes)
Event: 259,973 Thread 0x00007f9a201dd800 nmethod 1338 0x00007f9a10267610 code [0x00007f9a102677c0, 0x00007f9a10267c58]
Event: 339,235 Thread 0x00007f9a201df800 1339       3       org.eclipse.jdt.launching.internal.org.objectweb.asm.SymbolTable::addConstantUtf8Reference (101 bytes)
Event: 339,236 Thread 0x00007f9a201df800 nmethod 1339 0x00007f9a08fae390 code [0x00007f9a08fae5e0, 0x00007f9a08faecf8]
Event: 339,236 Thread 0x00007f9a201dd800 1340       4       org.eclipse.jdt.launching.internal.org.objectweb.asm.Type::hashCode (68 bytes)
Event: 339,248 Thread 0x00007f9a201df800 1341       3       org.eclipse.jdt.launching.internal.org.objectweb.asm.AnnotationWriter::computeAnnotationsSize (42 bytes)
Event: 339,248 Thread 0x00007f9a201df800 nmethod 1341 0x00007f9a08faf090 code [0x00007f9a08faf260, 0x00007f9a08faf548]
Event: 339,250 Thread 0x00007f9a201dd800 nmethod 1340 0x00007f9a10267f10 code [0x00007f9a102680c0, 0x00007f9a10268328]

GC Heap History (2 events):
Event: 0,580 GC heap before
{Heap before GC invocations=0 (full 0):
 garbage-first heap   total 190464K, used 15044K [0x0000000749200000, 0x0000000800000000)
  region size 1024K, 14 young (14336K), 0 survivors (0K)
 Metaspace       used 3806K, capacity 5340K, committed 5632K, reserved 1056768K
  class space    used 349K, capacity 500K, committed 512K, reserved 1048576K
}
Event: 0,602 GC heap after
{Heap after GC invocations=1 (full 0):
 garbage-first heap   total 190464K, used 2462K [0x0000000749200000, 0x0000000800000000)
  region size 1024K, 2 young (2048K), 2 survivors (2048K)
 Metaspace       used 3806K, capacity 5340K, committed 5632K, reserved 1056768K
  class space    used 349K, capacity 500K, committed 512K, reserved 1048576K
}

Deoptimization events (20 events):
Event: 1,216 Thread 0x00007f9a20018800 Uncommon trap: trap_request=0xffffff4d fr.pc=0x00007f9a101d650c relative=0x000000000000006c
Event: 1,216 Thread 0x00007f9a20018800 Uncommon trap: reason=unstable_if action=reinterpret pc=0x00007f9a101d650c method=java.lang.String.isLatin1()Z @ 10 c2
Event: 1,216 Thread 0x00007f9a20018800 DEOPT PACKING pc=0x00007f9a101d650c sp=0x00007f9a280bf010
Event: 1,216 Thread 0x00007f9a20018800 DEOPT UNPACKING pc=0x00007f9a087402a5 sp=0x00007f9a280befd0 mode 2
Event: 1,216 Thread 0x00007f9a20018800 Uncommon trap: trap_request=0xffffff7e fr.pc=0x00007f9a10241270 relative=0x0000000000000a90
Event: 1,216 Thread 0x00007f9a20018800 Uncommon trap: reason=predicate action=maybe_recompile pc=0x00007f9a10241270 method=org.eclipse.jdt.launching.internal.org.objectweb.asm.ByteVector.encodeUtf8(Ljava/lang/String;II)Lorg/eclipse/jdt/launching/internal/org/objectweb/asm/ByteVector; @ 16 c2
Event: 1,216 Thread 0x00007f9a20018800 DEOPT PACKING pc=0x00007f9a10241270 sp=0x00007f9a280bf010
Event: 1,216 Thread 0x00007f9a20018800 DEOPT UNPACKING pc=0x00007f9a087402a5 sp=0x00007f9a280befe8 mode 2
Event: 1,216 Thread 0x00007f9a20018800 Uncommon trap: trap_request=0xffffff4d fr.pc=0x00007f9a101d4e5c relative=0x000000000000023c
Event: 1,216 Thread 0x00007f9a20018800 Uncommon trap: reason=unstable_if action=reinterpret pc=0x00007f9a101d4e5c method=java.lang.String.isLatin1()Z @ 10 c2
Event: 1,216 Thread 0x00007f9a20018800 DEOPT PACKING pc=0x00007f9a101d4e5c sp=0x00007f9a280bf130
Event: 1,216 Thread 0x00007f9a20018800 DEOPT UNPACKING pc=0x00007f9a087402a5 sp=0x00007f9a280bf088 mode 2
Event: 1,217 Thread 0x00007f9a20018800 Uncommon trap: trap_request=0xffffff7e fr.pc=0x00007f9a101fb5d4 relative=0x0000000000000574
Event: 1,217 Thread 0x00007f9a20018800 Uncommon trap: reason=predicate action=maybe_recompile pc=0x00007f9a101fb5d4 method=org.eclipse.jdt.launching.internal.org.objectweb.asm.ByteVector.putUTF8(Ljava/lang/String;)Lorg/eclipse/jdt/launching/internal/org/objectweb/asm/ByteVector; @ 79 c2
Event: 1,217 Thread 0x00007f9a20018800 DEOPT PACKING pc=0x00007f9a101fb5d4 sp=0x00007f9a280bf0e0
Event: 1,217 Thread 0x00007f9a20018800 DEOPT UNPACKING pc=0x00007f9a087402a5 sp=0x00007f9a280bf0a0 mode 2
Event: 1,218 Thread 0x00007f9a20018800 Uncommon trap: trap_request=0xffffff4d fr.pc=0x00007f9a101e7fe4 relative=0x0000000000000044
Event: 1,218 Thread 0x00007f9a20018800 Uncommon trap: reason=unstable_if action=reinterpret pc=0x00007f9a101e7fe4 method=java.lang.CharacterData.of(I)Ljava/lang/CharacterData; @ 4 c2
Event: 1,218 Thread 0x00007f9a20018800 DEOPT PACKING pc=0x00007f9a101e7fe4 sp=0x00007f9a280c1360
Event: 1,218 Thread 0x00007f9a20018800 DEOPT UNPACKING pc=0x00007f9a087402a5 sp=0x00007f9a280c1318 mode 2

Classes redefined (2 events):
Event: 259,967 Thread 0x00007f9a201c7800 redefined class name=Prog2.Exercises.Exercise1.FifoLifoUnitTest, count=1
Event: 339,246 Thread 0x00007f9a201c7800 redefined class name=Prog2.Exercises.Exercise1.FifoLifoUnitTest, count=2

Internal exceptions (20 events):
Event: 0,704 Thread 0x00007f9a20018800 Exception <a 'java/lang/IncompatibleClassChangeError'{0x00000007545e7dc0}: Found class java.lang.Object, but interface was expected> (0x00000007545e7dc0) thrown at [./src/hotspot/share/interpreter/linkResolver.cpp, line 839]
Event: 0,747 Thread 0x00007f9a20018800 Exception <a 'java/lang/NoSuchMethodError'{0x0000000754349f28}: 'int java.lang.invoke.DirectMethodHandle$Holder.invokeSpecialIFC(java.lang.Object, java.lang.Object, int)'> (0x0000000754349f28) thrown at [./src/hotspot/share/interpreter/linkResolver.cpp, line 773]
Event: 0,756 Thread 0x00007f9a20018800 Exception <a 'java/lang/NoSuchMethodError'{0x000000075439ff48}: 'java.lang.Object java.lang.invoke.DirectMethodHandle$Holder.invokeStaticInit(java.lang.Object, java.lang.Object, java.lang.Object)'> (0x000000075439ff48) thrown at [./src/hotspot/share/interpreter/linkResolver.cpp, line 773]
Event: 0,758 Thread 0x00007f9a20018800 Exception <a 'java/lang/NoSuchMethodError'{0x00000007543a6b20}: 'void java.lang.invoke.DirectMethodHandle$Holder.invokeStaticInit(java.lang.Object, java.lang.Object, java.lang.Object)'> (0x00000007543a6b20) thrown at [./src/hotspot/share/interpreter/linkResolver.cpp, line 773]
Event: 0,873 Thread 0x00007f9a20018800 Exception <a 'java/lang/NoSuchMethodError'{0x0000000753f212d8}: 'java.lang.Object java.lang.invoke.DirectMethodHandle$Holder.invokeSpecialIFC(java.lang.Object, java.lang.Object, java.lang.Object, java.lang.Object)'> (0x0000000753f212d8) thrown at [./src/hotspot/share/interpreter/linkResolver.cpp, line 773]
Event: 0,904 Thread 0x00007f9a20018800 Exception <a 'java/lang/NoSuchMethodError'{0x0000000753e53360}: 'java.lang.Object java.lang.invoke.Invokers$Holder.linkToTargetMethod(java.lang.Object, java.lang.Object, java.lang.Object, java.lang.Object, java.lang.Object, java.lang.Object)'> (0x0000000753e53360) thrown at [./src/hotspot/share/interpreter/linkResolver.cpp, line 773]
Event: 0,915 Thread 0x00007f9a20018800 Exception <a 'java/lang/IncompatibleClassChangeError'{0x0000000753eee518}: Found class java.lang.Object, but interface was expected> (0x0000000753eee518) thrown at [./src/hotspot/share/interpreter/linkResolver.cpp, line 839]
Event: 0,925 Thread 0x00007f9a20018800 Exception <a 'java/lang/IncompatibleClassChangeError'{0x0000000753d3c7d8}: Found class java.lang.Object, but interface was expected> (0x0000000753d3c7d8) thrown at [./src/hotspot/share/interpreter/linkResolver.cpp, line 839]
Event: 0,930 Thread 0x00007f9a20018800 Exception <a 'java/lang/NoSuchMethodError'{0x0000000753d75068}: 'void java.lang.invoke.DirectMethodHandle$Holder.invokeSpecial(java.lang.Object, java.lang.Object, java.lang.Object, java.lang.Object, java.lang.Object)'> (0x0000000753d75068) thrown at [./src/hotspot/share/interpreter/linkResolver.cpp, line 773]
Event: 0,934 Thread 0x00007f9a20018800 Exception <a 'java/lang/NoSuchMethodError'{0x0000000753d8e6b0}: 'void java.lang.invoke.DirectMethodHandle$Holder.invokeStatic(java.lang.Object, java.lang.Object, java.lang.Object, java.lang.Object)'> (0x0000000753d8e6b0) thrown at [./src/hotspot/share/interpreter/linkResolver.cpp, line 773]
Event: 0,971 Thread 0x00007f9a20018800 Exception <a 'java/lang/NoSuchMethodError'{0x00000007539da8b0}: 'void java.lang.invoke.DirectMethodHandle$Holder.invokeInterface(java.lang.Object, java.lang.Object, java.lang.Object, java.lang.Object)'> (0x00000007539da8b0) thrown at [./src/hotspot/share/interpreter/linkResolver.cpp, line 773]
Event: 1,000 Thread 0x00007f9a20018800 Exception <a 'java/lang/NoSuchMethodError'{0x00000007538c61b0}: 'java.lang.Object java.lang.invoke.DirectMethodHandle$Holder.invokeVirtual(java.lang.Object, java.lang.Object, java.lang.Object)'> (0x00000007538c61b0) thrown at [./src/hotspot/share/interpreter/linkResolver.cpp, line 773]
Event: 1,012 Thread 0x00007f9a20018800 Exception <a 'java/lang/IncompatibleClassChangeError'{0x000000075374f2b0}: Found class java.lang.Object, but interface was expected> (0x000000075374f2b0) thrown at [./src/hotspot/share/interpreter/linkResolver.cpp, line 839]
Event: 1,065 Thread 0x00007f9a20018800 Exception <a 'java/lang/NoSuchMethodError'{0x00000007535c7e68}: 'void java.lang.invoke.DirectMethodHandle$Holder.invokeSpecial(java.lang.Object, java.lang.Object)'> (0x00000007535c7e68) thrown at [./src/hotspot/share/interpreter/linkResolver.cpp, line 773]
Event: 1,080 Thread 0x00007f9a20018800 Exception <a 'java/lang/NoSuchMethodError'{0x000000075349fdd0}: 'int java.lang.invoke.DirectMethodHandle$Holder.invokeStatic(java.lang.Object, java.lang.Object, java.lang.Object, java.lang.Object, java.lang.Object)'> (0x000000075349fdd0) thrown at [./src/hotspot/share/interpreter/linkResolver.cpp, line 773]
Event: 1,117 Thread 0x00007f9a20018800 Exception <a 'java/lang/NoSuchMethodError'{0x0000000753246598}: 'int java.lang.invoke.DirectMethodHandle$Holder.invokeStaticInit(java.lang.Object, java.lang.Object, java.lang.Object)'> (0x0000000753246598) thrown at [./src/hotspot/share/interpreter/linkResolver.cpp, line 773]
Event: 1,151 Thread 0x00007f9a20018800 Exception <a 'java/lang/NoSuchMethodError'{0x000000075312dc18}: 'int java.lang.invoke.DirectMethodHandle$Holder.invokeStaticInit(java.lang.Object, java.lang.Object)'> (0x000000075312dc18) thrown at [./src/hotspot/share/interpreter/linkResolver.cpp, line 773]
Event: 1,171 Thread 0x00007f9a20018800 Exception <a 'java/lang/NoSuchMethodError'{0x00000007531bd630}: 'java.lang.Object java.lang.invoke.DirectMethodHandle$Holder.invokeInterface(java.lang.Object, java.lang.Object, java.lang.Object, java.lang.Object, java.lang.Object)'> (0x00000007531bd630) thrown at [./src/hotspot/share/interpreter/linkResolver.cpp, line 773]
Event: 1,172 Thread 0x00007f9a20018800 Exception <a 'java/lang/IncompatibleClassChangeError'{0x00000007531c0d88}: Found class java.lang.Object, but interface was expected> (0x00000007531c0d88) thrown at [./src/hotspot/share/interpreter/linkResolver.cpp, line 839]
Event: 1,196 Thread 0x00007f9a20018800 Exception <a 'java/lang/IncompatibleClassChangeError'{0x00000007530320f8}: Found class java.lang.Object, but interface was expected> (0x00000007530320f8) thrown at [./src/hotspot/share/interpreter/linkResolver.cpp, line 839]

Events (20 events):
Event: 357,728 Executing VM operation: GetOwnedMonitorInfo done
Event: 357,728 Executing VM operation: GetCurrentContendedMonitor
Event: 357,728 Executing VM operation: GetCurrentContendedMonitor done
Event: 522,433 Executing VM operation: GetCurrentContendedMonitor
Event: 522,433 Executing VM operation: GetCurrentContendedMonitor done
Event: 522,433 Executing VM operation: GetOwnedMonitorInfo
Event: 522,433 Executing VM operation: GetOwnedMonitorInfo done
Event: 523,707 Executing VM operation: GetCurrentContendedMonitor
Event: 523,707 Executing VM operation: GetCurrentContendedMonitor done
Event: 523,707 Executing VM operation: GetOwnedMonitorInfo
Event: 523,707 Executing VM operation: GetOwnedMonitorInfo done
Event: 523,851 Executing VM operation: GetFrameCount
Event: 523,851 Executing VM operation: GetFrameCount done
Event: 523,851 Executing VM operation: GetOwnedMonitorInfo
Event: 523,852 Executing VM operation: GetOwnedMonitorInfo done
Event: 523,852 Executing VM operation: GetCurrentContendedMonitor
Event: 523,852 Executing VM operation: GetCurrentContendedMonitor done
Event: 534,651 Executing VM operation: GetFrameLocation
Event: 534,652 Executing VM operation: GetFrameLocation done
Event: 534,652 Executing VM operation: GetOrSetLocal


Dynamic libraries:
749200000-754a00000 rw-p 00000000 00:00 0 
754a00000-7bfe00000 ---p 00000000 00:00 0 
7bfe00000-7bfe47000 rw-p 0110b000 08:05 2099985                          /usr/lib/jvm/java-11-openjdk-amd64/lib/server/classes.jsa
7bfe47000-7bff00000 rw-p 00000000 00:00 0 
7bff00000-7bff6a000 rw-p 010a1000 08:05 2099985                          /usr/lib/jvm/java-11-openjdk-amd64/lib/server/classes.jsa
7bff6a000-7c0000000 rw-p 00000000 00:00 0 
7c0000000-800000000 ---p 00000000 00:00 0 
800000000-800002000 rwxp 00001000 08:05 2099985                          /usr/lib/jvm/java-11-openjdk-amd64/lib/server/classes.jsa
800002000-8010a0000 rw-p 00003000 08:05 2099985                          /usr/lib/jvm/java-11-openjdk-amd64/lib/server/classes.jsa
840000000-840100000 rw-p 00000000 00:00 0 
840100000-880000000 ---p 00000000 00:00 0 
5634172ba000-5634172bb000 r-xp 00000000 08:05 2099979                    /usr/lib/jvm/java-11-openjdk-amd64/bin/java
5634174bb000-5634174bc000 r--p 00001000 08:05 2099979                    /usr/lib/jvm/java-11-openjdk-amd64/bin/java
5634174bc000-5634174bd000 rw-p 00002000 08:05 2099979                    /usr/lib/jvm/java-11-openjdk-amd64/bin/java
563417b1e000-563417b3f000 rw-p 00000000 00:00 0                          [heap]
7f999c000000-7f999c021000 rw-p 00000000 00:00 0 
7f999c021000-7f99a0000000 ---p 00000000 00:00 0 
7f99a4000000-7f99a4021000 rw-p 00000000 00:00 0 
7f99a4021000-7f99a8000000 ---p 00000000 00:00 0 
7f99a8000000-7f99a8021000 rw-p 00000000 00:00 0 
7f99a8021000-7f99ac000000 ---p 00000000 00:00 0 
7f99ac000000-7f99ad75b000 rw-p 00000000 00:00 0 
7f99ad75b000-7f99b0000000 ---p 00000000 00:00 0 
7f99b0000000-7f99b0021000 rw-p 00000000 00:00 0 
7f99b0021000-7f99b4000000 ---p 00000000 00:00 0 
7f99b4000000-7f99b4021000 rw-p 00000000 00:00 0 
7f99b4021000-7f99b8000000 ---p 00000000 00:00 0 
7f99b8000000-7f99b8021000 rw-p 00000000 00:00 0 
7f99b8021000-7f99bc000000 ---p 00000000 00:00 0 
7f99bc000000-7f99bc021000 rw-p 00000000 00:00 0 
7f99bc021000-7f99c0000000 ---p 00000000 00:00 0 
7f99c0000000-7f99c0021000 rw-p 00000000 00:00 0 
7f99c0021000-7f99c4000000 ---p 00000000 00:00 0 
7f99c4000000-7f99c4021000 rw-p 00000000 00:00 0 
7f99c4021000-7f99c8000000 ---p 00000000 00:00 0 
7f99c8000000-7f99c8032000 rw-p 00000000 00:00 0 
7f99c8032000-7f99cc000000 ---p 00000000 00:00 0 
7f99cc000000-7f99cca89000 rw-p 00000000 00:00 0 
7f99cca89000-7f99d0000000 ---p 00000000 00:00 0 
7f99d0000000-7f99d0021000 rw-p 00000000 00:00 0 
7f99d0021000-7f99d4000000 ---p 00000000 00:00 0 
7f99d4000000-7f99d4021000 rw-p 00000000 00:00 0 
7f99d4021000-7f99d8000000 ---p 00000000 00:00 0 
7f99d8000000-7f99d8a31000 rw-p 00000000 00:00 0 
7f99d8a31000-7f99dc000000 ---p 00000000 00:00 0 
7f99dc000000-7f99dc021000 rw-p 00000000 00:00 0 
7f99dc021000-7f99e0000000 ---p 00000000 00:00 0 
7f99e0000000-7f99e0021000 rw-p 00000000 00:00 0 
7f99e0021000-7f99e4000000 ---p 00000000 00:00 0 
7f99e4000000-7f99e4021000 rw-p 00000000 00:00 0 
7f99e4021000-7f99e8000000 ---p 00000000 00:00 0 
7f99e8000000-7f99e807d000 rw-p 00000000 00:00 0 
7f99e807d000-7f99ec000000 ---p 00000000 00:00 0 
7f99ec000000-7f99ec021000 rw-p 00000000 00:00 0 
7f99ec021000-7f99f0000000 ---p 00000000 00:00 0 
7f99f0000000-7f99f0021000 rw-p 00000000 00:00 0 
7f99f0021000-7f99f4000000 ---p 00000000 00:00 0 
7f99f448b000-7f99f448c000 ---p 00000000 00:00 0 
7f99f448c000-7f99f458d000 rw-p 00000000 00:00 0 
7f99f458d000-7f99f458e000 ---p 00000000 00:00 0 
7f99f458e000-7f99f468f000 rw-p 00000000 00:00 0 
7f99f468f000-7f99f4690000 ---p 00000000 00:00 0 
7f99f4690000-7f99f4791000 rw-p 00000000 00:00 0 
7f99f4791000-7f99f4795000 ---p 00000000 00:00 0 
7f99f4795000-7f99f4892000 rw-p 00000000 00:00 0 
7f99f4892000-7f99f4894000 r-xp 00000000 08:05 2102602                    /usr/lib/jvm/java-11-openjdk-amd64/lib/libextnet.so
7f99f4894000-7f99f4a93000 ---p 00002000 08:05 2102602                    /usr/lib/jvm/java-11-openjdk-amd64/lib/libextnet.so
7f99f4a93000-7f99f4a94000 r--p 00001000 08:05 2102602                    /usr/lib/jvm/java-11-openjdk-amd64/lib/libextnet.so
7f99f4a94000-7f99f4a95000 rw-p 00002000 08:05 2102602                    /usr/lib/jvm/java-11-openjdk-amd64/lib/libextnet.so
7f99f4a95000-7f99f4a99000 ---p 00000000 00:00 0 
7f99f4a99000-7f99f4b96000 rw-p 00000000 00:00 0 
7f99f4b96000-7f99f4b97000 ---p 00000000 00:00 0 
7f99f4b97000-7f99f4c98000 rw-p 00000000 00:00 0 
7f99f4c98000-7f99f4c9c000 ---p 00000000 00:00 0 
7f99f4c9c000-7f99f4d99000 rw-p 00000000 00:00 0 
7f99f4d99000-7f99f4daf000 r-xp 00000000 08:05 2102626                    /usr/lib/jvm/java-11-openjdk-amd64/lib/libnet.so
7f99f4daf000-7f99f4fae000 ---p 00016000 08:05 2102626                    /usr/lib/jvm/java-11-openjdk-amd64/lib/libnet.so
7f99f4fae000-7f99f4faf000 r--p 00015000 08:05 2102626                    /usr/lib/jvm/java-11-openjdk-amd64/lib/libnet.so
7f99f4faf000-7f99f4fb0000 rw-p 00016000 08:05 2102626                    /usr/lib/jvm/java-11-openjdk-amd64/lib/libnet.so
7f99f4fb0000-7f99f4fc0000 r-xp 00000000 08:05 2102627                    /usr/lib/jvm/java-11-openjdk-amd64/lib/libnio.so
7f99f4fc0000-7f99f51bf000 ---p 00010000 08:05 2102627                    /usr/lib/jvm/java-11-openjdk-amd64/lib/libnio.so
7f99f51bf000-7f99f51c0000 r--p 0000f000 08:05 2102627                    /usr/lib/jvm/java-11-openjdk-amd64/lib/libnio.so
7f99f51c0000-7f99f51c1000 rw-p 00010000 08:05 2102627                    /usr/lib/jvm/java-11-openjdk-amd64/lib/libnio.so
7f99f51c1000-7f99f51c5000 ---p 00000000 00:00 0 
7f99f51c5000-7f99f52c2000 rw-p 00000000 00:00 0 
7f99f52c2000-7f99f52c6000 ---p 00000000 00:00 0 
7f99f52c6000-7f99f53c3000 rw-p 00000000 00:00 0 
7f99f53c3000-7f99f53c7000 ---p 00000000 00:00 0 
7f99f53c7000-7f99f54c4000 rw-p 00000000 00:00 0 
7f99f54c4000-7f99f54c8000 r-xp 00000000 08:05 2102601                    /usr/lib/jvm/java-11-openjdk-amd64/lib/libdt_socket.so
7f99f54c8000-7f99f56c8000 ---p 00004000 08:05 2102601                    /usr/lib/jvm/java-11-openjdk-amd64/lib/libdt_socket.so
7f99f56c8000-7f99f56c9000 r--p 00004000 08:05 2102601                    /usr/lib/jvm/java-11-openjdk-amd64/lib/libdt_socket.so
7f99f56c9000-7f99f56ca000 rw-p 00005000 08:05 2102601                    /usr/lib/jvm/java-11-openjdk-amd64/lib/libdt_socket.so
7f99f56ca000-7f99f56ce000 ---p 00000000 00:00 0 
7f99f56ce000-7f99f57cb000 rw-p 00000000 00:00 0 
7f99f57cb000-7f99f57cf000 ---p 00000000 00:00 0 
7f99f57cf000-7f99f58cc000 rw-p 00000000 00:00 0 
7f99f58cc000-7f99f58d0000 ---p 00000000 00:00 0 
7f99f58d0000-7f99f59cd000 rw-p 00000000 00:00 0 
7f99f59cd000-7f99f59d1000 ---p 00000000 00:00 0 
7f99f59d1000-7f99f5ace000 rw-p 00000000 00:00 0 
7f99f5ace000-7f99f5ad2000 ---p 00000000 00:00 0 
7f99f5ad2000-7f99f5bcf000 rw-p 00000000 00:00 0 
7f99f5bcf000-7f99f5eff000 r--p 00000000 08:05 2099978                    /usr/lib/locale/locale-archive
7f99f5eff000-7f99f5f03000 ---p 00000000 00:00 0 
7f99f5f03000-7f99f8000000 rw-p 00000000 00:00 0 
7f99f8000000-7f99f8021000 rw-p 00000000 00:00 0 
7f99f8021000-7f99fc000000 ---p 00000000 00:00 0 
7f99fc0db000-7f99fc0df000 ---p 00000000 00:00 0 
7f99fc0df000-7f99fc1dc000 rw-p 00000000 00:00 0 
7f99fc1dc000-7f99fc1dd000 ---p 00000000 00:00 0 
7f99fc1dd000-7f99fca1f000 rw-p 00000000 00:00 0 
7f99fca1f000-7f99fcb5f000 ---p 00000000 00:00 0 
7f99fcb5f000-7f99fcb60000 ---p 00000000 00:00 0 
7f99fcb60000-7f99fcc61000 rw-p 00000000 00:00 0 
7f99fcc61000-7f99fcc62000 ---p 00000000 00:00 0 
7f99fcc62000-7f99fd167000 rw-p 00000000 00:00 0 
7f99fd167000-7f99fd168000 ---p 00000000 00:00 0 
7f99fd168000-7f99fd269000 rw-p 00000000 00:00 0 
7f99fd269000-7f99fd26a000 ---p 00000000 00:00 0 
7f99fd26a000-7f99fd64b000 rw-p 00000000 00:00 0 
7f99fd64b000-7f99ff11b000 ---p 00000000 00:00 0 
7f99ff11b000-7f99ff123000 rw-p 00000000 00:00 0 
7f99ff123000-7f9a00123000 ---p 00000000 00:00 0 
7f9a00123000-7f9a00403000 rw-p 00000000 00:00 0 
7f9a00403000-7f9a01ed3000 ---p 00000000 00:00 0 
7f9a01ed3000-7f9a01edb000 rw-p 00000000 00:00 0 
7f9a01edb000-7f9a02edb000 ---p 00000000 00:00 0 
7f9a02edb000-7f9a02f37000 rw-p 00000000 00:00 0 
7f9a02f37000-7f9a03291000 ---p 00000000 00:00 0 
7f9a03291000-7f9a03292000 rw-p 00000000 00:00 0 
7f9a03292000-7f9a03492000 ---p 00000000 00:00 0 
7f9a03492000-7f9a034ee000 rw-p 00000000 00:00 0 
7f9a034ee000-7f9a03848000 ---p 00000000 00:00 0 
7f9a03848000-7f9a03849000 rw-p 00000000 00:00 0 
7f9a03849000-7f9a03a49000 ---p 00000000 00:00 0 
7f9a03a49000-7f9a03aa5000 rw-p 00000000 00:00 0 
7f9a03aa5000-7f9a03dff000 ---p 00000000 00:00 0 
7f9a03dff000-7f9a03e00000 rw-p 00000000 00:00 0 
7f9a03e00000-7f9a04000000 ---p 00000000 00:00 0 
7f9a04000000-7f9a04021000 rw-p 00000000 00:00 0 
7f9a04021000-7f9a08000000 ---p 00000000 00:00 0 
7f9a0802b000-7f9a0842f000 rw-p 00000000 00:00 0 
7f9a0842f000-7f9a08430000 ---p 00000000 00:00 0 
7f9a08430000-7f9a08536000 rw-p 00000000 00:00 0 
7f9a08536000-7f9a0861c000 ---p 00000000 00:00 0 
7f9a0861c000-7f9a08623000 rw-p 00000000 00:00 0 
7f9a08623000-7f9a08707000 ---p 00000000 00:00 0 
7f9a08707000-7f9a08977000 rwxp 00000000 00:00 0 
7f9a08977000-7f9a08c97000 ---p 00000000 00:00 0 
7f9a08c97000-7f9a08fb7000 rwxp 00000000 00:00 0 
7f9a08fb7000-7f9a101cf000 ---p 00000000 00:00 0 
7f9a101cf000-7f9a1043f000 rwxp 00000000 00:00 0 
7f9a1043f000-7f9a17707000 ---p 00000000 00:00 0 
7f9a17707000-7f9a1fdfa000 r--s 00000000 08:05 2102637                    /usr/lib/jvm/java-11-openjdk-amd64/lib/modules
7f9a1fdfa000-7f9a1fdff000 r-xp 00000000 08:05 2102613                    /usr/lib/jvm/java-11-openjdk-amd64/lib/libjimage.so
7f9a1fdff000-7f9a1fffe000 ---p 00005000 08:05 2102613                    /usr/lib/jvm/java-11-openjdk-amd64/lib/libjimage.so
7f9a1fffe000-7f9a1ffff000 r--p 00004000 08:05 2102613                    /usr/lib/jvm/java-11-openjdk-amd64/lib/libjimage.so
7f9a1ffff000-7f9a20000000 rw-p 00005000 08:05 2102613                    /usr/lib/jvm/java-11-openjdk-amd64/lib/libjimage.so
7f9a20000000-7f9a206f1000 rw-p 00000000 00:00 0 
7f9a206f1000-7f9a24000000 ---p 00000000 00:00 0 
7f9a2403c000-7f9a24043000 r-xp 00000000 08:05 2102636                    /usr/lib/jvm/java-11-openjdk-amd64/lib/libzip.so
7f9a24043000-7f9a24242000 ---p 00007000 08:05 2102636                    /usr/lib/jvm/java-11-openjdk-amd64/lib/libzip.so
7f9a24242000-7f9a24243000 r--p 00006000 08:05 2102636                    /usr/lib/jvm/java-11-openjdk-amd64/lib/libzip.so
7f9a24243000-7f9a24244000 rw-p 00007000 08:05 2102636                    /usr/lib/jvm/java-11-openjdk-amd64/lib/libzip.so
7f9a24244000-7f9a2424f000 r-xp 00000000 08:05 3670326                    /lib/x86_64-linux-gnu/libnss_files-2.27.so
7f9a2424f000-7f9a2444e000 ---p 0000b000 08:05 3670326                    /lib/x86_64-linux-gnu/libnss_files-2.27.so
7f9a2444e000-7f9a2444f000 r--p 0000a000 08:05 3670326                    /lib/x86_64-linux-gnu/libnss_files-2.27.so
7f9a2444f000-7f9a24450000 rw-p 0000b000 08:05 3670326                    /lib/x86_64-linux-gnu/libnss_files-2.27.so
7f9a24450000-7f9a24456000 rw-p 00000000 00:00 0 
7f9a24456000-7f9a2446d000 r-xp 00000000 08:05 3670323                    /lib/x86_64-linux-gnu/libnsl-2.27.so
7f9a2446d000-7f9a2466c000 ---p 00017000 08:05 3670323                    /lib/x86_64-linux-gnu/libnsl-2.27.so
7f9a2466c000-7f9a2466d000 r--p 00016000 08:05 3670323                    /lib/x86_64-linux-gnu/libnsl-2.27.so
7f9a2466d000-7f9a2466e000 rw-p 00017000 08:05 3670323                    /lib/x86_64-linux-gnu/libnsl-2.27.so
7f9a2466e000-7f9a24670000 rw-p 00000000 00:00 0 
7f9a24670000-7f9a2467b000 r-xp 00000000 08:05 3670328                    /lib/x86_64-linux-gnu/libnss_nis-2.27.so
7f9a2467b000-7f9a2487a000 ---p 0000b000 08:05 3670328                    /lib/x86_64-linux-gnu/libnss_nis-2.27.so
7f9a2487a000-7f9a2487b000 r--p 0000a000 08:05 3670328                    /lib/x86_64-linux-gnu/libnss_nis-2.27.so
7f9a2487b000-7f9a2487c000 rw-p 0000b000 08:05 3670328                    /lib/x86_64-linux-gnu/libnss_nis-2.27.so
7f9a2487c000-7f9a24884000 r-xp 00000000 08:05 3670324                    /lib/x86_64-linux-gnu/libnss_compat-2.27.so
7f9a24884000-7f9a24a84000 ---p 00008000 08:05 3670324                    /lib/x86_64-linux-gnu/libnss_compat-2.27.so
7f9a24a84000-7f9a24a85000 r--p 00008000 08:05 3670324                    /lib/x86_64-linux-gnu/libnss_compat-2.27.so
7f9a24a85000-7f9a24a86000 rw-p 00009000 08:05 3670324                    /lib/x86_64-linux-gnu/libnss_compat-2.27.so
7f9a24a86000-7f9a24a90000 r-xp 00000000 08:05 2102604                    /usr/lib/jvm/java-11-openjdk-amd64/lib/libinstrument.so
7f9a24a90000-7f9a24c8f000 ---p 0000a000 08:05 2102604                    /usr/lib/jvm/java-11-openjdk-amd64/lib/libinstrument.so
7f9a24c8f000-7f9a24c90000 r--p 00009000 08:05 2102604                    /usr/lib/jvm/java-11-openjdk-amd64/lib/libinstrument.so
7f9a24c90000-7f9a24c91000 rw-p 0000a000 08:05 2102604                    /usr/lib/jvm/java-11-openjdk-amd64/lib/libinstrument.so
7f9a24c91000-7f9a24ccd000 r-xp 00000000 08:05 2102612                    /usr/lib/jvm/java-11-openjdk-amd64/lib/libjdwp.so
7f9a24ccd000-7f9a24ecc000 ---p 0003c000 08:05 2102612                    /usr/lib/jvm/java-11-openjdk-amd64/lib/libjdwp.so
7f9a24ecc000-7f9a24ecd000 r--p 0003b000 08:05 2102612                    /usr/lib/jvm/java-11-openjdk-amd64/lib/libjdwp.so
7f9a24ecd000-7f9a24ece000 rw-p 0003c000 08:05 2102612                    /usr/lib/jvm/java-11-openjdk-amd64/lib/libjdwp.so
7f9a24ece000-7f9a24ef7000 r-xp 00000000 08:05 2102609                    /usr/lib/jvm/java-11-openjdk-amd64/lib/libjava.so
7f9a24ef7000-7f9a250f6000 ---p 00029000 08:05 2102609                    /usr/lib/jvm/java-11-openjdk-amd64/lib/libjava.so
7f9a250f6000-7f9a250f7000 r--p 00028000 08:05 2102609                    /usr/lib/jvm/java-11-openjdk-amd64/lib/libjava.so
7f9a250f7000-7f9a250f9000 rw-p 00029000 08:05 2102609                    /usr/lib/jvm/java-11-openjdk-amd64/lib/libjava.so
7f9a250f9000-7f9a25106000 r-xp 00000000 08:05 2102635                    /usr/lib/jvm/java-11-openjdk-amd64/lib/libverify.so
7f9a25106000-7f9a25305000 ---p 0000d000 08:05 2102635                    /usr/lib/jvm/java-11-openjdk-amd64/lib/libverify.so
7f9a25305000-7f9a25307000 r--p 0000c000 08:05 2102635                    /usr/lib/jvm/java-11-openjdk-amd64/lib/libverify.so
7f9a25307000-7f9a25308000 rw-p 0000e000 08:05 2102635                    /usr/lib/jvm/java-11-openjdk-amd64/lib/libverify.so
7f9a25308000-7f9a2530f000 r-xp 00000000 08:05 3670333                    /lib/x86_64-linux-gnu/librt-2.27.so
7f9a2530f000-7f9a2550e000 ---p 00007000 08:05 3670333                    /lib/x86_64-linux-gnu/librt-2.27.so
7f9a2550e000-7f9a2550f000 r--p 00006000 08:05 3670333                    /lib/x86_64-linux-gnu/librt-2.27.so
7f9a2550f000-7f9a25510000 rw-p 00007000 08:05 3670333                    /lib/x86_64-linux-gnu/librt-2.27.so
7f9a25510000-7f9a25527000 r-xp 00000000 08:05 3670307                    /lib/x86_64-linux-gnu/libgcc_s.so.1
7f9a25527000-7f9a25726000 ---p 00017000 08:05 3670307                    /lib/x86_64-linux-gnu/libgcc_s.so.1
7f9a25726000-7f9a25727000 r--p 00016000 08:05 3670307                    /lib/x86_64-linux-gnu/libgcc_s.so.1
7f9a25727000-7f9a25728000 rw-p 00017000 08:05 3670307                    /lib/x86_64-linux-gnu/libgcc_s.so.1
7f9a25728000-7f9a258c5000 r-xp 00000000 08:05 3670320                    /lib/x86_64-linux-gnu/libm-2.27.so
7f9a258c5000-7f9a25ac4000 ---p 0019d000 08:05 3670320                    /lib/x86_64-linux-gnu/libm-2.27.so
7f9a25ac4000-7f9a25ac5000 r--p 0019c000 08:05 3670320                    /lib/x86_64-linux-gnu/libm-2.27.so
7f9a25ac5000-7f9a25ac6000 rw-p 0019d000 08:05 3670320                    /lib/x86_64-linux-gnu/libm-2.27.so
7f9a25ac6000-7f9a25c3f000 r-xp 00000000 08:05 2101089                    /usr/lib/x86_64-linux-gnu/libstdc++.so.6.0.25
7f9a25c3f000-7f9a25e3f000 ---p 00179000 08:05 2101089                    /usr/lib/x86_64-linux-gnu/libstdc++.so.6.0.25
7f9a25e3f000-7f9a25e49000 r--p 00179000 08:05 2101089                    /usr/lib/x86_64-linux-gnu/libstdc++.so.6.0.25
7f9a25e49000-7f9a25e4b000 rw-p 00183000 08:05 2101089                    /usr/lib/x86_64-linux-gnu/libstdc++.so.6.0.25
7f9a25e4b000-7f9a25e4f000 rw-p 00000000 00:00 0 
7f9a25e4f000-7f9a26f2c000 r-xp 00000000 08:05 2102961                    /usr/lib/jvm/java-11-openjdk-amd64/lib/server/libjvm.so
7f9a26f2c000-7f9a2712b000 ---p 010dd000 08:05 2102961                    /usr/lib/jvm/java-11-openjdk-amd64/lib/server/libjvm.so
7f9a2712b000-7f9a271e8000 r--p 010dc000 08:05 2102961                    /usr/lib/jvm/java-11-openjdk-amd64/lib/server/libjvm.so
7f9a271e8000-7f9a27222000 rw-p 01199000 08:05 2102961                    /usr/lib/jvm/java-11-openjdk-amd64/lib/server/libjvm.so
7f9a27222000-7f9a27278000 rw-p 00000000 00:00 0 
7f9a27278000-7f9a27292000 r-xp 00000000 08:05 3670331                    /lib/x86_64-linux-gnu/libpthread-2.27.so
7f9a27292000-7f9a27491000 ---p 0001a000 08:05 3670331                    /lib/x86_64-linux-gnu/libpthread-2.27.so
7f9a27491000-7f9a27492000 r--p 00019000 08:05 3670331                    /lib/x86_64-linux-gnu/libpthread-2.27.so
7f9a27492000-7f9a27493000 rw-p 0001a000 08:05 3670331                    /lib/x86_64-linux-gnu/libpthread-2.27.so
7f9a27493000-7f9a27497000 rw-p 00000000 00:00 0 
7f9a27497000-7f9a2749a000 r-xp 00000000 08:05 3670319                    /lib/x86_64-linux-gnu/libdl-2.27.so
7f9a2749a000-7f9a27699000 ---p 00003000 08:05 3670319                    /lib/x86_64-linux-gnu/libdl-2.27.so
7f9a27699000-7f9a2769a000 r--p 00002000 08:05 3670319                    /lib/x86_64-linux-gnu/libdl-2.27.so
7f9a2769a000-7f9a2769b000 rw-p 00003000 08:05 3670319                    /lib/x86_64-linux-gnu/libdl-2.27.so
7f9a2769b000-7f9a276b7000 r-xp 00000000 08:05 3675100                    /lib/x86_64-linux-gnu/libz.so.1.2.11
7f9a276b7000-7f9a278b6000 ---p 0001c000 08:05 3675100                    /lib/x86_64-linux-gnu/libz.so.1.2.11
7f9a278b6000-7f9a278b7000 r--p 0001b000 08:05 3675100                    /lib/x86_64-linux-gnu/libz.so.1.2.11
7f9a278b7000-7f9a278b8000 rw-p 0001c000 08:05 3675100                    /lib/x86_64-linux-gnu/libz.so.1.2.11
7f9a278b8000-7f9a27a9f000 r-xp 00000000 08:05 3670316                    /lib/x86_64-linux-gnu/libc-2.27.so
7f9a27a9f000-7f9a27c9f000 ---p 001e7000 08:05 3670316                    /lib/x86_64-linux-gnu/libc-2.27.so
7f9a27c9f000-7f9a27ca3000 r--p 001e7000 08:05 3670316                    /lib/x86_64-linux-gnu/libc-2.27.so
7f9a27ca3000-7f9a27ca5000 rw-p 001eb000 08:05 3670316                    /lib/x86_64-linux-gnu/libc-2.27.so
7f9a27ca5000-7f9a27ca9000 rw-p 00000000 00:00 0 
7f9a27ca9000-7f9a27cb9000 r-xp 00000000 08:05 2102593                    /usr/lib/jvm/java-11-openjdk-amd64/lib/jli/libjli.so
7f9a27cb9000-7f9a27eb8000 ---p 00010000 08:05 2102593                    /usr/lib/jvm/java-11-openjdk-amd64/lib/jli/libjli.so
7f9a27eb8000-7f9a27eb9000 r--p 0000f000 08:05 2102593                    /usr/lib/jvm/java-11-openjdk-amd64/lib/jli/libjli.so
7f9a27eb9000-7f9a27eba000 rw-p 00010000 08:05 2102593                    /usr/lib/jvm/java-11-openjdk-amd64/lib/jli/libjli.so
7f9a27eba000-7f9a27ee1000 r-xp 00000000 08:05 3670044                    /lib/x86_64-linux-gnu/ld-2.27.so
7f9a27efc000-7f9a27fbe000 rw-p 00000000 00:00 0 
7f9a27fbe000-7f9a27fc5000 ---p 00000000 00:00 0 
7f9a27fc5000-7f9a27fc9000 ---p 00000000 00:00 0 
7f9a27fc9000-7f9a280c8000 rw-p 00000000 00:00 0 
7f9a280cc000-7f9a280d3000 r--s 00000000 08:05 2365128                    /usr/lib/x86_64-linux-gnu/gconv/gconv-modules.cache
7f9a280d3000-7f9a280d5000 r--s 00007000 08:05 2497053                    /usr/share/java/java-atk-wrapper.jar
7f9a280d5000-7f9a280dd000 rw-s 00000000 08:05 394196                     /tmp/hsperfdata_xx63ll4/12779
7f9a280dd000-7f9a280de000 ---p 00000000 00:00 0 
7f9a280de000-7f9a280df000 r--p 00000000 00:00 0 
7f9a280df000-7f9a280e1000 rw-p 00000000 00:00 0 
7f9a280e1000-7f9a280e2000 r--p 00027000 08:05 3670044                    /lib/x86_64-linux-gnu/ld-2.27.so
7f9a280e2000-7f9a280e3000 rw-p 00028000 08:05 3670044                    /lib/x86_64-linux-gnu/ld-2.27.so
7f9a280e3000-7f9a280e4000 rw-p 00000000 00:00 0 
7fff19cca000-7fff19cec000 rw-p 00000000 00:00 0                          [stack]
7fff19ced000-7fff19cf0000 r--p 00000000 00:00 0                          [vvar]
7fff19cf0000-7fff19cf2000 r-xp 00000000 00:00 0                          [vdso]
ffffffffff600000-ffffffffff601000 r-xp 00000000 00:00 0                  [vsyscall]


VM Arguments:
jvm_args: -agentlib:jdwp=transport=dt_socket,suspend=y,address=localhost:35783 -ea -javaagent:/home/xx63ll4/.eclipse/360744286_linux_gtk_x86_64/configuration/org.eclipse.osgi/222/0/.cp/lib/javaagent-shaded.jar -Dfile.encoding=UTF-8 
java_command: org.eclipse.jdt.internal.junit.runner.RemoteTestRunner -version 3 -port 46527 -testLoaderClass org.eclipse.jdt.internal.junit5.runner.JUnit5TestLoader -loaderpluginname org.eclipse.jdt.junit5.runtime -classNames Prog2.Exercises.Exercise1.FifoLifoUnitTest
java_class_path (initial): /home/xx63ll4/PathToInfinity/2.Semester/bin:/snap/eclipse/48/plugins/org.junit.jupiter.api_5.5.1.v20190826-0900.jar:/snap/eclipse/48/plugins/org.junit.jupiter.engine_5.5.1.v20190826-0900.jar:/snap/eclipse/48/plugins/org.junit.jupiter.migrationsupport_5.5.1.v20190826-0900.jar:/snap/eclipse/48/plugins/org.junit.jupiter.params_5.5.1.v20190826-0900.jar:/snap/eclipse/48/plugins/org.junit.platform.commons_1.5.1.v20190826-0900.jar:/snap/eclipse/48/plugins/org.junit.platform.engine_1.5.1.v20190826-0900.jar:/snap/eclipse/48/plugins/org.junit.platform.launcher_1.5.1.v20190826-0900.jar:/snap/eclipse/48/plugins/org.junit.platform.runner_1.5.1.v20190826-0900.jar:/snap/eclipse/48/plugins/org.junit.platform.suite.api_1.5.1.v20190826-0900.jar:/snap/eclipse/48/plugins/org.junit.vintage.engine_5.5.1.v20190826-0900.jar:/snap/eclipse/48/plugins/org.opentest4j_1.2.0.v20190826-0900.jar:/snap/eclipse/48/plugins/org.apiguardian_1.1.0.v20190826-0900.jar:/snap/eclipse/48/plugins/org.junit_4.12.0.v201504281640/junit.jar:/snap/eclipse/48/plugins/org.hamcrest.core_1.3.0.v20180420-1519.jar:/home/xx63ll4/.eclipse/360744286_linux_gtk_x86_64/configuration/org.eclipse.osgi/221/0/.cp:/home/xx63ll4/.eclipse/360744286_linux_gtk_x86_64/configuration/org.eclipse.osgi/219/0/.cp
Launcher Type: SUN_STANDARD

[Global flags]
     intx CICompilerCount                          = 3                                         {product} {ergonomic}
     uint ConcGCThreads                            = 1                                         {product} {ergonomic}
     uint G1ConcRefinementThreads                  = 4                                         {product} {ergonomic}
   size_t G1HeapRegionSize                         = 1048576                                   {product} {ergonomic}
    uintx GCDrainStackTargetSize                   = 64                                        {product} {ergonomic}
   size_t InitialHeapSize                          = 192937984                                 {product} {ergonomic}
   size_t MarkStackSize                            = 4194304                                   {product} {ergonomic}
   size_t MaxHeapSize                              = 3068133376                                {product} {ergonomic}
   size_t MaxNewSize                               = 1840250880                                {product} {ergonomic}
   size_t MinHeapDeltaBytes                        = 1048576                                   {product} {ergonomic}
    uintx NonNMethodCodeHeapSize                   = 5830732                                {pd product} {ergonomic}
    uintx NonProfiledCodeHeapSize                  = 122913754                              {pd product} {ergonomic}
    uintx ProfiledCodeHeapSize                     = 122913754                              {pd product} {ergonomic}
    uintx ReservedCodeCacheSize                    = 251658240                              {pd product} {ergonomic}
     bool SegmentedCodeCache                       = true                                      {product} {ergonomic}
     bool UseCompressedClassPointers               = true                                 {lp64_product} {ergonomic}
     bool UseCompressedOops                        = true                                 {lp64_product} {ergonomic}
     bool UseG1GC                                  = true                                      {product} {ergonomic}

Logging:
Log output configuration:
 #0: stdout all=warning uptime,level,tags
 #1: stderr all=off uptime,level,tags

Environment Variables:
PATH=/usr/local/sbin:/usr/local/bin:/usr/sbin:/usr/bin:/sbin:/bin:/usr/games:/usr/local/games:/snap/bin
USERNAME=xx63ll4
SHELL=/bin/bash
DISPLAY=:0

Signal Handlers:
SIGSEGV: [libjvm.so+0xdf8d00], sa_mask[0]=11111111011111111101111111111110, sa_flags=SA_RESTART|SA_SIGINFO
SIGBUS: [libjvm.so+0xdf8d00], sa_mask[0]=11111111011111111101111111111110, sa_flags=SA_RESTART|SA_SIGINFO
SIGFPE: [libjvm.so+0xdf8d00], sa_mask[0]=11111111011111111101111111111110, sa_flags=SA_RESTART|SA_SIGINFO
SIGPIPE: [libjvm.so+0xbcbc30], sa_mask[0]=11111111011111111101111111111110, sa_flags=SA_RESTART|SA_SIGINFO
SIGXFSZ: [libjvm.so+0xbcbc30], sa_mask[0]=11111111011111111101111111111110, sa_flags=SA_RESTART|SA_SIGINFO
SIGILL: [libjvm.so+0xdf8d00], sa_mask[0]=11111111011111111101111111111110, sa_flags=SA_RESTART|SA_SIGINFO
SIGUSR2: [libjvm.so+0xbcbad0], sa_mask[0]=00100000000000000000000000000000, sa_flags=SA_RESTART|SA_SIGINFO
SIGHUP: [libjvm.so+0xbcbe30], sa_mask[0]=11111111011111111101111111111110, sa_flags=SA_RESTART|SA_SIGINFO
SIGINT: [libjvm.so+0xbcbe30], sa_mask[0]=11111111011111111101111111111110, sa_flags=SA_RESTART|SA_SIGINFO
SIGTERM: [libjvm.so+0xbcbe30], sa_mask[0]=11111111011111111101111111111110, sa_flags=SA_RESTART|SA_SIGINFO
SIGQUIT: [libjvm.so+0xbcbe30], sa_mask[0]=11111111011111111101111111111110, sa_flags=SA_RESTART|SA_SIGINFO


---------------  S Y S T E M  ---------------

OS:DISTRIB_ID=Ubuntu
DISTRIB_RELEASE=18.04
DISTRIB_CODENAME=bionic
DISTRIB_DESCRIPTION="Ubuntu 18.04.4 LTS"
uname:Linux 4.15.0-111-generic #112-Ubuntu SMP Thu Jul 9 20:32:34 UTC 2020 x86_64
OS uptime: 5 days 0:20 hours
libc:glibc 2.27 NPTL 2.27 
rlimit: STACK 8192k, CORE 0k, NPROC 46619, NOFILE 1048576, AS infinity, CPU infinity, DATA infinity, FSIZE infinity
load average:1,66 2,51 1,72

/proc/meminfo:
MemTotal:       11979564 kB
MemFree:          915868 kB
MemAvailable:    6839868 kB
Buffers:          373444 kB
Cached:          6112116 kB
SwapCached:            0 kB
Active:          8554204 kB
Inactive:        1870448 kB
Active(anon):    3946852 kB
Inactive(anon):   609928 kB
Active(file):    4607352 kB
Inactive(file):  1260520 kB
Unevictable:         240 kB
Mlocked:             240 kB
SwapTotal:       2097148 kB
SwapFree:        2096556 kB
Dirty:               976 kB
Writeback:             0 kB
AnonPages:       3937324 kB
Mapped:          1018336 kB
Shmem:            617988 kB
Slab:             450612 kB
SReclaimable:     374716 kB
SUnreclaim:        75896 kB
KernelStack:       18464 kB
PageTables:        67484 kB
NFS_Unstable:          0 kB
Bounce:                0 kB
WritebackTmp:          0 kB
CommitLimit:     8086928 kB
Committed_AS:   11098180 kB
VmallocTotal:   34359738367 kB
VmallocUsed:           0 kB
VmallocChunk:          0 kB
HardwareCorrupted:     0 kB
AnonHugePages:         0 kB
ShmemHugePages:        0 kB
ShmemPmdMapped:        0 kB
CmaTotal:              0 kB
CmaFree:               0 kB
HugePages_Total:       0
HugePages_Free:        0
HugePages_Rsvd:        0
HugePages_Surp:        0
Hugepagesize:       2048 kB
DirectMap4k:      365292 kB
DirectMap2M:    10848256 kB
DirectMap1G:     2097152 kB


/proc/sys/kernel/threads-max (system-wide limit on the number of threads):
93239


/proc/sys/vm/max_map_count (maximum number of memory map areas a process may have):
65530


/proc/sys/kernel/pid_max (system-wide limit on number of process identifiers):
32768



container (cgroup) information:
container_type: cgroupv1
cpu_cpuset_cpus: 0-3
cpu_memory_nodes: 0
active_processor_count: 4
cpu_quota: -1
cpu_period: 100000
cpu_shares: -1
memory_limit_in_bytes: -1
memory_and_swap_limit_in_bytes: -2
memory_soft_limit_in_bytes: -1
memory_usage_in_bytes: 10675220480
memory_max_usage_in_bytes: 0

Steal ticks since vm start: 0
Steal ticks percentage since vm start:  0,000

CPU:total 4 (initial active 4) (2 cores per cpu, 2 threads per core) family 6 model 69 stepping 1, cmov, cx8, fxsr, mmx, sse, sse2, sse3, ssse3, sse4.1, sse4.2, popcnt, avx, avx2, aes, clmul, erms, lzcnt, ht, tsc, tscinvbit, bmi1, bmi2, fma
CPU Model and flags from /proc/cpuinfo:
model name	: Intel(R) Core(TM) i7-4600U CPU @ 2.10GHz
flags		: fpu vme de pse tsc msr pae mce cx8 apic sep mtrr pge mca cmov pat pse36 clflush dts acpi mmx fxsr sse sse2 ss ht tm pbe syscall nx pdpe1gb rdtscp lm constant_tsc arch_perfmon pebs bts rep_good nopl xtopology nonstop_tsc cpuid aperfmperf pni pclmulqdq dtes64 monitor ds_cpl vmx smx est tm2 ssse3 sdbg fma cx16 xtpr pdcm pcid sse4_1 sse4_2 x2apic movbe popcnt tsc_deadline_timer aes xsave avx f16c rdrand lahf_lm abm cpuid_fault epb invpcid_single pti ssbd ibrs ibpb stibp tpr_shadow vnmi flexpriority ept vpid fsgsbase tsc_adjust bmi1 avx2 smep bmi2 erms invpcid xsaveopt dtherm ida arat pln pts md_clear flush_l1d

Memory: 4k page, physical 11979564k(915868k free), swap 2097148k(2096556k free)

vm_info: OpenJDK 64-Bit Server VM (11.0.7+10-post-Ubuntu-2ubuntu218.04) for linux-amd64 JRE (11.0.7+10-post-Ubuntu-2ubuntu218.04), built on Apr 15 2020 21:12:54 by "unknown" with gcc 7.5.0

END.
