#
# A fatal error has been detected by the Java Runtime Environment:
#
#  SIGSEGV (0xb) at pc=0x00007f9bbe9f0e6e, pid=12538, tid=12551
#
# JRE version: OpenJDK Runtime Environment (11.0.7+10) (build 11.0.7+10-post-Ubuntu-2ubuntu218.04)
# Java VM: OpenJDK 64-Bit Server VM (11.0.7+10-post-Ubuntu-2ubuntu218.04, mixed mode, sharing, tiered, compressed oops, g1 gc, linux-amd64)
# Problematic frame:
# V  [libjvm.so+0xcc8e6e]
#
# Core dump will be written. Default location: Core dumps may be processed with "/usr/share/apport/apport %p %s %c %d %P %E" (or dumping to /home/xx63ll4/PathToInfinity/2.Semester/core.12538)
#
# If you would like to submit a bug report, please visit:
#   https://bugs.launchpad.net/ubuntu/+source/openjdk-lts
#

---------------  S U M M A R Y ------------

Command Line: -agentlib:jdwp=transport=dt_socket,suspend=y,address=localhost:39709 -ea -javaagent:/home/xx63ll4/.eclipse/360744286_linux_gtk_x86_64/configuration/org.eclipse.osgi/222/0/.cp/lib/javaagent-shaded.jar -Dfile.encoding=UTF-8 org.eclipse.jdt.internal.junit.runner.RemoteTestRunner -version 3 -port 33657 -testLoaderClass org.eclipse.jdt.internal.junit5.runner.JUnit5TestLoader -loaderpluginname org.eclipse.jdt.junit5.runtime -classNames Prog2.Exercises.Exercise1.FifoLifoUnitTest

Host: Intel(R) Core(TM) i7-4600U CPU @ 2.10GHz, 4 cores, 11G, Ubuntu 18.04.4 LTS
Time: Wed Jul 22 20:35:53 2020 CEST elapsed time: 492 seconds (0d 0h 8m 12s)

---------------  T H R E A D  ---------------

Current thread (0x00007f9bb81c7800):  VMThread "VM Thread" [stack: 0x00007f9b940dd000,0x00007f9b941dd000] [id=12551]

Stack: [0x00007f9b940dd000,0x00007f9b941dd000],  sp=0x00007f9b941daf80,  free space=1015k
Native frames: (J=compiled Java code, A=aot compiled Java code, j=interpreted, Vv=VM code, C=native code)
V  [libjvm.so+0xcc8e6e]
V  [libjvm.so+0x7ba2c2]
V  [libjvm.so+0x7bbf03]
V  [libjvm.so+0x7bd62c]
V  [libjvm.so+0x7c018d]
V  [libjvm.so+0x7c0539]
V  [libjvm.so+0xbbdb8a]
V  [libjvm.so+0xbbe10b]
V  [libjvm.so+0xb4aae6]
V  [libjvm.so+0x9dfa0c]
V  [libjvm.so+0xdfa8d8]
V  [libjvm.so+0xe00a96]
V  [libjvm.so+0xe00fa0]
V  [libjvm.so+0xe01423]
V  [libjvm.so+0xd85acf]
V  [libjvm.so+0xbd59de]


siginfo: si_signo: 11 (SIGSEGV), si_code: 1 (SEGV_MAPERR), si_addr: 0x0000000000000006

Register to memory mapping:

RAX=0x0000000000000001 is an unknown value
RBX=0x0 is NULL
RCX=0x000000000000ca08 is an unknown value
RDX=0x0 is NULL
RSP=0x00007f9b941daf80 points into unknown readable memory: 20 b7 1d 94 9b 7f 00 00
RBP=0x00007f9b941dafa0 points into unknown readable memory: 40 b4 1d 94 9b 7f 00 00
RSI=0x0 is NULL
RDI=0x00007f9b941dafd0 points into unknown readable memory: 50 0c 01 bf 9b 7f 00 00
R8 =0x00000000000000e4 is an unknown value
R9 =0x00007f9b800a46c4 points into unknown readable memory: 00 00 00 47
R10=0x00007f9b800a4330 points into unknown readable memory: 00 00 00 47 ff ff ff 8f
R11=0x00000000cfffff00 is an unknown value
R12=0x00007f9b941dafc0 points into unknown readable memory: e1 00 00 46 00 00 00 00
R13=0x00007f9b941dafd0 points into unknown readable memory: 50 0c 01 bf 9b 7f 00 00
R14=0x0 is NULL
R15=0x00000000000000e4 is an unknown value


Registers:
RAX=0x0000000000000001, RBX=0x0000000000000000, RCX=0x000000000000ca08, RDX=0x0000000000000000
RSP=0x00007f9b941daf80, RBP=0x00007f9b941dafa0, RSI=0x0000000000000000, RDI=0x00007f9b941dafd0
R8 =0x00000000000000e4, R9 =0x00007f9b800a46c4, R10=0x00007f9b800a4330, R11=0x00000000cfffff00
R12=0x00007f9b941dafc0, R13=0x00007f9b941dafd0, R14=0x0000000000000000, R15=0x00000000000000e4
RIP=0x00007f9bbe9f0e6e, EFLAGS=0x0000000000010206, CSGSFS=0x002b000000000033, ERR=0x0000000000000004
  TRAPNO=0x000000000000000e

Top of Stack: (sp=0x00007f9b941daf80)
0x00007f9b941daf80:   00007f9b941db720 00007f9b941dafc0
0x00007f9b941daf90:   00007f9b941dafd0 0000000000000000
0x00007f9b941dafa0:   00007f9b941db440 00007f9bbe4e22c2
0x00007f9b941dafb0:   0000000000000000 0000000000000001 

Instructions: (pc=0x00007f9bbe9f0e6e)
0x00007f9bbe9f0d6e:   f6 54 6d 00 48 8d 3d 67 7c 22 00 be cb 00 00 00
0x00007f9bbe9f0d7e:   48 8b 00 c6 00 58 e8 d7 87 98 ff e8 92 3d f0 ff
0x00007f9bbe9f0d8e:   eb 98 48 8b 03 48 89 df ff 50 18 83 43 14 02 eb
0x00007f9bbe9f0d9e:   89 90 48 8b 03 48 89 df ff 50 10 83 43 14 01 e9
0x00007f9bbe9f0dae:   76 ff ff ff 66 0f 1f 44 00 00 48 8b 03 48 89 df
0x00007f9bbe9f0dbe:   ff 50 38 83 43 14 02 e9 5e ff ff ff 66 0f 1f 44
0x00007f9bbe9f0dce:   00 00 48 8b 03 48 89 df ff 50 30 83 43 14 01 e9
0x00007f9bbe9f0dde:   46 ff ff ff 66 0f 1f 44 00 00 48 8b 03 48 89 df
0x00007f9bbe9f0dee:   ff 50 28 83 43 14 01 e9 2e ff ff ff 66 0f 1f 44
0x00007f9bbe9f0dfe:   00 00 48 8b 03 48 89 df ff 50 08 83 43 14 01 e9
0x00007f9bbe9f0e0e:   16 ff ff ff 66 0f 1f 44 00 00 48 8b 03 48 89 df
0x00007f9bbe9f0e1e:   ff 50 20 83 43 14 01 e9 fe fe ff ff 66 0f 1f 44
0x00007f9bbe9f0e2e:   00 00 48 8b 03 48 89 df ff 10 83 43 14 01 e9 e7
0x00007f9bbe9f0e3e:   fe ff ff b9 01 00 00 00 b8 01 00 00 00 e9 74 fe
0x00007f9bbe9f0e4e:   ff ff 55 b8 01 00 00 00 48 89 e5 41 56 41 55 41
0x00007f9bbe9f0e5e:   54 53 49 89 fd 48 8b 5f 08 c7 47 10 00 00 00 00
0x00007f9bbe9f0e6e:   80 7b 06 28 74 3c 48 8d 05 ed 53 6d 00 48 8d 15
0x00007f9bbe9f0e7e:   fd 7a 22 00 48 8d 3d 57 7b 22 00 b9 28 00 00 00
0x00007f9bbe9f0e8e:   be 35 00 00 00 48 8b 00 c6 00 58 31 c0 e8 50 84
0x00007f9bbe9f0e9e:   98 ff e8 7b 3c f0 ff 41 8b 45 10 49 8b 5d 08 83
0x00007f9bbe9f0eae:   c0 01 4c 8d 73 06 41 89 45 10 41 bc 01 00 00 00
0x00007f9bbe9f0ebe:   48 63 d0 41 0f b6 0c 16 80 f9 29 74 69 83 e9 42
0x00007f9bbe9f0ece:   80 f9 19 77 2d 4c 89 e2 48 d3 e2 f7 c2 97 01 12
0x00007f9bbe9f0ede:   01 0f 85 03 01 00 00 f7 c2 00 00 00 02 0f 85 07
0x00007f9bbe9f0eee:   01 00 00 80 e6 04 0f 85 46 01 00 00 66 0f 1f 44
0x00007f9bbe9f0efe:   00 00 48 8d 05 61 53 6d 00 48 8d 3d d2 7a 22 00
0x00007f9bbe9f0f0e:   be fe 00 00 00 48 8b 00 c6 00 58 e8 42 86 98 ff
0x00007f9bbe9f0f1e:   e8 fd 3b f0 ff 41 8b 45 10 48 63 d0 41 0f b6 0c
0x00007f9bbe9f0f2e:   16 80 f9 29 75 97 49 8b 4d 08 80 7c 11 06 29 74
0x00007f9bbe9f0f3e:   35 48 8d 05 22 53 6d 00 48 8d 15 32 7a 22 00 48
0x00007f9bbe9f0f4e:   8d 3d 8c 7a 22 00 b9 29 00 00 00 be 35 00 00 00
0x00007f9bbe9f0f5e:   48 8b 00 c6 00 58 31 c0 e8 85 83 98 ff e8 b0 3b 


Stack slot to memory mapping:
stack at sp + 0 slots: 0x00007f9b941db720 points into unknown readable memory: 00 46 01 bf 9b 7f 00 00
stack at sp + 1 slots: 0x00007f9b941dafc0 points into unknown readable memory: e1 00 00 46 00 00 00 00
stack at sp + 2 slots: 0x00007f9b941dafd0 points into unknown readable memory: 50 0c 01 bf 9b 7f 00 00
stack at sp + 3 slots: 0x0 is NULL
stack at sp + 4 slots: 0x00007f9b941db440 points into unknown readable memory: c0 b4 1d 94 9b 7f 00 00
stack at sp + 5 slots: 0x00007f9bbe4e22c2: <offset 0x00000000007ba2c2> in /usr/lib/jvm/java-11-openjdk-amd64/lib/server/libjvm.so at 0x00007f9bbdd28000
stack at sp + 6 slots: 0x0 is NULL
stack at sp + 7 slots: 0x0000000000000001 is an unknown value

VM_Operation (0x00007f9b8d2c0950): GetOrSetLocal, mode: safepoint, requested by thread 0x00007f9bb8228800


---------------  P R O C E S S  ---------------

Threads class SMR info:
_java_thread_list=0x00007f9b60783300, length=13, elements={
0x00007f9bb8018800, 0x00007f9bb81ca800, 0x00007f9bb81cc800, 0x00007f9bb81d3000,
0x00007f9bb81d5000, 0x00007f9bb81d7800, 0x00007f9bb81d9800, 0x00007f9bb81e7000,
0x00007f9bb8228800, 0x00007f9bb822c800, 0x00007f9b54001800, 0x00007f9bb8346800,
0x00007f9bb8499800
}

Java Threads: ( => current thread )
  0x00007f9bb8018800 JavaThread "main" [_thread_blocked, id=12545, stack(0x00007f9bbfe9e000,0x00007f9bbff9f000)]
  0x00007f9bb81ca800 JavaThread "Reference Handler" daemon [_thread_blocked, id=12552, stack(0x00007f9b8deff000,0x00007f9b8e000000)]
  0x00007f9bb81cc800 JavaThread "Finalizer" daemon [_thread_blocked, id=12553, stack(0x00007f9b8ddfe000,0x00007f9b8deff000)]
  0x00007f9bb81d3000 JavaThread "Signal Dispatcher" daemon [_thread_blocked, id=12555, stack(0x00007f9b8d9cd000,0x00007f9b8dace000)]
  0x00007f9bb81d5000 JavaThread "C2 CompilerThread0" daemon [_thread_blocked, id=12556, stack(0x00007f9b8d8cc000,0x00007f9b8d9cd000)]
  0x00007f9bb81d7800 JavaThread "C1 CompilerThread0" daemon [_thread_blocked, id=12557, stack(0x00007f9b8d7cb000,0x00007f9b8d8cc000)]
  0x00007f9bb81d9800 JavaThread "Sweeper thread" daemon [_thread_blocked, id=12558, stack(0x00007f9b8d6ca000,0x00007f9b8d7cb000)]
  0x00007f9bb81e7000 JavaThread "Common-Cleaner" daemon [_thread_blocked, id=12559, stack(0x00007f9b8d5c9000,0x00007f9b8d6ca000)]
  0x00007f9bb8228800 JavaThread "JDWP Transport Listener: dt_socket" daemon [_thread_blocked, id=12562, stack(0x00007f9b8d1c1000,0x00007f9b8d2c2000)] _threads_hazard_ptr=0x00007f9b60783300
  0x00007f9bb822c800 JavaThread "JDWP Event Helper Thread" daemon [_thread_blocked, id=12565, stack(0x00007f9b8d0c0000,0x00007f9b8d1c1000)]
  0x00007f9b54001800 JavaThread "JDWP Command Reader" daemon [_thread_in_native, id=12566, stack(0x00007f9b8cfbf000,0x00007f9b8d0c0000)]
  0x00007f9bb8346800 JavaThread "Service Thread" daemon [_thread_blocked, id=12569, stack(0x00007f9b8ca96000,0x00007f9b8cb97000)]
  0x00007f9bb8499800 JavaThread "ReaderThread" [_thread_in_native, id=12571, stack(0x00007f9b8c690000,0x00007f9b8c791000)]

Other Threads:
=>0x00007f9bb81c7800 VMThread "VM Thread" [stack: 0x00007f9b940dd000,0x00007f9b941dd000] [id=12551]
  0x00007f9bb834b800 WatcherThread [stack: 0x00007f9b8c996000,0x00007f9b8ca96000] [id=12570]
  0x00007f9bb8031800 GCTaskThread "GC Thread#0" [stack: 0x00007f9ba0314000,0x00007f9ba0414000] [id=12546]
  0x00007f9b80001000 GCTaskThread "GC Thread#1" [stack: 0x00007f9b8c590000,0x00007f9b8c690000] [id=12572]
  0x00007f9b80002800 GCTaskThread "GC Thread#2" [stack: 0x00007f9b8c48e000,0x00007f9b8c58e000] [id=12573]
  0x00007f9b80004000 GCTaskThread "GC Thread#3" [stack: 0x00007f9b8c38c000,0x00007f9b8c48c000] [id=12574]
  0x00007f9bb8077800 ConcurrentGCThread "G1 Main Marker" [stack: 0x00007f9b9516a000,0x00007f9b9526a000] [id=12547]
  0x00007f9bb8079800 ConcurrentGCThread "G1 Conc#0" [stack: 0x00007f9b95068000,0x00007f9b95168000] [id=12548]
  0x00007f9bb8128800 ConcurrentGCThread "G1 Refine#0" [stack: 0x00007f9b94b62000,0x00007f9b94c62000] [id=12549]
  0x00007f9bb812a800 ConcurrentGCThread "G1 Young RemSet Sampling" [stack: 0x00007f9b94a60000,0x00007f9b94b60000] [id=12550]

Threads with active compile tasks:

VM state:at safepoint (normal execution)

VM Mutex/Monitor currently owned by a thread:  ([mutex/lock_event])
[0x00007f9bb8014640] Threads_lock - owner thread: 0x00007f9bb81c7800

Heap address: 0x0000000749200000, size: 2926 MB, Compressed Oops mode: Zero based, Oop shift amount: 3
Narrow klass base: 0x0000000800000000, Narrow klass shift: 3
Compressed class space size: 1073741824 Address: 0x0000000840000000

Heap:
 garbage-first heap   total 190464K, used 26999K [0x0000000749200000, 0x0000000800000000)
  region size 1024K, 27 young (27648K), 2 survivors (2048K)
 Metaspace       used 6845K, capacity 7658K, committed 7936K, reserved 1056768K
  class space    used 788K, capacity 957K, committed 1024K, reserved 1048576K
Heap Regions: E=young(eden), S=young(survivor), O=old, HS=humongous(starts), HC=humongous(continues), CS=collection set, F=free, A=archive, TAMS=top-at-mark-start (previous, next)
|   0|0x0000000749200000, 0x0000000749200000, 0x0000000749300000|  0%| F|  |TAMS 0x0000000749200000, 0x0000000749200000| Untracked 
|   1|0x0000000749300000, 0x0000000749300000, 0x0000000749400000|  0%| F|  |TAMS 0x0000000749300000, 0x0000000749300000| Untracked 
|   2|0x0000000749400000, 0x0000000749400000, 0x0000000749500000|  0%| F|  |TAMS 0x0000000749400000, 0x0000000749400000| Untracked 
|   3|0x0000000749500000, 0x0000000749500000, 0x0000000749600000|  0%| F|  |TAMS 0x0000000749500000, 0x0000000749500000| Untracked 
|   4|0x0000000749600000, 0x0000000749600000, 0x0000000749700000|  0%| F|  |TAMS 0x0000000749600000, 0x0000000749600000| Untracked 
|   5|0x0000000749700000, 0x0000000749700000, 0x0000000749800000|  0%| F|  |TAMS 0x0000000749700000, 0x0000000749700000| Untracked 
|   6|0x0000000749800000, 0x0000000749800000, 0x0000000749900000|  0%| F|  |TAMS 0x0000000749800000, 0x0000000749800000| Untracked 
|   7|0x0000000749900000, 0x0000000749900000, 0x0000000749a00000|  0%| F|  |TAMS 0x0000000749900000, 0x0000000749900000| Untracked 
|   8|0x0000000749a00000, 0x0000000749a00000, 0x0000000749b00000|  0%| F|  |TAMS 0x0000000749a00000, 0x0000000749a00000| Untracked 
|   9|0x0000000749b00000, 0x0000000749b00000, 0x0000000749c00000|  0%| F|  |TAMS 0x0000000749b00000, 0x0000000749b00000| Untracked 
|  10|0x0000000749c00000, 0x0000000749c00000, 0x0000000749d00000|  0%| F|  |TAMS 0x0000000749c00000, 0x0000000749c00000| Untracked 
|  11|0x0000000749d00000, 0x0000000749d00000, 0x0000000749e00000|  0%| F|  |TAMS 0x0000000749d00000, 0x0000000749d00000| Untracked 
|  12|0x0000000749e00000, 0x0000000749e00000, 0x0000000749f00000|  0%| F|  |TAMS 0x0000000749e00000, 0x0000000749e00000| Untracked 
|  13|0x0000000749f00000, 0x0000000749f00000, 0x000000074a000000|  0%| F|  |TAMS 0x0000000749f00000, 0x0000000749f00000| Untracked 
|  14|0x000000074a000000, 0x000000074a000000, 0x000000074a100000|  0%| F|  |TAMS 0x000000074a000000, 0x000000074a000000| Untracked 
|  15|0x000000074a100000, 0x000000074a100000, 0x000000074a200000|  0%| F|  |TAMS 0x000000074a100000, 0x000000074a100000| Untracked 
|  16|0x000000074a200000, 0x000000074a200000, 0x000000074a300000|  0%| F|  |TAMS 0x000000074a200000, 0x000000074a200000| Untracked 
|  17|0x000000074a300000, 0x000000074a300000, 0x000000074a400000|  0%| F|  |TAMS 0x000000074a300000, 0x000000074a300000| Untracked 
|  18|0x000000074a400000, 0x000000074a400000, 0x000000074a500000|  0%| F|  |TAMS 0x000000074a400000, 0x000000074a400000| Untracked 
|  19|0x000000074a500000, 0x000000074a500000, 0x000000074a600000|  0%| F|  |TAMS 0x000000074a500000, 0x000000074a500000| Untracked 
|  20|0x000000074a600000, 0x000000074a600000, 0x000000074a700000|  0%| F|  |TAMS 0x000000074a600000, 0x000000074a600000| Untracked 
|  21|0x000000074a700000, 0x000000074a700000, 0x000000074a800000|  0%| F|  |TAMS 0x000000074a700000, 0x000000074a700000| Untracked 
|  22|0x000000074a800000, 0x000000074a800000, 0x000000074a900000|  0%| F|  |TAMS 0x000000074a800000, 0x000000074a800000| Untracked 
|  23|0x000000074a900000, 0x000000074a900000, 0x000000074aa00000|  0%| F|  |TAMS 0x000000074a900000, 0x000000074a900000| Untracked 
|  24|0x000000074aa00000, 0x000000074aa00000, 0x000000074ab00000|  0%| F|  |TAMS 0x000000074aa00000, 0x000000074aa00000| Untracked 
|  25|0x000000074ab00000, 0x000000074ab00000, 0x000000074ac00000|  0%| F|  |TAMS 0x000000074ab00000, 0x000000074ab00000| Untracked 
|  26|0x000000074ac00000, 0x000000074ac00000, 0x000000074ad00000|  0%| F|  |TAMS 0x000000074ac00000, 0x000000074ac00000| Untracked 
|  27|0x000000074ad00000, 0x000000074ad00000, 0x000000074ae00000|  0%| F|  |TAMS 0x000000074ad00000, 0x000000074ad00000| Untracked 
|  28|0x000000074ae00000, 0x000000074ae00000, 0x000000074af00000|  0%| F|  |TAMS 0x000000074ae00000, 0x000000074ae00000| Untracked 
|  29|0x000000074af00000, 0x000000074af00000, 0x000000074b000000|  0%| F|  |TAMS 0x000000074af00000, 0x000000074af00000| Untracked 
|  30|0x000000074b000000, 0x000000074b000000, 0x000000074b100000|  0%| F|  |TAMS 0x000000074b000000, 0x000000074b000000| Untracked 
|  31|0x000000074b100000, 0x000000074b100000, 0x000000074b200000|  0%| F|  |TAMS 0x000000074b100000, 0x000000074b100000| Untracked 
|  32|0x000000074b200000, 0x000000074b200000, 0x000000074b300000|  0%| F|  |TAMS 0x000000074b200000, 0x000000074b200000| Untracked 
|  33|0x000000074b300000, 0x000000074b300000, 0x000000074b400000|  0%| F|  |TAMS 0x000000074b300000, 0x000000074b300000| Untracked 
|  34|0x000000074b400000, 0x000000074b400000, 0x000000074b500000|  0%| F|  |TAMS 0x000000074b400000, 0x000000074b400000| Untracked 
|  35|0x000000074b500000, 0x000000074b500000, 0x000000074b600000|  0%| F|  |TAMS 0x000000074b500000, 0x000000074b500000| Untracked 
|  36|0x000000074b600000, 0x000000074b600000, 0x000000074b700000|  0%| F|  |TAMS 0x000000074b600000, 0x000000074b600000| Untracked 
|  37|0x000000074b700000, 0x000000074b700000, 0x000000074b800000|  0%| F|  |TAMS 0x000000074b700000, 0x000000074b700000| Untracked 
|  38|0x000000074b800000, 0x000000074b800000, 0x000000074b900000|  0%| F|  |TAMS 0x000000074b800000, 0x000000074b800000| Untracked 
|  39|0x000000074b900000, 0x000000074b900000, 0x000000074ba00000|  0%| F|  |TAMS 0x000000074b900000, 0x000000074b900000| Untracked 
|  40|0x000000074ba00000, 0x000000074ba00000, 0x000000074bb00000|  0%| F|  |TAMS 0x000000074ba00000, 0x000000074ba00000| Untracked 
|  41|0x000000074bb00000, 0x000000074bb00000, 0x000000074bc00000|  0%| F|  |TAMS 0x000000074bb00000, 0x000000074bb00000| Untracked 
|  42|0x000000074bc00000, 0x000000074bc00000, 0x000000074bd00000|  0%| F|  |TAMS 0x000000074bc00000, 0x000000074bc00000| Untracked 
|  43|0x000000074bd00000, 0x000000074bd00000, 0x000000074be00000|  0%| F|  |TAMS 0x000000074bd00000, 0x000000074bd00000| Untracked 
|  44|0x000000074be00000, 0x000000074be00000, 0x000000074bf00000|  0%| F|  |TAMS 0x000000074be00000, 0x000000074be00000| Untracked 
|  45|0x000000074bf00000, 0x000000074bf00000, 0x000000074c000000|  0%| F|  |TAMS 0x000000074bf00000, 0x000000074bf00000| Untracked 
|  46|0x000000074c000000, 0x000000074c000000, 0x000000074c100000|  0%| F|  |TAMS 0x000000074c000000, 0x000000074c000000| Untracked 
|  47|0x000000074c100000, 0x000000074c100000, 0x000000074c200000|  0%| F|  |TAMS 0x000000074c100000, 0x000000074c100000| Untracked 
|  48|0x000000074c200000, 0x000000074c200000, 0x000000074c300000|  0%| F|  |TAMS 0x000000074c200000, 0x000000074c200000| Untracked 
|  49|0x000000074c300000, 0x000000074c300000, 0x000000074c400000|  0%| F|  |TAMS 0x000000074c300000, 0x000000074c300000| Untracked 
|  50|0x000000074c400000, 0x000000074c400000, 0x000000074c500000|  0%| F|  |TAMS 0x000000074c400000, 0x000000074c400000| Untracked 
|  51|0x000000074c500000, 0x000000074c500000, 0x000000074c600000|  0%| F|  |TAMS 0x000000074c500000, 0x000000074c500000| Untracked 
|  52|0x000000074c600000, 0x000000074c600000, 0x000000074c700000|  0%| F|  |TAMS 0x000000074c600000, 0x000000074c600000| Untracked 
|  53|0x000000074c700000, 0x000000074c700000, 0x000000074c800000|  0%| F|  |TAMS 0x000000074c700000, 0x000000074c700000| Untracked 
|  54|0x000000074c800000, 0x000000074c800000, 0x000000074c900000|  0%| F|  |TAMS 0x000000074c800000, 0x000000074c800000| Untracked 
|  55|0x000000074c900000, 0x000000074c900000, 0x000000074ca00000|  0%| F|  |TAMS 0x000000074c900000, 0x000000074c900000| Untracked 
|  56|0x000000074ca00000, 0x000000074ca00000, 0x000000074cb00000|  0%| F|  |TAMS 0x000000074ca00000, 0x000000074ca00000| Untracked 
|  57|0x000000074cb00000, 0x000000074cb00000, 0x000000074cc00000|  0%| F|  |TAMS 0x000000074cb00000, 0x000000074cb00000| Untracked 
|  58|0x000000074cc00000, 0x000000074cc00000, 0x000000074cd00000|  0%| F|  |TAMS 0x000000074cc00000, 0x000000074cc00000| Untracked 
|  59|0x000000074cd00000, 0x000000074cd00000, 0x000000074ce00000|  0%| F|  |TAMS 0x000000074cd00000, 0x000000074cd00000| Untracked 
|  60|0x000000074ce00000, 0x000000074ce00000, 0x000000074cf00000|  0%| F|  |TAMS 0x000000074ce00000, 0x000000074ce00000| Untracked 
|  61|0x000000074cf00000, 0x000000074cf00000, 0x000000074d000000|  0%| F|  |TAMS 0x000000074cf00000, 0x000000074cf00000| Untracked 
|  62|0x000000074d000000, 0x000000074d000000, 0x000000074d100000|  0%| F|  |TAMS 0x000000074d000000, 0x000000074d000000| Untracked 
|  63|0x000000074d100000, 0x000000074d100000, 0x000000074d200000|  0%| F|  |TAMS 0x000000074d100000, 0x000000074d100000| Untracked 
|  64|0x000000074d200000, 0x000000074d200000, 0x000000074d300000|  0%| F|  |TAMS 0x000000074d200000, 0x000000074d200000| Untracked 
|  65|0x000000074d300000, 0x000000074d300000, 0x000000074d400000|  0%| F|  |TAMS 0x000000074d300000, 0x000000074d300000| Untracked 
|  66|0x000000074d400000, 0x000000074d400000, 0x000000074d500000|  0%| F|  |TAMS 0x000000074d400000, 0x000000074d400000| Untracked 
|  67|0x000000074d500000, 0x000000074d500000, 0x000000074d600000|  0%| F|  |TAMS 0x000000074d500000, 0x000000074d500000| Untracked 
|  68|0x000000074d600000, 0x000000074d600000, 0x000000074d700000|  0%| F|  |TAMS 0x000000074d600000, 0x000000074d600000| Untracked 
|  69|0x000000074d700000, 0x000000074d700000, 0x000000074d800000|  0%| F|  |TAMS 0x000000074d700000, 0x000000074d700000| Untracked 
|  70|0x000000074d800000, 0x000000074d800000, 0x000000074d900000|  0%| F|  |TAMS 0x000000074d800000, 0x000000074d800000| Untracked 
|  71|0x000000074d900000, 0x000000074d900000, 0x000000074da00000|  0%| F|  |TAMS 0x000000074d900000, 0x000000074d900000| Untracked 
|  72|0x000000074da00000, 0x000000074da00000, 0x000000074db00000|  0%| F|  |TAMS 0x000000074da00000, 0x000000074da00000| Untracked 
|  73|0x000000074db00000, 0x000000074db00000, 0x000000074dc00000|  0%| F|  |TAMS 0x000000074db00000, 0x000000074db00000| Untracked 
|  74|0x000000074dc00000, 0x000000074dc00000, 0x000000074dd00000|  0%| F|  |TAMS 0x000000074dc00000, 0x000000074dc00000| Untracked 
|  75|0x000000074dd00000, 0x000000074dd00000, 0x000000074de00000|  0%| F|  |TAMS 0x000000074dd00000, 0x000000074dd00000| Untracked 
|  76|0x000000074de00000, 0x000000074de00000, 0x000000074df00000|  0%| F|  |TAMS 0x000000074de00000, 0x000000074de00000| Untracked 
|  77|0x000000074df00000, 0x000000074df00000, 0x000000074e000000|  0%| F|  |TAMS 0x000000074df00000, 0x000000074df00000| Untracked 
|  78|0x000000074e000000, 0x000000074e000000, 0x000000074e100000|  0%| F|  |TAMS 0x000000074e000000, 0x000000074e000000| Untracked 
|  79|0x000000074e100000, 0x000000074e100000, 0x000000074e200000|  0%| F|  |TAMS 0x000000074e100000, 0x000000074e100000| Untracked 
|  80|0x000000074e200000, 0x000000074e200000, 0x000000074e300000|  0%| F|  |TAMS 0x000000074e200000, 0x000000074e200000| Untracked 
|  81|0x000000074e300000, 0x000000074e300000, 0x000000074e400000|  0%| F|  |TAMS 0x000000074e300000, 0x000000074e300000| Untracked 
|  82|0x000000074e400000, 0x000000074e400000, 0x000000074e500000|  0%| F|  |TAMS 0x000000074e400000, 0x000000074e400000| Untracked 
|  83|0x000000074e500000, 0x000000074e500000, 0x000000074e600000|  0%| F|  |TAMS 0x000000074e500000, 0x000000074e500000| Untracked 
|  84|0x000000074e600000, 0x000000074e600000, 0x000000074e700000|  0%| F|  |TAMS 0x000000074e600000, 0x000000074e600000| Untracked 
|  85|0x000000074e700000, 0x000000074e700000, 0x000000074e800000|  0%| F|  |TAMS 0x000000074e700000, 0x000000074e700000| Untracked 
|  86|0x000000074e800000, 0x000000074e800000, 0x000000074e900000|  0%| F|  |TAMS 0x000000074e800000, 0x000000074e800000| Untracked 
|  87|0x000000074e900000, 0x000000074e900000, 0x000000074ea00000|  0%| F|  |TAMS 0x000000074e900000, 0x000000074e900000| Untracked 
|  88|0x000000074ea00000, 0x000000074ea00000, 0x000000074eb00000|  0%| F|  |TAMS 0x000000074ea00000, 0x000000074ea00000| Untracked 
|  89|0x000000074eb00000, 0x000000074eb00000, 0x000000074ec00000|  0%| F|  |TAMS 0x000000074eb00000, 0x000000074eb00000| Untracked 
|  90|0x000000074ec00000, 0x000000074ec00000, 0x000000074ed00000|  0%| F|  |TAMS 0x000000074ec00000, 0x000000074ec00000| Untracked 
|  91|0x000000074ed00000, 0x000000074ed00000, 0x000000074ee00000|  0%| F|  |TAMS 0x000000074ed00000, 0x000000074ed00000| Untracked 
|  92|0x000000074ee00000, 0x000000074ee00000, 0x000000074ef00000|  0%| F|  |TAMS 0x000000074ee00000, 0x000000074ee00000| Untracked 
|  93|0x000000074ef00000, 0x000000074ef00000, 0x000000074f000000|  0%| F|  |TAMS 0x000000074ef00000, 0x000000074ef00000| Untracked 
|  94|0x000000074f000000, 0x000000074f000000, 0x000000074f100000|  0%| F|  |TAMS 0x000000074f000000, 0x000000074f000000| Untracked 
|  95|0x000000074f100000, 0x000000074f100000, 0x000000074f200000|  0%| F|  |TAMS 0x000000074f100000, 0x000000074f100000| Untracked 
|  96|0x000000074f200000, 0x000000074f200000, 0x000000074f300000|  0%| F|  |TAMS 0x000000074f200000, 0x000000074f200000| Untracked 
|  97|0x000000074f300000, 0x000000074f300000, 0x000000074f400000|  0%| F|  |TAMS 0x000000074f300000, 0x000000074f300000| Untracked 
|  98|0x000000074f400000, 0x000000074f400000, 0x000000074f500000|  0%| F|  |TAMS 0x000000074f400000, 0x000000074f400000| Untracked 
|  99|0x000000074f500000, 0x000000074f500000, 0x000000074f600000|  0%| F|  |TAMS 0x000000074f500000, 0x000000074f500000| Untracked 
| 100|0x000000074f600000, 0x000000074f600000, 0x000000074f700000|  0%| F|  |TAMS 0x000000074f600000, 0x000000074f600000| Untracked 
| 101|0x000000074f700000, 0x000000074f700000, 0x000000074f800000|  0%| F|  |TAMS 0x000000074f700000, 0x000000074f700000| Untracked 
| 102|0x000000074f800000, 0x000000074f800000, 0x000000074f900000|  0%| F|  |TAMS 0x000000074f800000, 0x000000074f800000| Untracked 
| 103|0x000000074f900000, 0x000000074f900000, 0x000000074fa00000|  0%| F|  |TAMS 0x000000074f900000, 0x000000074f900000| Untracked 
| 104|0x000000074fa00000, 0x000000074fa00000, 0x000000074fb00000|  0%| F|  |TAMS 0x000000074fa00000, 0x000000074fa00000| Untracked 
| 105|0x000000074fb00000, 0x000000074fb00000, 0x000000074fc00000|  0%| F|  |TAMS 0x000000074fb00000, 0x000000074fb00000| Untracked 
| 106|0x000000074fc00000, 0x000000074fc00000, 0x000000074fd00000|  0%| F|  |TAMS 0x000000074fc00000, 0x000000074fc00000| Untracked 
| 107|0x000000074fd00000, 0x000000074fd00000, 0x000000074fe00000|  0%| F|  |TAMS 0x000000074fd00000, 0x000000074fd00000| Untracked 
| 108|0x000000074fe00000, 0x000000074fe00000, 0x000000074ff00000|  0%| F|  |TAMS 0x000000074fe00000, 0x000000074fe00000| Untracked 
| 109|0x000000074ff00000, 0x000000074ff00000, 0x0000000750000000|  0%| F|  |TAMS 0x000000074ff00000, 0x000000074ff00000| Untracked 
| 110|0x0000000750000000, 0x0000000750000000, 0x0000000750100000|  0%| F|  |TAMS 0x0000000750000000, 0x0000000750000000| Untracked 
| 111|0x0000000750100000, 0x0000000750100000, 0x0000000750200000|  0%| F|  |TAMS 0x0000000750100000, 0x0000000750100000| Untracked 
| 112|0x0000000750200000, 0x0000000750200000, 0x0000000750300000|  0%| F|  |TAMS 0x0000000750200000, 0x0000000750200000| Untracked 
| 113|0x0000000750300000, 0x0000000750300000, 0x0000000750400000|  0%| F|  |TAMS 0x0000000750300000, 0x0000000750300000| Untracked 
| 114|0x0000000750400000, 0x0000000750400000, 0x0000000750500000|  0%| F|  |TAMS 0x0000000750400000, 0x0000000750400000| Untracked 
| 115|0x0000000750500000, 0x0000000750500000, 0x0000000750600000|  0%| F|  |TAMS 0x0000000750500000, 0x0000000750500000| Untracked 
| 116|0x0000000750600000, 0x0000000750600000, 0x0000000750700000|  0%| F|  |TAMS 0x0000000750600000, 0x0000000750600000| Untracked 
| 117|0x0000000750700000, 0x0000000750700000, 0x0000000750800000|  0%| F|  |TAMS 0x0000000750700000, 0x0000000750700000| Untracked 
| 118|0x0000000750800000, 0x0000000750800000, 0x0000000750900000|  0%| F|  |TAMS 0x0000000750800000, 0x0000000750800000| Untracked 
| 119|0x0000000750900000, 0x0000000750900000, 0x0000000750a00000|  0%| F|  |TAMS 0x0000000750900000, 0x0000000750900000| Untracked 
| 120|0x0000000750a00000, 0x0000000750a00000, 0x0000000750b00000|  0%| F|  |TAMS 0x0000000750a00000, 0x0000000750a00000| Untracked 
| 121|0x0000000750b00000, 0x0000000750b00000, 0x0000000750c00000|  0%| F|  |TAMS 0x0000000750b00000, 0x0000000750b00000| Untracked 
| 122|0x0000000750c00000, 0x0000000750c00000, 0x0000000750d00000|  0%| F|  |TAMS 0x0000000750c00000, 0x0000000750c00000| Untracked 
| 123|0x0000000750d00000, 0x0000000750d00000, 0x0000000750e00000|  0%| F|  |TAMS 0x0000000750d00000, 0x0000000750d00000| Untracked 
| 124|0x0000000750e00000, 0x0000000750e00000, 0x0000000750f00000|  0%| F|  |TAMS 0x0000000750e00000, 0x0000000750e00000| Untracked 
| 125|0x0000000750f00000, 0x0000000750f00000, 0x0000000751000000|  0%| F|  |TAMS 0x0000000750f00000, 0x0000000750f00000| Untracked 
| 126|0x0000000751000000, 0x0000000751000000, 0x0000000751100000|  0%| F|  |TAMS 0x0000000751000000, 0x0000000751000000| Untracked 
| 127|0x0000000751100000, 0x0000000751100000, 0x0000000751200000|  0%| F|  |TAMS 0x0000000751100000, 0x0000000751100000| Untracked 
| 128|0x0000000751200000, 0x0000000751200000, 0x0000000751300000|  0%| F|  |TAMS 0x0000000751200000, 0x0000000751200000| Untracked 
| 129|0x0000000751300000, 0x0000000751300000, 0x0000000751400000|  0%| F|  |TAMS 0x0000000751300000, 0x0000000751300000| Untracked 
| 130|0x0000000751400000, 0x0000000751400000, 0x0000000751500000|  0%| F|  |TAMS 0x0000000751400000, 0x0000000751400000| Untracked 
| 131|0x0000000751500000, 0x0000000751500000, 0x0000000751600000|  0%| F|  |TAMS 0x0000000751500000, 0x0000000751500000| Untracked 
| 132|0x0000000751600000, 0x0000000751600000, 0x0000000751700000|  0%| F|  |TAMS 0x0000000751600000, 0x0000000751600000| Untracked 
| 133|0x0000000751700000, 0x0000000751700000, 0x0000000751800000|  0%| F|  |TAMS 0x0000000751700000, 0x0000000751700000| Untracked 
| 134|0x0000000751800000, 0x0000000751800000, 0x0000000751900000|  0%| F|  |TAMS 0x0000000751800000, 0x0000000751800000| Untracked 
| 135|0x0000000751900000, 0x0000000751900000, 0x0000000751a00000|  0%| F|  |TAMS 0x0000000751900000, 0x0000000751900000| Untracked 
| 136|0x0000000751a00000, 0x0000000751a00000, 0x0000000751b00000|  0%| F|  |TAMS 0x0000000751a00000, 0x0000000751a00000| Untracked 
| 137|0x0000000751b00000, 0x0000000751b00000, 0x0000000751c00000|  0%| F|  |TAMS 0x0000000751b00000, 0x0000000751b00000| Untracked 
| 138|0x0000000751c00000, 0x0000000751c00000, 0x0000000751d00000|  0%| F|  |TAMS 0x0000000751c00000, 0x0000000751c00000| Untracked 
| 139|0x0000000751d00000, 0x0000000751d00000, 0x0000000751e00000|  0%| F|  |TAMS 0x0000000751d00000, 0x0000000751d00000| Untracked 
| 140|0x0000000751e00000, 0x0000000751e00000, 0x0000000751f00000|  0%| F|  |TAMS 0x0000000751e00000, 0x0000000751e00000| Untracked 
| 141|0x0000000751f00000, 0x0000000751f00000, 0x0000000752000000|  0%| F|  |TAMS 0x0000000751f00000, 0x0000000751f00000| Untracked 
| 142|0x0000000752000000, 0x0000000752000000, 0x0000000752100000|  0%| F|  |TAMS 0x0000000752000000, 0x0000000752000000| Untracked 
| 143|0x0000000752100000, 0x0000000752100000, 0x0000000752200000|  0%| F|  |TAMS 0x0000000752100000, 0x0000000752100000| Untracked 
| 144|0x0000000752200000, 0x0000000752200000, 0x0000000752300000|  0%| F|  |TAMS 0x0000000752200000, 0x0000000752200000| Untracked 
| 145|0x0000000752300000, 0x0000000752300000, 0x0000000752400000|  0%| F|  |TAMS 0x0000000752300000, 0x0000000752300000| Untracked 
| 146|0x0000000752400000, 0x0000000752400000, 0x0000000752500000|  0%| F|  |TAMS 0x0000000752400000, 0x0000000752400000| Untracked 
| 147|0x0000000752500000, 0x0000000752500000, 0x0000000752600000|  0%| F|  |TAMS 0x0000000752500000, 0x0000000752500000| Untracked 
| 148|0x0000000752600000, 0x0000000752600000, 0x0000000752700000|  0%| F|  |TAMS 0x0000000752600000, 0x0000000752600000| Untracked 
| 149|0x0000000752700000, 0x0000000752700000, 0x0000000752800000|  0%| F|  |TAMS 0x0000000752700000, 0x0000000752700000| Untracked 
| 150|0x0000000752800000, 0x0000000752800000, 0x0000000752900000|  0%| F|  |TAMS 0x0000000752800000, 0x0000000752800000| Untracked 
| 151|0x0000000752900000, 0x0000000752900000, 0x0000000752a00000|  0%| F|  |TAMS 0x0000000752900000, 0x0000000752900000| Untracked 
| 152|0x0000000752a00000, 0x0000000752a00000, 0x0000000752b00000|  0%| F|  |TAMS 0x0000000752a00000, 0x0000000752a00000| Untracked 
| 153|0x0000000752b00000, 0x0000000752b00000, 0x0000000752c00000|  0%| F|  |TAMS 0x0000000752b00000, 0x0000000752b00000| Untracked 
| 154|0x0000000752c00000, 0x0000000752c00000, 0x0000000752d00000|  0%| F|  |TAMS 0x0000000752c00000, 0x0000000752c00000| Untracked 
| 155|0x0000000752d00000, 0x0000000752d00000, 0x0000000752e00000|  0%| F|  |TAMS 0x0000000752d00000, 0x0000000752d00000| Untracked 
| 156|0x0000000752e00000, 0x0000000752e00000, 0x0000000752f00000|  0%| F|  |TAMS 0x0000000752e00000, 0x0000000752e00000| Untracked 
| 157|0x0000000752f00000, 0x0000000753000000, 0x0000000753000000|100%| E|  |TAMS 0x0000000752f00000, 0x0000000752f00000| Complete 
| 158|0x0000000753000000, 0x0000000753100000, 0x0000000753100000|100%| E|CS|TAMS 0x0000000753000000, 0x0000000753000000| Complete 
| 159|0x0000000753100000, 0x0000000753200000, 0x0000000753200000|100%| E|CS|TAMS 0x0000000753100000, 0x0000000753100000| Complete 
| 160|0x0000000753200000, 0x0000000753300000, 0x0000000753300000|100%| E|CS|TAMS 0x0000000753200000, 0x0000000753200000| Complete 
| 161|0x0000000753300000, 0x0000000753400000, 0x0000000753400000|100%| E|CS|TAMS 0x0000000753300000, 0x0000000753300000| Complete 
| 162|0x0000000753400000, 0x0000000753500000, 0x0000000753500000|100%| E|CS|TAMS 0x0000000753400000, 0x0000000753400000| Complete 
| 163|0x0000000753500000, 0x0000000753600000, 0x0000000753600000|100%| E|CS|TAMS 0x0000000753500000, 0x0000000753500000| Complete 
| 164|0x0000000753600000, 0x0000000753700000, 0x0000000753700000|100%| E|CS|TAMS 0x0000000753600000, 0x0000000753600000| Complete 
| 165|0x0000000753700000, 0x0000000753800000, 0x0000000753800000|100%| E|CS|TAMS 0x0000000753700000, 0x0000000753700000| Complete 
| 166|0x0000000753800000, 0x0000000753900000, 0x0000000753900000|100%| E|CS|TAMS 0x0000000753800000, 0x0000000753800000| Complete 
| 167|0x0000000753900000, 0x0000000753a00000, 0x0000000753a00000|100%| E|CS|TAMS 0x0000000753900000, 0x0000000753900000| Complete 
| 168|0x0000000753a00000, 0x0000000753aacc90, 0x0000000753b00000| 67%| S|CS|TAMS 0x0000000753a00000, 0x0000000753a00000| Complete 
| 169|0x0000000753b00000, 0x0000000753c00000, 0x0000000753c00000|100%| S|CS|TAMS 0x0000000753b00000, 0x0000000753b00000| Complete 
| 170|0x0000000753c00000, 0x0000000753d00000, 0x0000000753d00000|100%| E|CS|TAMS 0x0000000753c00000, 0x0000000753c00000| Complete 
| 171|0x0000000753d00000, 0x0000000753e00000, 0x0000000753e00000|100%| E|CS|TAMS 0x0000000753d00000, 0x0000000753d00000| Complete 
| 172|0x0000000753e00000, 0x0000000753f00000, 0x0000000753f00000|100%| E|CS|TAMS 0x0000000753e00000, 0x0000000753e00000| Complete 
| 173|0x0000000753f00000, 0x0000000754000000, 0x0000000754000000|100%| E|CS|TAMS 0x0000000753f00000, 0x0000000753f00000| Complete 
| 174|0x0000000754000000, 0x0000000754100000, 0x0000000754100000|100%| E|CS|TAMS 0x0000000754000000, 0x0000000754000000| Complete 
| 175|0x0000000754100000, 0x0000000754200000, 0x0000000754200000|100%| E|CS|TAMS 0x0000000754100000, 0x0000000754100000| Complete 
| 176|0x0000000754200000, 0x0000000754300000, 0x0000000754300000|100%| E|CS|TAMS 0x0000000754200000, 0x0000000754200000| Complete 
| 177|0x0000000754300000, 0x0000000754400000, 0x0000000754400000|100%| E|CS|TAMS 0x0000000754300000, 0x0000000754300000| Complete 
| 178|0x0000000754400000, 0x0000000754500000, 0x0000000754500000|100%| E|CS|TAMS 0x0000000754400000, 0x0000000754400000| Complete 
| 179|0x0000000754500000, 0x0000000754600000, 0x0000000754600000|100%| E|CS|TAMS 0x0000000754500000, 0x0000000754500000| Complete 
| 180|0x0000000754600000, 0x0000000754700000, 0x0000000754700000|100%| E|CS|TAMS 0x0000000754600000, 0x0000000754600000| Complete 
| 181|0x0000000754700000, 0x0000000754800000, 0x0000000754800000|100%| E|CS|TAMS 0x0000000754700000, 0x0000000754700000| Complete 
| 182|0x0000000754800000, 0x0000000754900000, 0x0000000754900000|100%| E|CS|TAMS 0x0000000754800000, 0x0000000754800000| Complete 
| 183|0x0000000754900000, 0x0000000754a00000, 0x0000000754a00000|100%| E|CS|TAMS 0x0000000754900000, 0x0000000754900000| Complete 
|1900|0x00000007bfe00000, 0x00000007bfe47000, 0x00000007bff00000| 27%|OA|  |TAMS 0x00000007bfe00000, 0x00000007bfe00000| Untracked 
|1901|0x00000007bff00000, 0x00000007bff6a000, 0x00000007c0000000| 41%|CA|  |TAMS 0x00000007bff00000, 0x00000007bff00000| Untracked 

Card table byte_map: [0x00007f9b9b391000,0x00007f9b9b948000] _byte_map_base: 0x00007f9b97948000

Marking Bits (Prev, Next): (CMBitMap*) 0x00007f9bb806b5f8, (CMBitMap*) 0x00007f9bb806b630
 Prev Bits: [0x00007f9b98022000, 0x00007f9b9adda000)
 Next Bits: [0x00007f9b9526a000, 0x00007f9b98022000)

Polling page: 0x00007f9bbffb6000

Metaspace:

Usage:
  Non-class:      6,54 MB capacity,     5,91 MB ( 90%) used,   602,15 KB (  9%) free+waste,    42,12 KB ( <1%) overhead. 
      Class:    957,00 KB capacity,   788,66 KB ( 82%) used,   146,53 KB ( 15%) free+waste,    21,81 KB (  2%) overhead. 
       Both:      7,48 MB capacity,     6,68 MB ( 89%) used,   748,68 KB ( 10%) free+waste,    63,94 KB ( <1%) overhead. 

Virtual space:
  Non-class space:        8,00 MB reserved,       6,75 MB ( 84%) committed 
      Class space:        1,00 GB reserved,       1,00 MB ( <1%) committed 
             Both:        1,01 GB reserved,       7,75 MB ( <1%) committed 

Chunk freelists:
   Non-Class:  27,00 KB
       Class:  0 bytes
        Both:  27,00 KB

MaxMetaspaceSize: unlimited
CompressedClassSpaceSize: 1,00 GB

CodeHeap 'non-profiled nmethods': size=120032Kb used=598Kb max_used=598Kb free=119433Kb
 bounds [0x00007f9ba7fc7000, 0x00007f9ba8237000, 0x00007f9baf4ff000]
CodeHeap 'profiled nmethods': size=120032Kb used=3093Kb max_used=3093Kb free=116938Kb
 bounds [0x00007f9ba0a8f000, 0x00007f9ba0d9f000, 0x00007f9ba7fc7000]
CodeHeap 'non-nmethods': size=5696Kb used=1153Kb max_used=1218Kb free=4542Kb
 bounds [0x00007f9ba04ff000, 0x00007f9ba076f000, 0x00007f9ba0a8f000]
 total_blobs=2024 nmethods=1310 adapters=316
 compilation: enabled
              stopped_count=0, restarted_count=0
 full_count=0

Compilation events (20 events):
Event: 1,307 Thread 0x00007f9bb81d7800 1294       1       java.util.ArrayList$ArrayListSpliterator::characteristics (4 bytes)
Event: 1,307 Thread 0x00007f9bb81d7800 nmethod 1294 0x00007f9ba803c710 code [0x00007f9ba803c8c0, 0x00007f9ba803c9f0]
Event: 1,320 Thread 0x00007f9bb81d7800 1314       3       org.eclipse.jdt.launching.internal.org.objectweb.asm.ClassReader::readUtf (161 bytes)
Event: 1,320 Thread 0x00007f9bb81d7800 nmethod 1314 0x00007f9ba0d91e90 code [0x00007f9ba0d920a0, 0x00007f9ba0d92718]
Event: 1,321 Thread 0x00007f9bb81d7800 1313       3       jdk.internal.loader.ClassLoaders$AppClassLoader::loadClass (40 bytes)
Event: 1,321 Thread 0x00007f9bb81d7800 nmethod 1313 0x00007f9ba0d92b10 code [0x00007f9ba0d92d80, 0x00007f9ba0d936f8]
Event: 1,343 Thread 0x00007f9b7006e000 nmethod 1220 0x00007f9ba803ca90 code [0x00007f9ba803cd40, 0x00007f9ba803fa00]
Event: 1,344 Thread 0x00007f9b7006e000 1305       4       org.eclipse.jdt.launching.internal.org.objectweb.asm.ByteVector::putUTF8 (144 bytes)
Event: 1,357 Thread 0x00007f9b7006e000 nmethod 1305 0x00007f9ba8041190 code [0x00007f9ba8041360, 0x00007f9ba8041cf8]
Event: 1,357 Thread 0x00007f9b7006e000 1307       4       org.eclipse.jdt.launching.internal.org.objectweb.asm.SymbolTable::addConstantUtf8 (98 bytes)
Event: 1,373 Thread 0x00007f9b7006e000 nmethod 1307 0x00007f9ba8042190 code [0x00007f9ba80423a0, 0x00007f9ba8042d50]
Event: 1,373 Thread 0x00007f9b7006e000 1219       4       java.util.concurrent.ConcurrentHashMap::get (162 bytes)
Event: 1,378 Thread 0x00007f9b7006e000 nmethod 1219 0x00007f9ba8043310 code [0x00007f9ba80434c0, 0x00007f9ba80438b8]
Event: 1,378 Thread 0x00007f9b7006e000 1240       4       org.eclipse.jdt.launching.internal.org.objectweb.asm.ClassReader::readClass (7 bytes)
Event: 1,398 Thread 0x00007f9b7006e000 nmethod 1240 0x00007f9ba8043b90 code [0x00007f9ba8043d80, 0x00007f9ba8044818]
Event: 2,411 Thread 0x00007f9bb81d5000 nmethod 900 0x00007f9ba8045010 code [0x00007f9ba8045760, 0x00007f9ba8052b10]
Event: 133,969 Thread 0x00007f9bb81d5000 1315       4       org.eclipse.jdt.launching.internal.org.objectweb.asm.ByteVector::encodeUtf8 (337 bytes)
Event: 133,989 Thread 0x00007f9bb81d7800 1316       3       org.eclipse.jdt.launching.internal.org.objectweb.asm.SymbolTable::addConstantUtf8Reference (101 bytes)
Event: 133,990 Thread 0x00007f9bb81d7800 nmethod 1316 0x00007f9ba0d93a90 code [0x00007f9ba0d93ce0, 0x00007f9ba0d943f8]
Event: 133,993 Thread 0x00007f9bb81d5000 nmethod 1315 0x00007f9ba805b290 code [0x00007f9ba805b480, 0x00007f9ba805c278]

GC Heap History (2 events):
Event: 0,496 GC heap before
{Heap before GC invocations=0 (full 0):
 garbage-first heap   total 190464K, used 14020K [0x0000000749200000, 0x0000000800000000)
  region size 1024K, 14 young (14336K), 0 survivors (0K)
 Metaspace       used 3774K, capacity 5273K, committed 5376K, reserved 1056768K
  class space    used 347K, capacity 499K, committed 512K, reserved 1048576K
}
Event: 0,515 GC heap after
{Heap after GC invocations=1 (full 0):
 garbage-first heap   total 190464K, used 2423K [0x0000000749200000, 0x0000000800000000)
  region size 1024K, 2 young (2048K), 2 survivors (2048K)
 Metaspace       used 3774K, capacity 5273K, committed 5376K, reserved 1056768K
  class space    used 347K, capacity 499K, committed 512K, reserved 1048576K
}

Deoptimization events (20 events):
Event: 1,274 Thread 0x00007f9bb8018800 Uncommon trap: trap_request=0xffffff4d fr.pc=0x00007f9ba7fedbfc relative=0x000000000000049c
Event: 1,274 Thread 0x00007f9bb8018800 Uncommon trap: reason=unstable_if action=reinterpret pc=0x00007f9ba7fedbfc method=org.eclipse.jdt.launching.internal.org.objectweb.asm.ClassReader.readUtf(II[C)Ljava/lang/String; @ 41 c2
Event: 1,274 Thread 0x00007f9bb8018800 DEOPT PACKING pc=0x00007f9ba7fedbfc sp=0x00007f9bbff98420
Event: 1,274 Thread 0x00007f9bb8018800 DEOPT UNPACKING pc=0x00007f9ba05382a5 sp=0x00007f9bbff98408 mode 2
Event: 1,274 Thread 0x00007f9bb8018800 Uncommon trap: trap_request=0xffffff4d fr.pc=0x00007f9ba7feba9c relative=0x000000000000037c
Event: 1,274 Thread 0x00007f9bb8018800 Uncommon trap: reason=unstable_if action=reinterpret pc=0x00007f9ba7feba9c method=java.lang.StringUTF16.compress([CI[BII)I @ 20 c2
Event: 1,274 Thread 0x00007f9bb8018800 DEOPT PACKING pc=0x00007f9ba7feba9c sp=0x00007f9bbff98220
Event: 1,274 Thread 0x00007f9bb8018800 DEOPT UNPACKING pc=0x00007f9ba05382a5 sp=0x00007f9bbff981e8 mode 2
Event: 1,274 Thread 0x00007f9bb8018800 Uncommon trap: trap_request=0xffffff4d fr.pc=0x00007f9ba7fce35c relative=0x000000000000023c
Event: 1,274 Thread 0x00007f9bb8018800 Uncommon trap: reason=unstable_if action=reinterpret pc=0x00007f9ba7fce35c method=java.lang.String.isLatin1()Z @ 10 c2
Event: 1,274 Thread 0x00007f9bb8018800 DEOPT PACKING pc=0x00007f9ba7fce35c sp=0x00007f9bbff98320
Event: 1,274 Thread 0x00007f9bb8018800 DEOPT UNPACKING pc=0x00007f9ba05382a5 sp=0x00007f9bbff98278 mode 2
Event: 1,274 Thread 0x00007f9bb8018800 Uncommon trap: trap_request=0xffffff7e fr.pc=0x00007f9ba7ff3054 relative=0x0000000000000574
Event: 1,274 Thread 0x00007f9bb8018800 Uncommon trap: reason=predicate action=maybe_recompile pc=0x00007f9ba7ff3054 method=org.eclipse.jdt.launching.internal.org.objectweb.asm.ByteVector.putUTF8(Ljava/lang/String;)Lorg/eclipse/jdt/launching/internal/org/objectweb/asm/ByteVector; @ 79 c2
Event: 1,274 Thread 0x00007f9bb8018800 DEOPT PACKING pc=0x00007f9ba7ff3054 sp=0x00007f9bbff982d0
Event: 1,274 Thread 0x00007f9bb8018800 DEOPT UNPACKING pc=0x00007f9ba05382a5 sp=0x00007f9bbff98290 mode 2
Event: 1,276 Thread 0x00007f9bb8018800 Uncommon trap: trap_request=0xffffff4d fr.pc=0x00007f9ba7fe00e4 relative=0x0000000000000044
Event: 1,276 Thread 0x00007f9bb8018800 Uncommon trap: reason=unstable_if action=reinterpret pc=0x00007f9ba7fe00e4 method=java.lang.CharacterData.of(I)Ljava/lang/CharacterData; @ 4 c2
Event: 1,276 Thread 0x00007f9bb8018800 DEOPT PACKING pc=0x00007f9ba7fe00e4 sp=0x00007f9bbff9a360
Event: 1,276 Thread 0x00007f9bb8018800 DEOPT UNPACKING pc=0x00007f9ba05382a5 sp=0x00007f9bbff9a318 mode 2

Classes redefined (4 events):
Event: 100,122 Thread 0x00007f9bb81c7800 redefined class name=Prog2.Exercises.Exercise1.Lifo, count=1
Event: 133,986 Thread 0x00007f9bb81c7800 redefined class name=Prog2.Exercises.Exercise1.FifoLifoUnitTest, count=1
Event: 419,177 Thread 0x00007f9bb81c7800 redefined class name=Prog2.Exercises.Exercise1.FifoLifoUnitTest, count=2
Event: 492,471 Thread 0x00007f9bb81c7800 redefined class name=Prog2.Exercises.Exercise1.FifoLifoUnitTest, count=3

Internal exceptions (20 events):
Event: 0,676 Thread 0x00007f9bb8018800 Exception <a 'java/lang/IncompatibleClassChangeError'{0x00000007544074c0}: Found class java.lang.Object, but interface was expected> (0x00000007544074c0) thrown at [./src/hotspot/share/interpreter/linkResolver.cpp, line 839]
Event: 0,725 Thread 0x00007f9bb8018800 Exception <a 'java/lang/NoSuchMethodError'{0x0000000754369738}: 'int java.lang.invoke.DirectMethodHandle$Holder.invokeSpecialIFC(java.lang.Object, java.lang.Object, int)'> (0x0000000754369738) thrown at [./src/hotspot/share/interpreter/linkResolver.cpp, line 773]
Event: 0,740 Thread 0x00007f9bb8018800 Exception <a 'java/lang/NoSuchMethodError'{0x00000007543bf6e0}: 'java.lang.Object java.lang.invoke.DirectMethodHandle$Holder.invokeStaticInit(java.lang.Object, java.lang.Object, java.lang.Object)'> (0x00000007543bf6e0) thrown at [./src/hotspot/share/interpreter/linkResolver.cpp, line 773]
Event: 0,742 Thread 0x00007f9bb8018800 Exception <a 'java/lang/NoSuchMethodError'{0x00000007543c62b8}: 'void java.lang.invoke.DirectMethodHandle$Holder.invokeStaticInit(java.lang.Object, java.lang.Object, java.lang.Object)'> (0x00000007543c62b8) thrown at [./src/hotspot/share/interpreter/linkResolver.cpp, line 773]
Event: 0,874 Thread 0x00007f9bb8018800 Exception <a 'java/lang/NoSuchMethodError'{0x0000000753f40520}: 'java.lang.Object java.lang.invoke.DirectMethodHandle$Holder.invokeSpecialIFC(java.lang.Object, java.lang.Object, java.lang.Object, java.lang.Object)'> (0x0000000753f40520) thrown at [./src/hotspot/share/interpreter/linkResolver.cpp, line 773]
Event: 0,910 Thread 0x00007f9bb8018800 Exception <a 'java/lang/NoSuchMethodError'{0x0000000753e728b8}: 'java.lang.Object java.lang.invoke.Invokers$Holder.linkToTargetMethod(java.lang.Object, java.lang.Object, java.lang.Object, java.lang.Object, java.lang.Object, java.lang.Object)'> (0x0000000753e728b8) thrown at [./src/hotspot/share/interpreter/linkResolver.cpp, line 773]
Event: 0,921 Thread 0x00007f9bb8018800 Exception <a 'java/lang/IncompatibleClassChangeError'{0x0000000753d0c5c0}: Found class java.lang.Object, but interface was expected> (0x0000000753d0c5c0) thrown at [./src/hotspot/share/interpreter/linkResolver.cpp, line 839]
Event: 0,937 Thread 0x00007f9bb8018800 Exception <a 'java/lang/IncompatibleClassChangeError'{0x0000000753d5a358}: Found class java.lang.Object, but interface was expected> (0x0000000753d5a358) thrown at [./src/hotspot/share/interpreter/linkResolver.cpp, line 839]
Event: 0,946 Thread 0x00007f9bb8018800 Exception <a 'java/lang/NoSuchMethodError'{0x0000000753d933b0}: 'void java.lang.invoke.DirectMethodHandle$Holder.invokeSpecial(java.lang.Object, java.lang.Object, java.lang.Object, java.lang.Object, java.lang.Object)'> (0x0000000753d933b0) thrown at [./src/hotspot/share/interpreter/linkResolver.cpp, line 773]
Event: 0,951 Thread 0x00007f9bb8018800 Exception <a 'java/lang/NoSuchMethodError'{0x0000000753dac308}: 'void java.lang.invoke.DirectMethodHandle$Holder.invokeStatic(java.lang.Object, java.lang.Object, java.lang.Object, java.lang.Object)'> (0x0000000753dac308) thrown at [./src/hotspot/share/interpreter/linkResolver.cpp, line 773]
Event: 1,008 Thread 0x00007f9bb8018800 Exception <a 'java/lang/NoSuchMethodError'{0x00000007539f8978}: 'void java.lang.invoke.DirectMethodHandle$Holder.invokeInterface(java.lang.Object, java.lang.Object, java.lang.Object, java.lang.Object)'> (0x00000007539f8978) thrown at [./src/hotspot/share/interpreter/linkResolver.cpp, line 773]
Event: 1,041 Thread 0x00007f9bb8018800 Exception <a 'java/lang/NoSuchMethodError'{0x00000007538e1ef0}: 'java.lang.Object java.lang.invoke.DirectMethodHandle$Holder.invokeVirtual(java.lang.Object, java.lang.Object, java.lang.Object)'> (0x00000007538e1ef0) thrown at [./src/hotspot/share/interpreter/linkResolver.cpp, line 773]
Event: 1,055 Thread 0x00007f9bb8018800 Exception <a 'java/lang/IncompatibleClassChangeError'{0x000000075376b5d8}: Found class java.lang.Object, but interface was expected> (0x000000075376b5d8) thrown at [./src/hotspot/share/interpreter/linkResolver.cpp, line 839]
Event: 1,121 Thread 0x00007f9bb8018800 Exception <a 'java/lang/NoSuchMethodError'{0x00000007535e42b8}: 'void java.lang.invoke.DirectMethodHandle$Holder.invokeSpecial(java.lang.Object, java.lang.Object)'> (0x00000007535e42b8) thrown at [./src/hotspot/share/interpreter/linkResolver.cpp, line 773]
Event: 1,138 Thread 0x00007f9bb8018800 Exception <a 'java/lang/NoSuchMethodError'{0x00000007534bbe40}: 'int java.lang.invoke.DirectMethodHandle$Holder.invokeStatic(java.lang.Object, java.lang.Object, java.lang.Object, java.lang.Object, java.lang.Object)'> (0x00000007534bbe40) thrown at [./src/hotspot/share/interpreter/linkResolver.cpp, line 773]
Event: 1,177 Thread 0x00007f9bb8018800 Exception <a 'java/lang/NoSuchMethodError'{0x00000007532628b8}: 'int java.lang.invoke.DirectMethodHandle$Holder.invokeStaticInit(java.lang.Object, java.lang.Object, java.lang.Object)'> (0x00000007532628b8) thrown at [./src/hotspot/share/interpreter/linkResolver.cpp, line 773]
Event: 1,220 Thread 0x00007f9bb8018800 Exception <a 'java/lang/NoSuchMethodError'{0x000000075314a0b8}: 'int java.lang.invoke.DirectMethodHandle$Holder.invokeStaticInit(java.lang.Object, java.lang.Object)'> (0x000000075314a0b8) thrown at [./src/hotspot/share/interpreter/linkResolver.cpp, line 773]
Event: 1,245 Thread 0x00007f9bb8018800 Exception <a 'java/lang/NoSuchMethodError'{0x00000007531d9fc8}: 'java.lang.Object java.lang.invoke.DirectMethodHandle$Holder.invokeInterface(java.lang.Object, java.lang.Object, java.lang.Object, java.lang.Object, java.lang.Object)'> (0x00000007531d9fc8) thrown at [./src/hotspot/share/interpreter/linkResolver.cpp, line 773]
Event: 1,246 Thread 0x00007f9bb8018800 Exception <a 'java/lang/IncompatibleClassChangeError'{0x00000007531dd720}: Found class java.lang.Object, but interface was expected> (0x00000007531dd720) thrown at [./src/hotspot/share/interpreter/linkResolver.cpp, line 839]
Event: 1,264 Thread 0x00007f9bb8018800 Exception <a 'java/lang/IncompatibleClassChangeError'{0x000000075304efc0}: Found class java.lang.Object, but interface was expected> (0x000000075304efc0) thrown at [./src/hotspot/share/interpreter/linkResolver.cpp, line 839]

Events (20 events):
Event: 492,498 Executing VM operation: ChangeBreakpoints done
Event: 492,511 Executing VM operation: ChangeBreakpoints
Event: 492,512 Executing VM operation: ChangeBreakpoints done
Event: 492,517 Executing VM operation: GetFrameCount
Event: 492,518 Executing VM operation: GetFrameCount done
Event: 492,518 Executing VM operation: GetStackTrace
Event: 492,518 Executing VM operation: GetStackTrace done
Event: 492,519 Executing VM operation: GetFrameCount
Event: 492,519 Executing VM operation: GetFrameCount done
Event: 492,519 Executing VM operation: SetFramePop
Event: 492,519 Executing VM operation: SetFramePop done
Event: 492,519 Executing VM operation: GetFrameLocation
Event: 492,519 Executing VM operation: GetFrameLocation done
Event: 492,519 Executing VM operation: GetCurrentLocation
Event: 492,519 Executing VM operation: GetCurrentLocation done
Event: 492,519 Executing VM operation: ChangeSingleStep
Event: 492,519 Executing VM operation: ChangeSingleStep done
Event: 492,519 Executing VM operation: GetFrameLocation
Event: 492,519 Executing VM operation: GetFrameLocation done
Event: 492,519 Executing VM operation: GetOrSetLocal


Dynamic libraries:
749200000-754a00000 rw-p 00000000 00:00 0 
754a00000-7bfe00000 ---p 00000000 00:00 0 
7bfe00000-7bfe47000 rw-p 0110b000 08:05 2099985                          /usr/lib/jvm/java-11-openjdk-amd64/lib/server/classes.jsa
7bfe47000-7bff00000 rw-p 00000000 00:00 0 
7bff00000-7bff6a000 rw-p 010a1000 08:05 2099985                          /usr/lib/jvm/java-11-openjdk-amd64/lib/server/classes.jsa
7bff6a000-7c0000000 rw-p 00000000 00:00 0 
7c0000000-800000000 ---p 00000000 00:00 0 
800000000-800002000 rwxp 00001000 08:05 2099985                          /usr/lib/jvm/java-11-openjdk-amd64/lib/server/classes.jsa
800002000-8010a0000 rw-p 00003000 08:05 2099985                          /usr/lib/jvm/java-11-openjdk-amd64/lib/server/classes.jsa
840000000-840100000 rw-p 00000000 00:00 0 
840100000-880000000 ---p 00000000 00:00 0 
55addc622000-55addc623000 r-xp 00000000 08:05 2099979                    /usr/lib/jvm/java-11-openjdk-amd64/bin/java
55addc823000-55addc824000 r--p 00001000 08:05 2099979                    /usr/lib/jvm/java-11-openjdk-amd64/bin/java
55addc824000-55addc825000 rw-p 00002000 08:05 2099979                    /usr/lib/jvm/java-11-openjdk-amd64/bin/java
55addd5cd000-55addd5ee000 rw-p 00000000 00:00 0                          [heap]
7f9b34000000-7f9b34021000 rw-p 00000000 00:00 0 
7f9b34021000-7f9b38000000 ---p 00000000 00:00 0 
7f9b3c000000-7f9b3c021000 rw-p 00000000 00:00 0 
7f9b3c021000-7f9b40000000 ---p 00000000 00:00 0 
7f9b40000000-7f9b40021000 rw-p 00000000 00:00 0 
7f9b40021000-7f9b44000000 ---p 00000000 00:00 0 
7f9b44000000-7f9b44021000 rw-p 00000000 00:00 0 
7f9b44021000-7f9b48000000 ---p 00000000 00:00 0 
7f9b48000000-7f9b48021000 rw-p 00000000 00:00 0 
7f9b48021000-7f9b4c000000 ---p 00000000 00:00 0 
7f9b4c000000-7f9b4c021000 rw-p 00000000 00:00 0 
7f9b4c021000-7f9b50000000 ---p 00000000 00:00 0 
7f9b50000000-7f9b50021000 rw-p 00000000 00:00 0 
7f9b50021000-7f9b54000000 ---p 00000000 00:00 0 
7f9b54000000-7f9b54034000 rw-p 00000000 00:00 0 
7f9b54034000-7f9b58000000 ---p 00000000 00:00 0 
7f9b58000000-7f9b58021000 rw-p 00000000 00:00 0 
7f9b58021000-7f9b5c000000 ---p 00000000 00:00 0 
7f9b5c000000-7f9b5c021000 rw-p 00000000 00:00 0 
7f9b5c021000-7f9b60000000 ---p 00000000 00:00 0 
7f9b60000000-7f9b60a85000 rw-p 00000000 00:00 0 
7f9b60a85000-7f9b64000000 ---p 00000000 00:00 0 
7f9b64000000-7f9b64c14000 rw-p 00000000 00:00 0 
7f9b64c14000-7f9b68000000 ---p 00000000 00:00 0 
7f9b68000000-7f9b68021000 rw-p 00000000 00:00 0 
7f9b68021000-7f9b6c000000 ---p 00000000 00:00 0 
7f9b6c000000-7f9b6c021000 rw-p 00000000 00:00 0 
7f9b6c021000-7f9b70000000 ---p 00000000 00:00 0 
7f9b70000000-7f9b712c6000 rw-p 00000000 00:00 0 
7f9b712c6000-7f9b74000000 ---p 00000000 00:00 0 
7f9b74000000-7f9b74021000 rw-p 00000000 00:00 0 
7f9b74021000-7f9b78000000 ---p 00000000 00:00 0 
7f9b78000000-7f9b78021000 rw-p 00000000 00:00 0 
7f9b78021000-7f9b7c000000 ---p 00000000 00:00 0 
7f9b7c000000-7f9b7c021000 rw-p 00000000 00:00 0 
7f9b7c021000-7f9b80000000 ---p 00000000 00:00 0 
7f9b80000000-7f9b80179000 rw-p 00000000 00:00 0 
7f9b80179000-7f9b84000000 ---p 00000000 00:00 0 
7f9b84000000-7f9b84021000 rw-p 00000000 00:00 0 
7f9b84021000-7f9b88000000 ---p 00000000 00:00 0 
7f9b88000000-7f9b88021000 rw-p 00000000 00:00 0 
7f9b88021000-7f9b8c000000 ---p 00000000 00:00 0 
7f9b8c38a000-7f9b8c38b000 ---p 00000000 00:00 0 
7f9b8c38b000-7f9b8c48c000 rw-p 00000000 00:00 0 
7f9b8c48c000-7f9b8c48d000 ---p 00000000 00:00 0 
7f9b8c48d000-7f9b8c58e000 rw-p 00000000 00:00 0 
7f9b8c58e000-7f9b8c58f000 ---p 00000000 00:00 0 
7f9b8c58f000-7f9b8c690000 rw-p 00000000 00:00 0 
7f9b8c690000-7f9b8c694000 ---p 00000000 00:00 0 
7f9b8c694000-7f9b8c791000 rw-p 00000000 00:00 0 
7f9b8c791000-7f9b8c793000 r-xp 00000000 08:05 2102602                    /usr/lib/jvm/java-11-openjdk-amd64/lib/libextnet.so
7f9b8c793000-7f9b8c992000 ---p 00002000 08:05 2102602                    /usr/lib/jvm/java-11-openjdk-amd64/lib/libextnet.so
7f9b8c992000-7f9b8c993000 r--p 00001000 08:05 2102602                    /usr/lib/jvm/java-11-openjdk-amd64/lib/libextnet.so
7f9b8c993000-7f9b8c994000 rw-p 00002000 08:05 2102602                    /usr/lib/jvm/java-11-openjdk-amd64/lib/libextnet.so
7f9b8c994000-7f9b8c995000 ---p 00000000 00:00 0 
7f9b8c995000-7f9b8ca96000 rw-p 00000000 00:00 0 
7f9b8ca96000-7f9b8ca9a000 ---p 00000000 00:00 0 
7f9b8ca9a000-7f9b8cb97000 rw-p 00000000 00:00 0 
7f9b8cb97000-7f9b8cbad000 r-xp 00000000 08:05 2102626                    /usr/lib/jvm/java-11-openjdk-amd64/lib/libnet.so
7f9b8cbad000-7f9b8cdac000 ---p 00016000 08:05 2102626                    /usr/lib/jvm/java-11-openjdk-amd64/lib/libnet.so
7f9b8cdac000-7f9b8cdad000 r--p 00015000 08:05 2102626                    /usr/lib/jvm/java-11-openjdk-amd64/lib/libnet.so
7f9b8cdad000-7f9b8cdae000 rw-p 00016000 08:05 2102626                    /usr/lib/jvm/java-11-openjdk-amd64/lib/libnet.so
7f9b8cdae000-7f9b8cdbe000 r-xp 00000000 08:05 2102627                    /usr/lib/jvm/java-11-openjdk-amd64/lib/libnio.so
7f9b8cdbe000-7f9b8cfbd000 ---p 00010000 08:05 2102627                    /usr/lib/jvm/java-11-openjdk-amd64/lib/libnio.so
7f9b8cfbd000-7f9b8cfbe000 r--p 0000f000 08:05 2102627                    /usr/lib/jvm/java-11-openjdk-amd64/lib/libnio.so
7f9b8cfbe000-7f9b8cfbf000 rw-p 00010000 08:05 2102627                    /usr/lib/jvm/java-11-openjdk-amd64/lib/libnio.so
7f9b8cfbf000-7f9b8cfc3000 ---p 00000000 00:00 0 
7f9b8cfc3000-7f9b8d0c0000 rw-p 00000000 00:00 0 
7f9b8d0c0000-7f9b8d0c4000 ---p 00000000 00:00 0 
7f9b8d0c4000-7f9b8d1c1000 rw-p 00000000 00:00 0 
7f9b8d1c1000-7f9b8d1c5000 ---p 00000000 00:00 0 
7f9b8d1c5000-7f9b8d2c2000 rw-p 00000000 00:00 0 
7f9b8d2c2000-7f9b8d2c6000 r-xp 00000000 08:05 2102601                    /usr/lib/jvm/java-11-openjdk-amd64/lib/libdt_socket.so
7f9b8d2c6000-7f9b8d4c6000 ---p 00004000 08:05 2102601                    /usr/lib/jvm/java-11-openjdk-amd64/lib/libdt_socket.so
7f9b8d4c6000-7f9b8d4c7000 r--p 00004000 08:05 2102601                    /usr/lib/jvm/java-11-openjdk-amd64/lib/libdt_socket.so
7f9b8d4c7000-7f9b8d4c8000 rw-p 00005000 08:05 2102601                    /usr/lib/jvm/java-11-openjdk-amd64/lib/libdt_socket.so
7f9b8d4c8000-7f9b8d4cc000 ---p 00000000 00:00 0 
7f9b8d4cc000-7f9b8d5c9000 rw-p 00000000 00:00 0 
7f9b8d5c9000-7f9b8d5cd000 ---p 00000000 00:00 0 
7f9b8d5cd000-7f9b8d6ca000 rw-p 00000000 00:00 0 
7f9b8d6ca000-7f9b8d6ce000 ---p 00000000 00:00 0 
7f9b8d6ce000-7f9b8d7cb000 rw-p 00000000 00:00 0 
7f9b8d7cb000-7f9b8d7cf000 ---p 00000000 00:00 0 
7f9b8d7cf000-7f9b8d8cc000 rw-p 00000000 00:00 0 
7f9b8d8cc000-7f9b8d8d0000 ---p 00000000 00:00 0 
7f9b8d8d0000-7f9b8d9cd000 rw-p 00000000 00:00 0 
7f9b8d9cd000-7f9b8d9d1000 ---p 00000000 00:00 0 
7f9b8d9d1000-7f9b8dace000 rw-p 00000000 00:00 0 
7f9b8dace000-7f9b8ddfe000 r--p 00000000 08:05 2099978                    /usr/lib/locale/locale-archive
7f9b8ddfe000-7f9b8de02000 ---p 00000000 00:00 0 
7f9b8de02000-7f9b8deff000 rw-p 00000000 00:00 0 
7f9b8deff000-7f9b8df03000 ---p 00000000 00:00 0 
7f9b8df03000-7f9b90000000 rw-p 00000000 00:00 0 
7f9b90000000-7f9b90021000 rw-p 00000000 00:00 0 
7f9b90021000-7f9b94000000 ---p 00000000 00:00 0 
7f9b940db000-7f9b940dc000 ---p 00000000 00:00 0 
7f9b940dc000-7f9b9491e000 rw-p 00000000 00:00 0 
7f9b9491e000-7f9b94a5e000 ---p 00000000 00:00 0 
7f9b94a5e000-7f9b94a5f000 ---p 00000000 00:00 0 
7f9b94a5f000-7f9b94b60000 rw-p 00000000 00:00 0 
7f9b94b60000-7f9b94b61000 ---p 00000000 00:00 0 
7f9b94b61000-7f9b95066000 rw-p 00000000 00:00 0 
7f9b95066000-7f9b95067000 ---p 00000000 00:00 0 
7f9b95067000-7f9b95168000 rw-p 00000000 00:00 0 
7f9b95168000-7f9b95169000 ---p 00000000 00:00 0 
7f9b95169000-7f9b9554a000 rw-p 00000000 00:00 0 
7f9b9554a000-7f9b9701a000 ---p 00000000 00:00 0 
7f9b9701a000-7f9b97022000 rw-p 00000000 00:00 0 
7f9b97022000-7f9b98022000 ---p 00000000 00:00 0 
7f9b98022000-7f9b98302000 rw-p 00000000 00:00 0 
7f9b98302000-7f9b99dd2000 ---p 00000000 00:00 0 
7f9b99dd2000-7f9b99dda000 rw-p 00000000 00:00 0 
7f9b99dda000-7f9b9adda000 ---p 00000000 00:00 0 
7f9b9adda000-7f9b9ae36000 rw-p 00000000 00:00 0 
7f9b9ae36000-7f9b9b190000 ---p 00000000 00:00 0 
7f9b9b190000-7f9b9b191000 rw-p 00000000 00:00 0 
7f9b9b191000-7f9b9b391000 ---p 00000000 00:00 0 
7f9b9b391000-7f9b9b3ed000 rw-p 00000000 00:00 0 
7f9b9b3ed000-7f9b9b747000 ---p 00000000 00:00 0 
7f9b9b747000-7f9b9b748000 rw-p 00000000 00:00 0 
7f9b9b748000-7f9b9b948000 ---p 00000000 00:00 0 
7f9b9b948000-7f9b9b9a4000 rw-p 00000000 00:00 0 
7f9b9b9a4000-7f9b9bcfe000 ---p 00000000 00:00 0 
7f9b9bcfe000-7f9b9bcff000 rw-p 00000000 00:00 0 
7f9b9bcff000-7f9b9beff000 ---p 00000000 00:00 0 
7f9b9beff000-7f9b9c000000 rw-p 00000000 00:00 0 
7f9b9c000000-7f9b9c021000 rw-p 00000000 00:00 0 
7f9b9c021000-7f9ba0000000 ---p 00000000 00:00 0 
7f9ba000f000-7f9ba0312000 rw-p 00000000 00:00 0 
7f9ba0312000-7f9ba0313000 ---p 00000000 00:00 0 
7f9ba0313000-7f9ba0419000 rw-p 00000000 00:00 0 
7f9ba0419000-7f9ba04ff000 ---p 00000000 00:00 0 
7f9ba04ff000-7f9ba076f000 rwxp 00000000 00:00 0 
7f9ba076f000-7f9ba0a8f000 ---p 00000000 00:00 0 
7f9ba0a8f000-7f9ba0d9f000 rwxp 00000000 00:00 0 
7f9ba0d9f000-7f9ba7fc7000 ---p 00000000 00:00 0 
7f9ba7fc7000-7f9ba8237000 rwxp 00000000 00:00 0 
7f9ba8237000-7f9baf4ff000 ---p 00000000 00:00 0 
7f9baf4ff000-7f9bb7bf2000 r--s 00000000 08:05 2102637                    /usr/lib/jvm/java-11-openjdk-amd64/lib/modules
7f9bb7bf2000-7f9bb7bf7000 r-xp 00000000 08:05 2102613                    /usr/lib/jvm/java-11-openjdk-amd64/lib/libjimage.so
7f9bb7bf7000-7f9bb7df6000 ---p 00005000 08:05 2102613                    /usr/lib/jvm/java-11-openjdk-amd64/lib/libjimage.so
7f9bb7df6000-7f9bb7df7000 r--p 00004000 08:05 2102613                    /usr/lib/jvm/java-11-openjdk-amd64/lib/libjimage.so
7f9bb7df7000-7f9bb7df8000 rw-p 00005000 08:05 2102613                    /usr/lib/jvm/java-11-openjdk-amd64/lib/libjimage.so
7f9bb7df8000-7f9bb7dff000 r-xp 00000000 08:05 2102636                    /usr/lib/jvm/java-11-openjdk-amd64/lib/libzip.so
7f9bb7dff000-7f9bb7ffe000 ---p 00007000 08:05 2102636                    /usr/lib/jvm/java-11-openjdk-amd64/lib/libzip.so
7f9bb7ffe000-7f9bb7fff000 r--p 00006000 08:05 2102636                    /usr/lib/jvm/java-11-openjdk-amd64/lib/libzip.so
7f9bb7fff000-7f9bb8000000 rw-p 00007000 08:05 2102636                    /usr/lib/jvm/java-11-openjdk-amd64/lib/libzip.so
7f9bb8000000-7f9bb8831000 rw-p 00000000 00:00 0 
7f9bb8831000-7f9bbc000000 ---p 00000000 00:00 0 
7f9bbc032000-7f9bbc039000 rw-p 00000000 00:00 0 
7f9bbc039000-7f9bbc11d000 ---p 00000000 00:00 0 
7f9bbc11d000-7f9bbc128000 r-xp 00000000 08:05 3670326                    /lib/x86_64-linux-gnu/libnss_files-2.27.so
7f9bbc128000-7f9bbc327000 ---p 0000b000 08:05 3670326                    /lib/x86_64-linux-gnu/libnss_files-2.27.so
7f9bbc327000-7f9bbc328000 r--p 0000a000 08:05 3670326                    /lib/x86_64-linux-gnu/libnss_files-2.27.so
7f9bbc328000-7f9bbc329000 rw-p 0000b000 08:05 3670326                    /lib/x86_64-linux-gnu/libnss_files-2.27.so
7f9bbc329000-7f9bbc32f000 rw-p 00000000 00:00 0 
7f9bbc32f000-7f9bbc346000 r-xp 00000000 08:05 3670323                    /lib/x86_64-linux-gnu/libnsl-2.27.so
7f9bbc346000-7f9bbc545000 ---p 00017000 08:05 3670323                    /lib/x86_64-linux-gnu/libnsl-2.27.so
7f9bbc545000-7f9bbc546000 r--p 00016000 08:05 3670323                    /lib/x86_64-linux-gnu/libnsl-2.27.so
7f9bbc546000-7f9bbc547000 rw-p 00017000 08:05 3670323                    /lib/x86_64-linux-gnu/libnsl-2.27.so
7f9bbc547000-7f9bbc549000 rw-p 00000000 00:00 0 
7f9bbc549000-7f9bbc554000 r-xp 00000000 08:05 3670328                    /lib/x86_64-linux-gnu/libnss_nis-2.27.so
7f9bbc554000-7f9bbc753000 ---p 0000b000 08:05 3670328                    /lib/x86_64-linux-gnu/libnss_nis-2.27.so
7f9bbc753000-7f9bbc754000 r--p 0000a000 08:05 3670328                    /lib/x86_64-linux-gnu/libnss_nis-2.27.so
7f9bbc754000-7f9bbc755000 rw-p 0000b000 08:05 3670328                    /lib/x86_64-linux-gnu/libnss_nis-2.27.so
7f9bbc755000-7f9bbc75d000 r-xp 00000000 08:05 3670324                    /lib/x86_64-linux-gnu/libnss_compat-2.27.so
7f9bbc75d000-7f9bbc95d000 ---p 00008000 08:05 3670324                    /lib/x86_64-linux-gnu/libnss_compat-2.27.so
7f9bbc95d000-7f9bbc95e000 r--p 00008000 08:05 3670324                    /lib/x86_64-linux-gnu/libnss_compat-2.27.so
7f9bbc95e000-7f9bbc95f000 rw-p 00009000 08:05 3670324                    /lib/x86_64-linux-gnu/libnss_compat-2.27.so
7f9bbc95f000-7f9bbc969000 r-xp 00000000 08:05 2102604                    /usr/lib/jvm/java-11-openjdk-amd64/lib/libinstrument.so
7f9bbc969000-7f9bbcb68000 ---p 0000a000 08:05 2102604                    /usr/lib/jvm/java-11-openjdk-amd64/lib/libinstrument.so
7f9bbcb68000-7f9bbcb69000 r--p 00009000 08:05 2102604                    /usr/lib/jvm/java-11-openjdk-amd64/lib/libinstrument.so
7f9bbcb69000-7f9bbcb6a000 rw-p 0000a000 08:05 2102604                    /usr/lib/jvm/java-11-openjdk-amd64/lib/libinstrument.so
7f9bbcb6a000-7f9bbcba6000 r-xp 00000000 08:05 2102612                    /usr/lib/jvm/java-11-openjdk-amd64/lib/libjdwp.so
7f9bbcba6000-7f9bbcda5000 ---p 0003c000 08:05 2102612                    /usr/lib/jvm/java-11-openjdk-amd64/lib/libjdwp.so
7f9bbcda5000-7f9bbcda6000 r--p 0003b000 08:05 2102612                    /usr/lib/jvm/java-11-openjdk-amd64/lib/libjdwp.so
7f9bbcda6000-7f9bbcda7000 rw-p 0003c000 08:05 2102612                    /usr/lib/jvm/java-11-openjdk-amd64/lib/libjdwp.so
7f9bbcda7000-7f9bbcdd0000 r-xp 00000000 08:05 2102609                    /usr/lib/jvm/java-11-openjdk-amd64/lib/libjava.so
7f9bbcdd0000-7f9bbcfcf000 ---p 00029000 08:05 2102609                    /usr/lib/jvm/java-11-openjdk-amd64/lib/libjava.so
7f9bbcfcf000-7f9bbcfd0000 r--p 00028000 08:05 2102609                    /usr/lib/jvm/java-11-openjdk-amd64/lib/libjava.so
7f9bbcfd0000-7f9bbcfd2000 rw-p 00029000 08:05 2102609                    /usr/lib/jvm/java-11-openjdk-amd64/lib/libjava.so
7f9bbcfd2000-7f9bbcfdf000 r-xp 00000000 08:05 2102635                    /usr/lib/jvm/java-11-openjdk-amd64/lib/libverify.so
7f9bbcfdf000-7f9bbd1de000 ---p 0000d000 08:05 2102635                    /usr/lib/jvm/java-11-openjdk-amd64/lib/libverify.so
7f9bbd1de000-7f9bbd1e0000 r--p 0000c000 08:05 2102635                    /usr/lib/jvm/java-11-openjdk-amd64/lib/libverify.so
7f9bbd1e0000-7f9bbd1e1000 rw-p 0000e000 08:05 2102635                    /usr/lib/jvm/java-11-openjdk-amd64/lib/libverify.so
7f9bbd1e1000-7f9bbd1e8000 r-xp 00000000 08:05 3670333                    /lib/x86_64-linux-gnu/librt-2.27.so
7f9bbd1e8000-7f9bbd3e7000 ---p 00007000 08:05 3670333                    /lib/x86_64-linux-gnu/librt-2.27.so
7f9bbd3e7000-7f9bbd3e8000 r--p 00006000 08:05 3670333                    /lib/x86_64-linux-gnu/librt-2.27.so
7f9bbd3e8000-7f9bbd3e9000 rw-p 00007000 08:05 3670333                    /lib/x86_64-linux-gnu/librt-2.27.so
7f9bbd3e9000-7f9bbd400000 r-xp 00000000 08:05 3670307                    /lib/x86_64-linux-gnu/libgcc_s.so.1
7f9bbd400000-7f9bbd5ff000 ---p 00017000 08:05 3670307                    /lib/x86_64-linux-gnu/libgcc_s.so.1
7f9bbd5ff000-7f9bbd600000 r--p 00016000 08:05 3670307                    /lib/x86_64-linux-gnu/libgcc_s.so.1
7f9bbd600000-7f9bbd601000 rw-p 00017000 08:05 3670307                    /lib/x86_64-linux-gnu/libgcc_s.so.1
7f9bbd601000-7f9bbd79e000 r-xp 00000000 08:05 3670320                    /lib/x86_64-linux-gnu/libm-2.27.so
7f9bbd79e000-7f9bbd99d000 ---p 0019d000 08:05 3670320                    /lib/x86_64-linux-gnu/libm-2.27.so
7f9bbd99d000-7f9bbd99e000 r--p 0019c000 08:05 3670320                    /lib/x86_64-linux-gnu/libm-2.27.so
7f9bbd99e000-7f9bbd99f000 rw-p 0019d000 08:05 3670320                    /lib/x86_64-linux-gnu/libm-2.27.so
7f9bbd99f000-7f9bbdb18000 r-xp 00000000 08:05 2101089                    /usr/lib/x86_64-linux-gnu/libstdc++.so.6.0.25
7f9bbdb18000-7f9bbdd18000 ---p 00179000 08:05 2101089                    /usr/lib/x86_64-linux-gnu/libstdc++.so.6.0.25
7f9bbdd18000-7f9bbdd22000 r--p 00179000 08:05 2101089                    /usr/lib/x86_64-linux-gnu/libstdc++.so.6.0.25
7f9bbdd22000-7f9bbdd24000 rw-p 00183000 08:05 2101089                    /usr/lib/x86_64-linux-gnu/libstdc++.so.6.0.25
7f9bbdd24000-7f9bbdd28000 rw-p 00000000 00:00 0 
7f9bbdd28000-7f9bbee05000 r-xp 00000000 08:05 2102961                    /usr/lib/jvm/java-11-openjdk-amd64/lib/server/libjvm.so
7f9bbee05000-7f9bbf004000 ---p 010dd000 08:05 2102961                    /usr/lib/jvm/java-11-openjdk-amd64/lib/server/libjvm.so
7f9bbf004000-7f9bbf0c1000 r--p 010dc000 08:05 2102961                    /usr/lib/jvm/java-11-openjdk-amd64/lib/server/libjvm.so
7f9bbf0c1000-7f9bbf0fb000 rw-p 01199000 08:05 2102961                    /usr/lib/jvm/java-11-openjdk-amd64/lib/server/libjvm.so
7f9bbf0fb000-7f9bbf151000 rw-p 00000000 00:00 0 
7f9bbf151000-7f9bbf16b000 r-xp 00000000 08:05 3670331                    /lib/x86_64-linux-gnu/libpthread-2.27.so
7f9bbf16b000-7f9bbf36a000 ---p 0001a000 08:05 3670331                    /lib/x86_64-linux-gnu/libpthread-2.27.so
7f9bbf36a000-7f9bbf36b000 r--p 00019000 08:05 3670331                    /lib/x86_64-linux-gnu/libpthread-2.27.so
7f9bbf36b000-7f9bbf36c000 rw-p 0001a000 08:05 3670331                    /lib/x86_64-linux-gnu/libpthread-2.27.so
7f9bbf36c000-7f9bbf370000 rw-p 00000000 00:00 0 
7f9bbf370000-7f9bbf373000 r-xp 00000000 08:05 3670319                    /lib/x86_64-linux-gnu/libdl-2.27.so
7f9bbf373000-7f9bbf572000 ---p 00003000 08:05 3670319                    /lib/x86_64-linux-gnu/libdl-2.27.so
7f9bbf572000-7f9bbf573000 r--p 00002000 08:05 3670319                    /lib/x86_64-linux-gnu/libdl-2.27.so
7f9bbf573000-7f9bbf574000 rw-p 00003000 08:05 3670319                    /lib/x86_64-linux-gnu/libdl-2.27.so
7f9bbf574000-7f9bbf590000 r-xp 00000000 08:05 3675100                    /lib/x86_64-linux-gnu/libz.so.1.2.11
7f9bbf590000-7f9bbf78f000 ---p 0001c000 08:05 3675100                    /lib/x86_64-linux-gnu/libz.so.1.2.11
7f9bbf78f000-7f9bbf790000 r--p 0001b000 08:05 3675100                    /lib/x86_64-linux-gnu/libz.so.1.2.11
7f9bbf790000-7f9bbf791000 rw-p 0001c000 08:05 3675100                    /lib/x86_64-linux-gnu/libz.so.1.2.11
7f9bbf791000-7f9bbf978000 r-xp 00000000 08:05 3670316                    /lib/x86_64-linux-gnu/libc-2.27.so
7f9bbf978000-7f9bbfb78000 ---p 001e7000 08:05 3670316                    /lib/x86_64-linux-gnu/libc-2.27.so
7f9bbfb78000-7f9bbfb7c000 r--p 001e7000 08:05 3670316                    /lib/x86_64-linux-gnu/libc-2.27.so
7f9bbfb7c000-7f9bbfb7e000 rw-p 001eb000 08:05 3670316                    /lib/x86_64-linux-gnu/libc-2.27.so
7f9bbfb7e000-7f9bbfb82000 rw-p 00000000 00:00 0 
7f9bbfb82000-7f9bbfb92000 r-xp 00000000 08:05 2102593                    /usr/lib/jvm/java-11-openjdk-amd64/lib/jli/libjli.so
7f9bbfb92000-7f9bbfd91000 ---p 00010000 08:05 2102593                    /usr/lib/jvm/java-11-openjdk-amd64/lib/jli/libjli.so
7f9bbfd91000-7f9bbfd92000 r--p 0000f000 08:05 2102593                    /usr/lib/jvm/java-11-openjdk-amd64/lib/jli/libjli.so
7f9bbfd92000-7f9bbfd93000 rw-p 00010000 08:05 2102593                    /usr/lib/jvm/java-11-openjdk-amd64/lib/jli/libjli.so
7f9bbfd93000-7f9bbfdba000 r-xp 00000000 08:05 3670044                    /lib/x86_64-linux-gnu/ld-2.27.so
7f9bbfdd5000-7f9bbfe97000 rw-p 00000000 00:00 0 
7f9bbfe97000-7f9bbfe9e000 ---p 00000000 00:00 0 
7f9bbfe9e000-7f9bbfea2000 ---p 00000000 00:00 0 
7f9bbfea2000-7f9bbffa1000 rw-p 00000000 00:00 0 
7f9bbffa5000-7f9bbffac000 r--s 00000000 08:05 2365128                    /usr/lib/x86_64-linux-gnu/gconv/gconv-modules.cache
7f9bbffac000-7f9bbffae000 r--s 00007000 08:05 2497053                    /usr/share/java/java-atk-wrapper.jar
7f9bbffae000-7f9bbffb6000 rw-s 00000000 08:05 393662                     /tmp/hsperfdata_xx63ll4/12538
7f9bbffb6000-7f9bbffb7000 ---p 00000000 00:00 0 
7f9bbffb7000-7f9bbffb8000 r--p 00000000 00:00 0 
7f9bbffb8000-7f9bbffba000 rw-p 00000000 00:00 0 
7f9bbffba000-7f9bbffbb000 r--p 00027000 08:05 3670044                    /lib/x86_64-linux-gnu/ld-2.27.so
7f9bbffbb000-7f9bbffbc000 rw-p 00028000 08:05 3670044                    /lib/x86_64-linux-gnu/ld-2.27.so
7f9bbffbc000-7f9bbffbd000 rw-p 00000000 00:00 0 
7ffe83629000-7ffe8364b000 rw-p 00000000 00:00 0                          [stack]
7ffe837ee000-7ffe837f1000 r--p 00000000 00:00 0                          [vvar]
7ffe837f1000-7ffe837f3000 r-xp 00000000 00:00 0                          [vdso]
ffffffffff600000-ffffffffff601000 r-xp 00000000 00:00 0                  [vsyscall]


VM Arguments:
jvm_args: -agentlib:jdwp=transport=dt_socket,suspend=y,address=localhost:39709 -ea -javaagent:/home/xx63ll4/.eclipse/360744286_linux_gtk_x86_64/configuration/org.eclipse.osgi/222/0/.cp/lib/javaagent-shaded.jar -Dfile.encoding=UTF-8 
java_command: org.eclipse.jdt.internal.junit.runner.RemoteTestRunner -version 3 -port 33657 -testLoaderClass org.eclipse.jdt.internal.junit5.runner.JUnit5TestLoader -loaderpluginname org.eclipse.jdt.junit5.runtime -classNames Prog2.Exercises.Exercise1.FifoLifoUnitTest
java_class_path (initial): /home/xx63ll4/PathToInfinity/2.Semester/bin:/snap/eclipse/48/plugins/org.junit.jupiter.api_5.5.1.v20190826-0900.jar:/snap/eclipse/48/plugins/org.junit.jupiter.engine_5.5.1.v20190826-0900.jar:/snap/eclipse/48/plugins/org.junit.jupiter.migrationsupport_5.5.1.v20190826-0900.jar:/snap/eclipse/48/plugins/org.junit.jupiter.params_5.5.1.v20190826-0900.jar:/snap/eclipse/48/plugins/org.junit.platform.commons_1.5.1.v20190826-0900.jar:/snap/eclipse/48/plugins/org.junit.platform.engine_1.5.1.v20190826-0900.jar:/snap/eclipse/48/plugins/org.junit.platform.launcher_1.5.1.v20190826-0900.jar:/snap/eclipse/48/plugins/org.junit.platform.runner_1.5.1.v20190826-0900.jar:/snap/eclipse/48/plugins/org.junit.platform.suite.api_1.5.1.v20190826-0900.jar:/snap/eclipse/48/plugins/org.junit.vintage.engine_5.5.1.v20190826-0900.jar:/snap/eclipse/48/plugins/org.opentest4j_1.2.0.v20190826-0900.jar:/snap/eclipse/48/plugins/org.apiguardian_1.1.0.v20190826-0900.jar:/snap/eclipse/48/plugins/org.junit_4.12.0.v201504281640/junit.jar:/snap/eclipse/48/plugins/org.hamcrest.core_1.3.0.v20180420-1519.jar:/home/xx63ll4/.eclipse/360744286_linux_gtk_x86_64/configuration/org.eclipse.osgi/221/0/.cp:/home/xx63ll4/.eclipse/360744286_linux_gtk_x86_64/configuration/org.eclipse.osgi/219/0/.cp
Launcher Type: SUN_STANDARD

[Global flags]
     intx CICompilerCount                          = 3                                         {product} {ergonomic}
     uint ConcGCThreads                            = 1                                         {product} {ergonomic}
     uint G1ConcRefinementThreads                  = 4                                         {product} {ergonomic}
   size_t G1HeapRegionSize                         = 1048576                                   {product} {ergonomic}
    uintx GCDrainStackTargetSize                   = 64                                        {product} {ergonomic}
   size_t InitialHeapSize                          = 192937984                                 {product} {ergonomic}
   size_t MarkStackSize                            = 4194304                                   {product} {ergonomic}
   size_t MaxHeapSize                              = 3068133376                                {product} {ergonomic}
   size_t MaxNewSize                               = 1840250880                                {product} {ergonomic}
   size_t MinHeapDeltaBytes                        = 1048576                                   {product} {ergonomic}
    uintx NonNMethodCodeHeapSize                   = 5830732                                {pd product} {ergonomic}
    uintx NonProfiledCodeHeapSize                  = 122913754                              {pd product} {ergonomic}
    uintx ProfiledCodeHeapSize                     = 122913754                              {pd product} {ergonomic}
    uintx ReservedCodeCacheSize                    = 251658240                              {pd product} {ergonomic}
     bool SegmentedCodeCache                       = true                                      {product} {ergonomic}
     bool UseCompressedClassPointers               = true                                 {lp64_product} {ergonomic}
     bool UseCompressedOops                        = true                                 {lp64_product} {ergonomic}
     bool UseG1GC                                  = true                                      {product} {ergonomic}

Logging:
Log output configuration:
 #0: stdout all=warning uptime,level,tags
 #1: stderr all=off uptime,level,tags

Environment Variables:
PATH=/usr/local/sbin:/usr/local/bin:/usr/sbin:/usr/bin:/sbin:/bin:/usr/games:/usr/local/games:/snap/bin
USERNAME=xx63ll4
SHELL=/bin/bash
DISPLAY=:0

Signal Handlers:
SIGSEGV: [libjvm.so+0xdf8d00], sa_mask[0]=11111111011111111101111111111110, sa_flags=SA_RESTART|SA_SIGINFO
SIGBUS: [libjvm.so+0xdf8d00], sa_mask[0]=11111111011111111101111111111110, sa_flags=SA_RESTART|SA_SIGINFO
SIGFPE: [libjvm.so+0xdf8d00], sa_mask[0]=11111111011111111101111111111110, sa_flags=SA_RESTART|SA_SIGINFO
SIGPIPE: [libjvm.so+0xbcbc30], sa_mask[0]=11111111011111111101111111111110, sa_flags=SA_RESTART|SA_SIGINFO
SIGXFSZ: [libjvm.so+0xbcbc30], sa_mask[0]=11111111011111111101111111111110, sa_flags=SA_RESTART|SA_SIGINFO
SIGILL: [libjvm.so+0xdf8d00], sa_mask[0]=11111111011111111101111111111110, sa_flags=SA_RESTART|SA_SIGINFO
SIGUSR2: [libjvm.so+0xbcbad0], sa_mask[0]=00100000000000000000000000000000, sa_flags=SA_RESTART|SA_SIGINFO
SIGHUP: [libjvm.so+0xbcbe30], sa_mask[0]=11111111011111111101111111111110, sa_flags=SA_RESTART|SA_SIGINFO
SIGINT: [libjvm.so+0xbcbe30], sa_mask[0]=11111111011111111101111111111110, sa_flags=SA_RESTART|SA_SIGINFO
SIGTERM: [libjvm.so+0xbcbe30], sa_mask[0]=11111111011111111101111111111110, sa_flags=SA_RESTART|SA_SIGINFO
SIGQUIT: [libjvm.so+0xbcbe30], sa_mask[0]=11111111011111111101111111111110, sa_flags=SA_RESTART|SA_SIGINFO


---------------  S Y S T E M  ---------------

OS:DISTRIB_ID=Ubuntu
DISTRIB_RELEASE=18.04
DISTRIB_CODENAME=bionic
DISTRIB_DESCRIPTION="Ubuntu 18.04.4 LTS"
uname:Linux 4.15.0-111-generic #112-Ubuntu SMP Thu Jul 9 20:32:34 UTC 2020 x86_64
OS uptime: 5 days 0:16 hours
libc:glibc 2.27 NPTL 2.27 
rlimit: STACK 8192k, CORE 0k, NPROC 46619, NOFILE 1048576, AS infinity, CPU infinity, DATA infinity, FSIZE infinity
load average:1,37 1,10 1,01

/proc/meminfo:
MemTotal:       11979564 kB
MemFree:         1308192 kB
MemAvailable:    6949748 kB
Buffers:          363400 kB
Cached:          5863672 kB
SwapCached:            0 kB
Active:          8369276 kB
Inactive:        1668288 kB
Active(anon):    3818540 kB
Inactive(anon):   629736 kB
Active(file):    4550736 kB
Inactive(file):  1038552 kB
Unevictable:         224 kB
Mlocked:             224 kB
SwapTotal:       2097148 kB
SwapFree:        2096556 kB
Dirty:              1580 kB
Writeback:           100 kB
AnonPages:       3809196 kB
Mapped:          1020664 kB
Shmem:            637792 kB
Slab:             446656 kB
SReclaimable:     370856 kB
SUnreclaim:        75800 kB
KernelStack:       18052 kB
PageTables:        65932 kB
NFS_Unstable:          0 kB
Bounce:                0 kB
WritebackTmp:          0 kB
CommitLimit:     8086928 kB
Committed_AS:   10867324 kB
VmallocTotal:   34359738367 kB
VmallocUsed:           0 kB
VmallocChunk:          0 kB
HardwareCorrupted:     0 kB
AnonHugePages:         0 kB
ShmemHugePages:        0 kB
ShmemPmdMapped:        0 kB
CmaTotal:              0 kB
CmaFree:               0 kB
HugePages_Total:       0
HugePages_Free:        0
HugePages_Rsvd:        0
HugePages_Surp:        0
Hugepagesize:       2048 kB
DirectMap4k:      365292 kB
DirectMap2M:    10848256 kB
DirectMap1G:     2097152 kB


/proc/sys/kernel/threads-max (system-wide limit on the number of threads):
93239


/proc/sys/vm/max_map_count (maximum number of memory map areas a process may have):
65530


/proc/sys/kernel/pid_max (system-wide limit on number of process identifiers):
32768



container (cgroup) information:
container_type: cgroupv1
cpu_cpuset_cpus: 0-3
cpu_memory_nodes: 0
active_processor_count: 4
cpu_quota: -1
cpu_period: 100000
cpu_shares: -1
memory_limit_in_bytes: -1
memory_and_swap_limit_in_bytes: -2
memory_soft_limit_in_bytes: -1
memory_usage_in_bytes: 10279489536
memory_max_usage_in_bytes: 0

Steal ticks since vm start: 0
Steal ticks percentage since vm start:  0,000

CPU:total 4 (initial active 4) (2 cores per cpu, 2 threads per core) family 6 model 69 stepping 1, cmov, cx8, fxsr, mmx, sse, sse2, sse3, ssse3, sse4.1, sse4.2, popcnt, avx, avx2, aes, clmul, erms, lzcnt, ht, tsc, tscinvbit, bmi1, bmi2, fma
CPU Model and flags from /proc/cpuinfo:
model name	: Intel(R) Core(TM) i7-4600U CPU @ 2.10GHz
flags		: fpu vme de pse tsc msr pae mce cx8 apic sep mtrr pge mca cmov pat pse36 clflush dts acpi mmx fxsr sse sse2 ss ht tm pbe syscall nx pdpe1gb rdtscp lm constant_tsc arch_perfmon pebs bts rep_good nopl xtopology nonstop_tsc cpuid aperfmperf pni pclmulqdq dtes64 monitor ds_cpl vmx smx est tm2 ssse3 sdbg fma cx16 xtpr pdcm pcid sse4_1 sse4_2 x2apic movbe popcnt tsc_deadline_timer aes xsave avx f16c rdrand lahf_lm abm cpuid_fault epb invpcid_single pti ssbd ibrs ibpb stibp tpr_shadow vnmi flexpriority ept vpid fsgsbase tsc_adjust bmi1 avx2 smep bmi2 erms invpcid xsaveopt dtherm ida arat pln pts md_clear flush_l1d

Memory: 4k page, physical 11979564k(1307944k free), swap 2097148k(2096556k free)

vm_info: OpenJDK 64-Bit Server VM (11.0.7+10-post-Ubuntu-2ubuntu218.04) for linux-amd64 JRE (11.0.7+10-post-Ubuntu-2ubuntu218.04), built on Apr 15 2020 21:12:54 by "unknown" with gcc 7.5.0

END.
